Test project /afs/.pdc.kth.se/pdc/vol/ROOT/roottest/test_here
        Start  44: test-stressgeometry
        Start  46: test-stresslinear
        Start  48: test-stressgraphics
        Start  60: test-stressfit
        Start  62: test-stressentrylist
        Start 366: roottest-cling-array-runarray1
        Start 368: roottest-cling-bytecode-runcomplex
        Start 369: roottest-cling-bytecode-runhenry
  1/1070 Test #368: roottest-cling-bytecode-runcomplex ............................................................***Failed    1.41 sec
  2/1070 Test #369: roottest-cling-bytecode-runhenry ..............................................................***Failed    1.41 sec
        Start 370: roottest-cling-const-run1
        Start 371: roottest-cling-const-run2
  3/1070 Test  #60: test-stressfit ................................................................................***Failed  Error regular expression found in output. Regex=[FAILED|Error in]  1.92 sec
  4/1070 Test #366: roottest-cling-array-runarray1 ................................................................***Failed    1.92 sec
        Start  61: test-stressfit-interpreted
        Start 373: roottest-cling-controls-runLoopbreak
  5/1070 Test #370: roottest-cling-const-run1 .....................................................................***Failed    0.71 sec
  6/1070 Test #373: roottest-cling-controls-runLoopbreak ..........................................................***Failed    0.57 sec
  7/1070 Test #371: roottest-cling-const-run2 .....................................................................***Failed    1.18 sec
        Start 374: roottest-cling-dict-rundefaultargs-interpreted
        Start 375: roottest-cling-dict-rundefaultargs-compiled
        Start 376: roottest-cling-dict-runtemplateAutodict
  8/1070 Test  #62: test-stressentrylist ..........................................................................***Failed  Error regular expression found in output. Regex=[FAILED|Error in]  2.89 sec
        Start  63: test-stressentrylist-interpreted
  9/1070 Test #374: roottest-cling-dict-rundefaultargs-interpreted ................................................***Failed    0.89 sec
 10/1070 Test  #61: test-stressfit-interpreted ....................................................................***Failed  Error regular expression found in output. Regex=[FAILED|Error in]  1.67 sec
 11/1070 Test #375: roottest-cling-dict-rundefaultargs-compiled ...................................................***Failed    1.09 sec
 12/1070 Test #376: roottest-cling-dict-runtemplateAutodict .......................................................***Failed    1.18 sec
        Start 377: roottest-cling-dict-runoperators
        Start 378: roottest-cling-dict-runalgebra
        Start 379: roottest-cling-dict-exectemplatetemplateTest
        Start 381: roottest-cling-function-TheClass-build
 13/1070 Test #377: roottest-cling-dict-runoperators ..............................................................***Failed    0.91 sec
 14/1070 Test #378: roottest-cling-dict-runalgebra ................................................................***Failed    1.01 sec
 15/1070 Test #381: roottest-cling-function-TheClass-build ........................................................***Failed  Error regular expression found in output. Regex=[Warning in]  1.20 sec
 16/1070 Test #379: roottest-cling-dict-exectemplatetemplateTest ..................................................***Failed    1.20 sec
        Start 382: roottest-cling-function-runoverloadResolution
        Start 386: roottest-cling-function-runstaticfunc
        Start 387: roottest-cling-function-refFunction-build
        Start 388: roottest-cling-function-refClasses-build
 17/1070 Test #387: roottest-cling-function-refFunction-build .....................................................***Failed  Error regular expression found in output. Regex=[Warning in]  0.79 sec
        Start 389: roottest-cling-functionTemplate-t-build
 18/1070 Test #382: roottest-cling-function-runoverloadResolution .................................................***Failed    0.89 sec
 19/1070 Test  #63: test-stressentrylist-interpreted ..............................................................***Failed  Error regular expression found in output. Regex=[FAILED|Error in]  2.71 sec
 20/1070 Test #388: roottest-cling-function-refClasses-build ......................................................***Failed  Error regular expression found in output. Regex=[Warning in]  1.09 sec
 21/1070 Test #386: roottest-cling-function-runstaticfunc .........................................................***Failed    1.09 sec
        Start 391: roottest-cling-functionTemplate-MyClassReferenceUse-build
        Start 393: roottest-cling-functionTemplate-testcint
        Start 394: roottest-cling-offset-interpreted
        Start 395: roottest-cling-offset-runvbase-build
 22/1070 Test #389: roottest-cling-functionTemplate-t-build .......................................................***Failed  Error regular expression found in output. Regex=[Warning in]  1.11 sec
        Start 390: roottest-cling-functionTemplate-cintrun
 23/1070 Test #395: roottest-cling-offset-runvbase-build ..........................................................***Failed  Error regular expression found in output. Regex=[Warning in]  0.90 sec
 24/1070 Test #391: roottest-cling-functionTemplate-MyClassReferenceUse-build .....................................***Failed  Error regular expression found in output. Regex=[Warning in]  1.21 sec
 25/1070 Test #390: roottest-cling-functionTemplate-cintrun .......................................................***Failed    0.60 sec
        Start 392: roottest-cling-functionTemplate-runreferenceuse
        Start 396: roottest-cling-offset-compiled
        Start 397: roottest-cling-operator-equal-build
 26/1070 Test #393: roottest-cling-functionTemplate-testcint ......................................................***Failed    1.38 sec
 27/1070 Test #394: roottest-cling-offset-interpreted .............................................................***Failed    1.38 sec
 28/1070 Test  #46: test-stresslinear .............................................................................***Failed  Error regular expression found in output. Regex=[FAILED|Error in]  7.89 sec
        Start  47: test-stresslinear-interpreted
        Start 399: roottest-cling-operator-ParanTest
        Start 400: roottest-cling-operator-ConversionOp-build
 29/1070 Test #392: roottest-cling-functionTemplate-runreferenceuse ...............................................***Failed    1.03 sec
 30/1070 Test #397: roottest-cling-operator-equal-build ...........................................................***Failed  Error regular expression found in output. Regex=[Warning in]  1.02 sec
        Start 398: roottest-cling-operator-runEqualTest
        Start 402: roottest-cling-other-fileClose-build
 31/1070 Test #396: roottest-cling-offset-compiled ................................................................***Failed    1.24 sec
 32/1070 Test #399: roottest-cling-operator-ParanTest .............................................................***Failed    1.16 sec
        Start 404: roottest-cling-other-testCompile-build
        Start 406: roottest-cling-other-runsprintfselect
 33/1070 Test #400: roottest-cling-operator-ConversionOp-build ....................................................***Failed  Error regular expression found in output. Regex=[Warning in]  1.37 sec
 34/1070 Test #402: roottest-cling-other-fileClose-build ..........................................................***Failed  Error regular expression found in output. Regex=[Warning in]  0.81 sec
 35/1070 Test #398: roottest-cling-operator-runEqualTest ..........................................................***Failed    0.82 sec
        Start 403: roottest-cling-other-runfileClose
        Start 407: roottest-cling-other-staticConstTest
        Start 412: roottest-cling-parsing-runlessThan
 36/1070 Test #404: roottest-cling-other-testCompile-build ........................................................***Failed  Error regular expression found in output. Regex=[Warning in]  0.91 sec
 37/1070 Test #406: roottest-cling-other-runsprintfselect .........................................................***Failed    0.91 sec
        Start 405: roottest-cling-other-runsavannah54662
        Start 417: roottest-cling-parsing-runReadbool
 38/1070 Test #403: roottest-cling-other-runfileClose .............................................................***Failed    0.81 sec
 39/1070 Test #407: roottest-cling-other-staticConstTest ..........................................................***Failed    0.81 sec
 40/1070 Test #412: roottest-cling-parsing-runlessThan ............................................................***Failed    1.01 sec
        Start 418: roottest-cling-parsing-ptrconst
        Start 421: roottest-cling-parsing-assertManipulators
        Start 422: roottest-cling-parsing-assertSpaces
 41/1070 Test #405: roottest-cling-other-runsavannah54662 .........................................................***Failed    0.91 sec
 42/1070 Test #417: roottest-cling-parsing-runReadbool ............................................................***Failed    1.11 sec
        Start 423: roottest-cling-parsing-execROOT6625
        Start 424: roottest-cling-preproc-runCPPComments
 43/1070 Test #418: roottest-cling-parsing-ptrconst ...............................................................***Failed    0.92 sec
 44/1070 Test #422: roottest-cling-parsing-assertSpaces ...........................................................***Failed    0.92 sec
 45/1070 Test #421: roottest-cling-parsing-assertManipulators .....................................................***Failed    1.12 sec
        Start 425: roottest-cling-printf-star
        Start 427: roottest-cling-reload-reloadvector
        Start 430: roottest-cling-return-barna
 46/1070 Test #424: roottest-cling-preproc-runCPPComments .........................................................***Failed    1.02 sec
        Start 432: roottest-cling-specialobj-assertGPad
 47/1070 Test #423: roottest-cling-parsing-execROOT6625 ...........................................................***Failed    1.22 sec
 48/1070 Test #430: roottest-cling-return-barna ...................................................................***Failed    0.90 sec
 49/1070 Test #427: roottest-cling-reload-reloadvector ............................................................***Failed    0.91 sec
 50/1070 Test #425: roottest-cling-printf-star ....................................................................***Failed    1.01 sec
        Start 436: roottest-cling-specialobj-runf02
        Start 437: roottest-cling-stack-tbox
        Start 441: roottest-cling-staticinit-ROOT-7775
        Start 444: roottest-cling-stl-default-VectorSort
 51/1070 Test #432: roottest-cling-specialobj-assertGPad ..........................................................***Failed    1.01 sec
        Start 448: roottest-cling-stl-map-MyOpClass-build
 52/1070 Test #437: roottest-cling-stack-tbox .....................................................................***Failed    0.91 sec
 53/1070 Test #441: roottest-cling-staticinit-ROOT-7775 ...........................................................***Failed    1.01 sec
 54/1070 Test #436: roottest-cling-specialobj-runf02 ..............................................................***Failed    1.01 sec
        Start 450: roottest-cling-stl-map-stringMapLoad-build
        Start 452: roottest-cling-stl-map-MyClass-build
        Start 455: roottest-cling-stl-string-t01-build
 55/1070 Test #444: roottest-cling-stl-default-VectorSort .........................................................***Failed    1.21 sec
 56/1070 Test #448: roottest-cling-stl-map-MyOpClass-build ........................................................***Failed  Error regular expression found in output. Regex=[Warning in]  1.01 sec
        Start 449: roottest-cling-stl-map-badOperator
        Start 457: roottest-cling-stl-vector-t01-build
 57/1070 Test #450: roottest-cling-stl-map-stringMapLoad-build ....................................................***Failed  Error regular expression found in output. Regex=[Warning in]  0.71 sec
 58/1070 Test #455: roottest-cling-stl-string-t01-build ...........................................................***Failed  Error regular expression found in output. Regex=[Warning in]  0.72 sec
 59/1070 Test #452: roottest-cling-stl-map-MyClass-build ..........................................................***Failed  Error regular expression found in output. Regex=[Warning in]  0.92 sec
        Start 451: roottest-cling-stl-map-stringMap
        Start 453: roottest-cling-stl-map-badstringMap
        Start 456: roottest-cling-stl-string-stringPassingText
 60/1070 Test #457: roottest-cling-stl-vector-t01-build ...........................................................***Failed  Error regular expression found in output. Regex=[Warning in]  0.82 sec
 61/1070 Test #449: roottest-cling-stl-map-badOperator ............................................................***Failed    0.92 sec
        Start 460: roottest-cling-template-longlong-build
        Start 462: roottest-cling-template-Singleton-build
 62/1070 Test #456: roottest-cling-stl-string-stringPassingText ...................................................***Failed    0.67 sec
 63/1070 Test #453: roottest-cling-stl-map-badstringMap ...........................................................***Failed    0.82 sec
 64/1070 Test #460: roottest-cling-template-longlong-build ........................................................***Failed  Error regular expression found in output. Regex=[Warning in]  0.48 sec
 65/1070 Test #451: roottest-cling-stl-map-stringMap ..............................................................***Failed    1.09 sec
        Start 461: roottest-cling-template-longlong
        Start 469: roottest-cling-template-usingtemplate-build
        Start 471: roottest-cling-template-templatefriend-build
        Start 475: roottest-cling-template-defaultTemplateParam
 66/1070 Test #462: roottest-cling-template-Singleton-build .......................................................***Failed  Error regular expression found in output. Regex=[Warning in]  0.79 sec
 67/1070 Test  #47: test-stresslinear-interpreted .................................................................***Failed  Error regular expression found in output. Regex=[FAILED|Error in]  9.17 sec
        Start 463: roottest-cling-template-templateSingleton
        Start 478: roottest-cling-templateMembers-duplicate-build
 68/1070 Test #471: roottest-cling-template-templatefriend-build ..................................................***Failed  Error regular expression found in output. Regex=[Warning in]  1.02 sec
 69/1070 Test #469: roottest-cling-template-usingtemplate-build ...................................................***Failed  Error regular expression found in output. Regex=[Warning in]  1.12 sec
 70/1070 Test #463: roottest-cling-template-templateSingleton .....................................................***Failed    0.60 sec
        Start 470: roottest-cling-template-runusingtemplate
        Start 472: roottest-cling-template-runtemplatefriend
        Start 480: roottest-cling-templateMembers-operatorEqual-build
 71/1070 Test #461: roottest-cling-template-longlong ..............................................................***Failed    1.23 sec
 72/1070 Test #475: roottest-cling-template-defaultTemplateParam ..................................................***Failed    1.62 sec
 73/1070 Test #478: roottest-cling-templateMembers-duplicate-build ................................................***Failed  Error regular expression found in output. Regex=[Warning in]  1.01 sec
        Start 479: roottest-cling-templateMembers-runduplicate
        Start 482: roottest-cling-templateMembers-constructor-build
        Start 485: roottest-cling-typedef-vclass-build
 74/1070 Test #470: roottest-cling-template-runusingtemplate ......................................................***Failed    0.82 sec
 75/1070 Test #480: roottest-cling-templateMembers-operatorEqual-build ............................................***Failed  Error regular expression found in output. Regex=[Warning in]  0.81 sec
 76/1070 Test #472: roottest-cling-template-runtemplatefriend .....................................................***Failed    1.02 sec
        Start 481: roottest-cling-templateMembers-runoperatorEqual
        Start 487: roottest-cling-typedef-testclass-build
        Start 489: roottest-cling-typedef-assertTypedefIter
 77/1070 Test #485: roottest-cling-typedef-vclass-build ...........................................................***Failed  Error regular expression found in output. Regex=[Warning in]  1.11 sec
        Start 490: roottest-cling-typedef-assertFuncArray
 78/1070 Test #479: roottest-cling-templateMembers-runduplicate ...................................................***Failed    1.22 sec
 79/1070 Test #482: roottest-cling-templateMembers-constructor-build ..............................................***Failed  Error regular expression found in output. Regex=[Warning in]  1.22 sec
 80/1070 Test #487: roottest-cling-typedef-testclass-build ........................................................***Failed  Error regular expression found in output. Regex=[Warning in]  0.91 sec
 81/1070 Test #481: roottest-cling-templateMembers-runoperatorEqual ...............................................***Failed    1.01 sec
        Start 483: roottest-cling-templateMembers-runConstructor
        Start 488: roottest-cling-typedef-testclass
        Start 495: roottest-python-basic-basic
        Start 497: roottest-python-basic-operator
 82/1070 Test #490: roottest-cling-typedef-assertFuncArray ........................................................***Failed    0.64 sec
 83/1070 Test #483: roottest-cling-templateMembers-runConstructor .................................................***Failed    0.70 sec
        Start 498: roottest-python-basic-overload
        Start 499: roottest-python-cling-api
 84/1070 Test #489: roottest-cling-typedef-assertTypedefIter ......................................................***Failed    2.43 sec
 85/1070 Test #488: roottest-cling-typedef-testclass ..............................................................***Failed    1.30 sec
        Start 500: roottest-python-cling-class
        Start 501: roottest-python-cling-cling
 86/1070 Test #499: roottest-python-cling-api .....................................................................***Failed    1.11 sec
        Start 502: roottest-python-cmdLineUtils-SimplePattern1
 87/1070 Test #497: roottest-python-basic-operator ................................................................***Failed    2.15 sec
 88/1070 Test #500: roottest-python-cling-class ...................................................................***Failed    1.41 sec
        Start 503: roottest-python-cmdLineUtils-SimplePattern2
        Start 504: roottest-python-cmdLineUtils-SimplePattern3
 89/1070 Test #501: roottest-python-cling-cling ...................................................................***Failed    1.41 sec
 90/1070 Test #495: roottest-python-basic-basic ...................................................................***Failed    3.20 sec
 91/1070 Test #502: roottest-python-cmdLineUtils-SimplePattern1 ...................................................***Failed    1.20 sec
        Start 505: roottest-python-cmdLineUtils-SimpleRootls1
        Start 506: roottest-python-cmdLineUtils-SimpleRootls2
        Start 507: roottest-python-cmdLineUtils-SimpleRootls3
 92/1070 Test #498: roottest-python-basic-overload ................................................................***Failed    2.83 sec
        Start 508: roottest-python-cmdLineUtils-SimpleRootls4
 93/1070 Test #503: roottest-python-cmdLineUtils-SimplePattern2 ...................................................***Failed    1.32 sec
 94/1070 Test #504: roottest-python-cmdLineUtils-SimplePattern3 ...................................................***Failed    1.62 sec
 95/1070 Test #505: roottest-python-cmdLineUtils-SimpleRootls1 ....................................................***Failed    1.16 sec
 96/1070 Test #506: roottest-python-cmdLineUtils-SimpleRootls2 ....................................................***Failed    1.16 sec
        Start 509: roottest-python-cmdLineUtils-LongRootls1
        Start 510: roottest-python-cmdLineUtils-LongRootls2
        Start 511: roottest-python-cmdLineUtils-LongRootls3
        Start 512: roottest-python-cmdLineUtils-LongRootls4
 97/1070 Test #507: roottest-python-cmdLineUtils-SimpleRootls3 ....................................................***Failed    1.30 sec
        Start 513: roottest-python-cmdLineUtils-WebRootls1
 98/1070 Test #508: roottest-python-cmdLineUtils-SimpleRootls4 ....................................................***Failed    1.50 sec
 99/1070 Test #509: roottest-python-cmdLineUtils-LongRootls1 ......................................................***Failed    1.28 sec
100/1070 Test #510: roottest-python-cmdLineUtils-LongRootls2 ......................................................***Failed    1.26 sec
        Start 514: roottest-python-cmdLineUtils-WebRootls2
        Start 515: roottest-python-cmdLineUtils-TreeRootls1
        Start 583: roottest-python-function-function
101/1070 Test #511: roottest-python-cmdLineUtils-LongRootls3 ......................................................***Failed    1.36 sec
102/1070 Test #512: roottest-python-cmdLineUtils-LongRootls4 ......................................................***Failed    1.75 sec
        Start 584: roottest-python-memory-memory
        Start 585: roottest-python-pickle-write
103/1070 Test #513: roottest-python-cmdLineUtils-WebRootls1 .......................................................***Failed    1.34 sec
104/1070 Test #515: roottest-python-cmdLineUtils-TreeRootls1 ......................................................***Failed    1.30 sec
        Start 587: roottest-python-pythonizations-pythonizations
        Start 592: roottest-python-ttree-ttree
105/1070 Test #583: roottest-python-function-function .............................................................***Failed    2.11 sec
106/1070 Test #514: roottest-python-cmdLineUtils-WebRootls2 .......................................................***Failed    2.31 sec
107/1070 Test #584: roottest-python-memory-memory .................................................................***Failed    2.00 sec
        Start 593: roottest-root-aclic-withspace-runthetest
        Start 595: roottest-root-aclic-load-autoloadtest-build
        Start 598: roottest-root-aclic-load-linktest
108/1070 Test #585: roottest-python-pickle-write ..................................................................***Failed    2.53 sec
        Start 586: roottest-python-pickle-read
109/1070 Test #592: roottest-python-ttree-ttree ...................................................................***Failed    2.55 sec
110/1070 Test #595: roottest-root-aclic-load-autoloadtest-build ...................................................***Failed  Error regular expression found in output. Regex=[Warning in]  1.22 sec
111/1070 Test #593: roottest-root-aclic-withspace-runthetest ......................................................***Failed    1.23 sec
        Start 596: roottest-root-aclic-load-autoload
        Start 599: roottest-root-aclic-load-MyClass-build
        Start 601: roottest-root-aclic-misc-runrelpath
112/1070 Test #587: roottest-python-pythonizations-pythonizations .................................................***Failed    2.66 sec
113/1070 Test #598: roottest-root-aclic-load-linktest .............................................................***Failed    1.33 sec
        Start 602: roottest-root-aclic-misc-assertmyfun
        Start 603: roottest-root-aclic-misc-assertROOT7027
114/1070 Test #586: roottest-python-pickle-read ...................................................................***Failed    1.41 sec
115/1070 Test #599: roottest-root-aclic-load-MyClass-build ........................................................***Failed  Error regular expression found in output. Regex=[Warning in]  1.11 sec
        Start 604: roottest-root-aclic-offset-TOffset-build
        Start 605: roottest-root-collection-runCATTreeClear-auto
116/1070 Test #596: roottest-root-aclic-load-autoload .............................................................***Failed    1.33 sec
        Start 600: roottest-root-aclic-load-autoloadNamespace
117/1070 Test #602: roottest-root-aclic-misc-assertmyfun ..........................................................***Failed    1.53 sec
118/1070 Test #604: roottest-root-aclic-offset-TOffset-build ......................................................***Failed  Error regular expression found in output. Regex=[Warning in]  0.91 sec
119/1070 Test #605: roottest-root-collection-runCATTreeClear-auto .................................................***Failed    1.23 sec
        Start 606: roottest-root-collection-runTMap-auto
        Start 607: roottest-root-collection-runtbits-auto
        Start 608: roottest-root-collection-execRangeExpression-auto
120/1070 Test #600: roottest-root-aclic-load-autoloadNamespace ....................................................***Failed    0.83 sec
        Start 609: roottest-root-collection-execTClonesArrayAbsorb-auto
121/1070 Test #606: roottest-root-collection-runTMap-auto .........................................................***Failed    1.11 sec
        Start 610: roottest-root-collection-execHistArray-auto
122/1070 Test #608: roottest-root-collection-execRangeExpression-auto .............................................***Failed    1.51 sec
123/1070 Test #609: roottest-root-collection-execTClonesArrayAbsorb-auto ..........................................***Failed    0.91 sec
124/1070 Test #601: roottest-root-aclic-misc-runrelpath ...........................................................***Failed    4.37 sec
        Start 611: roottest-root-collection-execMissing
        Start 612: roottest-root-collection-runTExMap
        Start 613: roottest-root-core-TEnv
125/1070 Test #607: roottest-root-collection-runtbits-auto ........................................................***Failed    1.92 sec
        Start 614: roottest-root-fit-linear-runstoring
126/1070 Test #610: roottest-root-collection-execHistArray-auto ...................................................***Failed    1.51 sec
127/1070 Test #613: roottest-root-core-TEnv .......................................................................***Failed    1.31 sec
        Start 617: roottest-root-hist-h2root
        Start 618: roottest-root-hist-division-runtestTEfficiency
128/1070 Test #611: roottest-root-collection-execMissing ..........................................................***Failed    1.52 sec
129/1070 Test #612: roottest-root-collection-runTExMap ............................................................***Failed    1.89 sec
        Start 619: roottest-root-hist-formula-assertTernary
        Start 620: roottest-root-hist-formula-execGetExp
130/1070 Test #614: roottest-root-fit-linear-runstoring ...........................................................***Failed    1.59 sec
131/1070 Test #617: roottest-root-hist-h2root .....................................................................***Failed    0.99 sec
132/1070 Test #620: roottest-root-hist-formula-execGetExp .........................................................***Failed    0.59 sec
        Start 621: roottest-root-hist-formula-runconstargs
        Start 623: roottest-root-hist-formula-runrecurse
        Start 624: roottest-root-hist-formula-runstring
133/1070 Test #603: roottest-root-aclic-misc-assertROOT7027 .......................................................***Failed    6.55 sec
134/1070 Test #619: roottest-root-hist-formula-assertTernary ......................................................***Failed    0.79 sec
        Start 625: roottest-root-hist-misc-runownership
        Start 627: roottest-root-hist-operator-runcopy
135/1070 Test #621: roottest-root-hist-formula-runconstargs .......................................................***Failed    1.10 sec
136/1070 Test #623: roottest-root-hist-formula-runrecurse .........................................................***Failed    1.10 sec
137/1070 Test #624: roottest-root-hist-formula-runstring ..........................................................***Failed    1.10 sec
        Start 628: roottest-root-hist-operator-runProjections
        Start 629: roottest-root-hist-operator-runsparse
        Start 630: roottest-root-hist-profile-runcopy
138/1070 Test  #48: test-stressgraphics ...........................................................................***Failed  Error regular expression found in output. Regex=[FAILED|Error in] 38.14 sec
139/1070 Test #627: roottest-root-hist-operator-runcopy ...........................................................***Failed    1.11 sec
        Start  49: test-stressgraphics-interpreted
        Start 633: roottest-root-html-runMakeIndex
140/1070 Test #625: roottest-root-hist-misc-runownership ..........................................................***Failed    1.24 sec
141/1070 Test #628: roottest-root-hist-operator-runProjections ....................................................***Failed    1.03 sec
142/1070 Test #630: roottest-root-hist-profile-runcopy ............................................................***Failed    1.03 sec
        Start 643: roottest-root-io-complex-writecomplex
        Start 687: roottest-root-io-transient-execAtomTransient
        Start 688: roottest-root-io-transient-execDoxygenTransient
143/1070 Test #629: roottest-root-hist-operator-runsparse .........................................................***Failed    1.64 sec
        Start 689: roottest-root-io-transient-execDoxygenTransientInterp
144/1070 Test #618: roottest-root-hist-division-runtestTEfficiency ................................................***Failed    4.33 sec
145/1070 Test #687: roottest-root-io-transient-execAtomTransient ..................................................***Failed    1.18 sec
146/1070 Test #688: roottest-root-io-transient-execDoxygenTransient ...............................................***Failed    1.18 sec
        Start 690: roottest-root-io-transient-execOld
        Start 694: roottest-root-io-transient-base-WriteFile
        Start 720: roottest-root-meta-execpragmasTest
147/1070 Test #643: roottest-root-io-complex-writecomplex .........................................................***Failed    2.00 sec
        Start 644: roottest-root-io-complex-readcomplex
148/1070 Test #689: roottest-root-io-transient-execDoxygenTransientInterp .........................................***Failed    1.49 sec
149/1070 Test #694: roottest-root-io-transient-base-WriteFile .....................................................***Failed    1.31 sec
        Start 695: roottest-root-io-transient-base-hadd_autoload
        Start 723: roottest-root-meta-fornamespace-build
150/1070 Test #720: roottest-root-meta-execpragmasTest ............................................................***Failed    1.31 sec
151/1070 Test #690: roottest-root-io-transient-execOld ............................................................***Failed    1.32 sec
152/1070 Test  #44: test-stressgeometry ...........................................................................***Failed  Error regular expression found in output. Regex=[FAILED|Error in] 41.58 sec
        Start  45: test-stressgeometry-interpreted
        Start 691: roottest-root-io-transient-execNew
        Start 724: roottest-root-meta-ANSTmpltInt-build
153/1070 Test #695: roottest-root-io-transient-base-hadd_autoload .................................................***Failed    0.93 sec
154/1070 Test #723: roottest-root-meta-fornamespace-build .........................................................***Failed  Error regular expression found in output. Regex=[Warning in]  1.13 sec
        Start 725: roottest-root-meta-TmpltInt0-build
        Start 726: roottest-root-meta-TmpltInt1-build
155/1070 Test #644: roottest-root-io-complex-readcomplex ..........................................................***Failed    1.95 sec
156/1070 Test #724: roottest-root-meta-ANSTmpltInt-build ..........................................................***Failed  Error regular expression found in output. Regex=[Warning in]  1.02 sec
157/1070 Test #691: roottest-root-io-transient-execNew ............................................................***Failed    1.07 sec
        Start 727: roottest-root-meta-TmpltFloat-build
        Start 728: roottest-root-meta-TmpltNoSpec-build
        Start 729: roottest-root-meta-Event-build
158/1070 Test #725: roottest-root-meta-TmpltInt0-build ............................................................***Failed  Error regular expression found in output. Regex=[Warning in]  1.19 sec
159/1070 Test #726: roottest-root-meta-TmpltInt1-build ............................................................***Failed  Error regular expression found in output. Regex=[Warning in]  1.18 sec
        Start 751: roottest-root-meta-drawing
        Start 753: roottest-root-meta-MakeProject-runatlasaod
160/1070 Test #727: roottest-root-meta-TmpltFloat-build ...........................................................***Failed  Error regular expression found in output. Regex=[Warning in]  1.52 sec
161/1070 Test #728: roottest-root-meta-TmpltNoSpec-build ..........................................................***Failed  Error regular expression found in output. Regex=[Warning in]  1.51 sec
162/1070 Test #729: roottest-root-meta-Event-build ................................................................***Failed  Error regular expression found in output. Regex=[Warning in]  1.51 sec
        Start 730: roottest-root-meta-runGetMissingDictionaries-auto
        Start 731: roottest-root-meta-runInterpClassDef-auto
        Start 732: roottest-root-meta-runInterpreterValue-auto
163/1070 Test #751: roottest-root-meta-drawing ....................................................................***Failed    1.31 sec
        Start 733: roottest-root-meta-runMemberComments-auto
164/1070 Test #732: roottest-root-meta-runInterpreterValue-auto ...................................................***Failed    1.20 sec
165/1070 Test #731: roottest-root-meta-runInterpClassDef-auto .....................................................***Failed    1.31 sec
        Start 734: roottest-root-meta-runSignalSlots-auto
        Start 735: roottest-root-meta-runTEnum-auto
166/1070 Test #730: roottest-root-meta-runGetMissingDictionaries-auto .............................................***Failed    1.41 sec
167/1070 Test #733: roottest-root-meta-runMemberComments-auto .....................................................***Failed    1.01 sec
        Start 736: roottest-root-meta-runautoload-auto
        Start 737: roottest-root-meta-runmissingInfo-auto
168/1070 Test #735: roottest-root-meta-runTEnum-auto ..............................................................***Failed    0.65 sec
169/1070 Test #734: roottest-root-meta-runSignalSlots-auto ........................................................***Failed    0.85 sec
        Start 738: roottest-root-meta-runnamespace-auto
        Start 739: roottest-root-meta-runnospace-auto
170/1070 Test #737: roottest-root-meta-runmissingInfo-auto ........................................................***Failed    0.75 sec
171/1070 Test #736: roottest-root-meta-runautoload-auto ...........................................................***Failed    0.82 sec
        Start 740: roottest-root-meta-runtemplateAutoload-auto
        Start 741: roottest-root-meta-runtemplateAutoloadInclude-auto
172/1070 Test #739: roottest-root-meta-runnospace-auto ............................................................***Failed    1.58 sec
173/1070 Test #740: roottest-root-meta-runtemplateAutoload-auto ...................................................***Failed    0.96 sec
174/1070 Test #738: roottest-root-meta-runnamespace-auto ..........................................................***Failed    1.64 sec
        Start 744: roottest-root-meta-execExecuteObjArray-auto
        Start 745: roottest-root-meta-execTypedefList-auto
        Start 746: roottest-root-meta-execUnloading-auto
175/1070 Test #741: roottest-root-meta-runtemplateAutoloadInclude-auto ............................................***Failed    1.37 sec
        Start 748: roottest-root-meta-execpragmasTest-auto
176/1070 Test #744: roottest-root-meta-execExecuteObjArray-auto ...................................................***Failed    0.81 sec
177/1070 Test #746: roottest-root-meta-execUnloading-auto .........................................................***Failed    1.21 sec
178/1070 Test #745: roottest-root-meta-execTypedefList-auto .......................................................***Failed    1.21 sec
        Start 749: roottest-root-meta-execOptionList-auto
        Start 750: roottest-root-meta-execString-auto
        Start 754: roottest-root-meta-MakeProject-runcms310
179/1070 Test #748: roottest-root-meta-execpragmasTest-auto .......................................................***Failed    0.51 sec
        Start 755: roottest-root-meta-MakeProject-runaliceesd
180/1070 Test #749: roottest-root-meta-execOptionList-auto ........................................................***Failed    0.71 sec
181/1070 Test #750: roottest-root-meta-execString-auto ............................................................***Failed    0.71 sec
        Start 784: roottest-root-meta-autoloading-headerParsingOnDemand-execLDAPAttribute
        Start 790: roottest-root-meta-callfunc-runmemberFunc-auto
182/1070 Test #633: roottest-root-html-runMakeIndex ...............................................................***Failed   14.39 sec
        Start 791: roottest-root-meta-callfunc-runsimpleFunc-auto
183/1070 Test #790: roottest-root-meta-callfunc-runmemberFunc-auto ................................................***Failed    0.71 sec
184/1070 Test #784: roottest-root-meta-autoloading-headerParsingOnDemand-execLDAPAttribute ........................***Failed    0.71 sec
        Start 792: roottest-root-meta-callfunc-execResolveAt-auto
        Start 815: roottest-root-meta-evolution-data1-build
185/1070 Test #791: roottest-root-meta-callfunc-runsimpleFunc-auto ................................................***Failed    1.11 sec
        Start 817: roottest-root-meta-evolution-data2-build
186/1070 Test #815: roottest-root-meta-evolution-data1-build ......................................................***Failed  Error regular expression found in output. Regex=[Warning in]  0.71 sec
187/1070 Test #792: roottest-root-meta-callfunc-execResolveAt-auto ................................................***Failed    0.71 sec
188/1070 Test #817: roottest-root-meta-evolution-data2-build ......................................................***Failed  Error regular expression found in output. Regex=[Warning in]  0.58 sec
        Start 819: roottest-root-meta-evolution-data3-build
        Start 821: roottest-root-meta-evolution-data4-build
        Start 823: roottest-root-meta-evolution-data5-build
189/1070 Test #821: roottest-root-meta-evolution-data4-build ......................................................***Failed  Error regular expression found in output. Regex=[Warning in]  0.72 sec
        Start 825: roottest-root-meta-evolution-data6-build
190/1070 Test #823: roottest-root-meta-evolution-data5-build ......................................................***Failed  Error regular expression found in output. Regex=[Warning in]  0.82 sec
191/1070 Test #755: roottest-root-meta-MakeProject-runaliceesd ....................................................***Failed    4.22 sec
192/1070 Test #819: roottest-root-meta-evolution-data3-build ......................................................***Failed  Error regular expression found in output. Regex=[Warning in]  1.02 sec
        Start 841: roottest-root-meta-evolution-execBaseClass_v1
        Start 847: roottest-root-meta-evolution-execMixedBaseClass_v1
        Start 853: roottest-root-meta-evolution-execReadOldCSC
193/1070 Test #825: roottest-root-meta-evolution-data6-build ......................................................***Failed  Error regular expression found in output. Regex=[Warning in]  0.71 sec
        Start 854: roottest-root-meta-evolution-execCheckSum
194/1070 Test #853: roottest-root-meta-evolution-execReadOldCSC ...................................................***Failed    0.81 sec
195/1070 Test #847: roottest-root-meta-evolution-execMixedBaseClass_v1 ............................................***Failed    1.11 sec
        Start 848: roottest-root-meta-evolution-execMixedBaseClass_v2
        Start 855: roottest-root-meta-evolution-execMissingCheckSum
196/1070 Test #841: roottest-root-meta-evolution-execBaseClass_v1 .................................................***Failed    1.32 sec
        Start 842: roottest-root-meta-evolution-execBaseClass_v2
197/1070 Test #854: roottest-root-meta-evolution-execCheckSum .....................................................***Failed    1.42 sec
198/1070 Test #855: roottest-root-meta-evolution-execMissingCheckSum ..............................................***Failed    0.81 sec
199/1070 Test #848: roottest-root-meta-evolution-execMixedBaseClass_v2 ............................................***Failed    1.01 sec
        Start 849: roottest-root-meta-evolution-mixedBase_53410_v1
        Start 850: roottest-root-meta-evolution-mixedBase_53410_v2
        Start 851: roottest-root-meta-evolution-mixedBase_merge1
200/1070 Test #842: roottest-root-meta-evolution-execBaseClass_v2 .................................................***Failed    1.31 sec
201/1070 Test #850: roottest-root-meta-evolution-mixedBase_53410_v2 ...............................................***Failed    0.98 sec
        Start 843: roottest-root-meta-evolution-baseClass_53410_v1
        Start 844: roottest-root-meta-evolution-baseClass_53410_v2
202/1070 Test #849: roottest-root-meta-evolution-mixedBase_53410_v1 ...............................................***Failed    1.58 sec
203/1070 Test #851: roottest-root-meta-evolution-mixedBase_merge1 .................................................***Failed    1.78 sec
        Start 845: roottest-root-meta-evolution-baseClass_merge1
        Start 846: roottest-root-meta-evolution-baseClass_merge2
204/1070 Test #844: roottest-root-meta-evolution-baseClass_53410_v2 ...............................................***Failed    1.21 sec
        Start 852: roottest-root-meta-evolution-mixedBase_merge2
205/1070 Test #843: roottest-root-meta-evolution-baseClass_53410_v1 ...............................................***Failed    1.41 sec
        Start 856: roottest-root-meta-evolution-version5-execNestedColl
206/1070 Test #845: roottest-root-meta-evolution-baseClass_merge1 .................................................***Failed    1.64 sec
207/1070 Test #846: roottest-root-meta-evolution-baseClass_merge2 .................................................***Failed    2.12 sec
        Start 860: roottest-root-meta-genreflex-conflictingSelections
        Start 861: roottest-root-meta-genreflex-equivalentSelections
208/1070 Test #852: roottest-root-meta-evolution-mixedBase_merge2 .................................................***Failed    1.81 sec
        Start 862: roottest-root-meta-genreflex-twoTypedefsOneClass
209/1070 Test #856: roottest-root-meta-evolution-version5-execNestedColl ..........................................***Failed    1.41 sec
210/1070 Test #860: roottest-root-meta-genreflex-conflictingSelections ............................................***Failed    0.71 sec
211/1070 Test #861: roottest-root-meta-genreflex-equivalentSelections .............................................***Failed    1.11 sec
        Start 863: roottest-root-meta-genreflex-privateClassXMLSelection
        Start 864: roottest-root-meta-genreflex-privateClassFileSelection
        Start 865: roottest-root-meta-genreflex-selectionDuplicate
212/1070 Test #862: roottest-root-meta-genreflex-twoTypedefsOneClass ..............................................***Failed    0.84 sec
213/1070 Test #865: roottest-root-meta-genreflex-selectionDuplicate ...............................................***Failed    0.63 sec
        Start 867: roottest-root-meta-genreflex-unsupportedClasses
        Start 878: roottest-root-meta-genreflex-classSelectedTwice
214/1070 Test #864: roottest-root-meta-genreflex-privateClassFileSelection ........................................***Failed    1.34 sec
        Start 879: roottest-root-meta-genreflex-virtualInheritance
215/1070 Test #863: roottest-root-meta-genreflex-privateClassXMLSelection .........................................***Failed    1.45 sec
216/1070 Test #867: roottest-root-meta-genreflex-unsupportedClasses ...............................................***Failed    1.01 sec
        Start 906: roottest-root-meta-genreflex-ROOT-5952-5952
        Start 948: roottest-root-meta-method-runexactMatch-auto
217/1070 Test #878: roottest-root-meta-genreflex-classSelectedTwice ...............................................***Failed    1.31 sec
218/1070 Test #879: roottest-root-meta-genreflex-virtualInheritance ...............................................***Failed    1.21 sec
        Start 949: roottest-root-meta-method-execCreateString-auto
        Start 950: roottest-root-meta-method-execTemplate-auto
219/1070 Test #948: roottest-root-meta-method-runexactMatch-auto ..................................................***Failed    1.01 sec
220/1070 Test #950: roottest-root-meta-method-execTemplate-auto ...................................................***Failed    0.57 sec
        Start 951: roottest-root-meta-method-execConstMethod-auto
        Start 952: roottest-root-meta-method-execConstructor-auto
221/1070 Test #949: roottest-root-meta-method-execCreateString-auto ...............................................***Failed    0.67 sec
222/1070 Test #906: roottest-root-meta-genreflex-ROOT-5952-5952 ...................................................***Failed    1.28 sec
223/1070 Test #952: roottest-root-meta-method-execConstructor-auto ................................................***Failed    0.53 sec
        Start 953: roottest-root-meta-method-offset-execmethodtest
        Start 954: roottest-root-meta-naming-namingMatches-build
        Start 962: roottest-root-meta-rootmap-spaces-build
224/1070 Test #951: roottest-root-meta-method-execConstMethod-auto ................................................***Failed    0.63 sec
225/1070 Test #962: roottest-root-meta-rootmap-spaces-build .......................................................***Failed  Error regular expression found in output. Regex=[Warning in]  0.64 sec
        Start 963: roottest-root-meta-rootmap-runspaces
        Start 964: roottest-root-meta-tclass-execBrowseNonAccessibleType
226/1070 Test #953: roottest-root-meta-method-offset-execmethodtest ...............................................***Failed    0.75 sec
227/1070 Test #954: roottest-root-meta-naming-namingMatches-build .................................................***Failed  Error regular expression found in output. Regex=[Warning in]  1.15 sec
        Start 955: roottest-root-meta-naming-execCheckNaming-auto
        Start 956: roottest-root-meta-naming-execClassEditNormalize-auto
228/1070 Test #963: roottest-root-meta-rootmap-runspaces ..........................................................***Failed    0.81 sec
229/1070 Test #956: roottest-root-meta-naming-execClassEditNormalize-auto .........................................***Failed    0.60 sec
        Start 957: roottest-root-meta-naming-execParamPack-auto
        Start 958: roottest-root-meta-naming-execNamingMatches-auto
230/1070 Test #964: roottest-root-meta-tclass-execBrowseNonAccessibleType .........................................***Failed    1.31 sec
231/1070 Test #955: roottest-root-meta-naming-execCheckNaming-auto ................................................***Failed    0.81 sec
        Start 959: roottest-root-meta-naming-execNamingMatchesNoHeader-auto
        Start 960: roottest-root-meta-naming-execResolveTypedef-auto
232/1070 Test #957: roottest-root-meta-naming-execParamPack-auto ..................................................***Failed    0.67 sec
233/1070 Test #958: roottest-root-meta-naming-execNamingMatches-auto ..............................................***Failed    0.77 sec
        Start 967: roottest-root-meta-tclass-tempParse-build
        Start 969: roottest-root-meta-tclass-runpairs
234/1070 Test #959: roottest-root-meta-naming-execNamingMatchesNoHeader-auto ......................................***Failed    0.77 sec
235/1070 Test #960: roottest-root-meta-naming-execResolveTypedef-auto .............................................***Failed    0.77 sec
        Start 970: roottest-root-meta-tclass-classlib-build
        Start 972: roottest-root-meta-tclass-execProperties
236/1070 Test #967: roottest-root-meta-tclass-tempParse-build .....................................................***Failed  Error regular expression found in output. Regex=[Warning in]  0.61 sec
237/1070 Test #969: roottest-root-meta-tclass-runpairs ............................................................***Failed    0.71 sec
        Start 968: roottest-root-meta-tclass-runtempParse
        Start 973: roottest-root-meta-tclass-libState-build
238/1070 Test #970: roottest-root-meta-tclass-classlib-build ......................................................***Failed  Error regular expression found in output. Regex=[Warning in]  0.81 sec
239/1070 Test #972: roottest-root-meta-tclass-execProperties ......................................................***Failed    1.11 sec
        Start 971: roottest-root-meta-tclass-execInterpClassNew
        Start 975: roottest-root-meta-tclass-execSharedPtr
240/1070 Test #968: roottest-root-meta-tclass-runtempParse ........................................................***Failed    0.71 sec
241/1070 Test #973: roottest-root-meta-tclass-libState-build ......................................................***Failed  Error regular expression found in output. Regex=[Warning in]  0.71 sec
        Start 974: roottest-root-meta-tclass-execState
        Start 976: roottest-root-meta-tclass-execTmpltD
242/1070 Test #971: roottest-root-meta-tclass-execInterpClassNew ..................................................***Failed    0.61 sec
243/1070 Test #975: roottest-root-meta-tclass-execSharedPtr .......................................................***Failed    1.21 sec
        Start 977: roottest-root-meta-tclass-execTmpltD32
        Start 978: roottest-root-meta-tclass-execReadTmplt-build
244/1070 Test #976: roottest-root-meta-tclass-execTmpltD ..........................................................***Failed    0.85 sec
245/1070 Test #978: roottest-root-meta-tclass-execReadTmplt-build .................................................***Failed  Error regular expression found in output. Regex=[Warning in]  0.70 sec
        Start 982: roottest-root-meta-tclass-regression-6020
        Start 983: roottest-root-meta-tclass-regression-execNormalizationInf
246/1070 Test #974: roottest-root-meta-tclass-execState ...........................................................***Failed    1.35 sec
247/1070 Test #977: roottest-root-meta-tclass-execTmpltD32 ........................................................***Failed    0.72 sec
        Start 979: roottest-root-meta-tclass-execReadTmplt
        Start 984: roottest-root-meta-tclass-regression-execNormalizationInfPy
248/1070 Test #982: roottest-root-meta-tclass-regression-6020 .....................................................***Failed    1.21 sec
249/1070 Test #983: roottest-root-meta-tclass-regression-execNormalizationInf .....................................***Failed    1.21 sec
        Start 985: roottest-root-meta-tclass-regression-execROOT_6038
        Start 986: roottest-root-meta-tclass-regression-execROOT_6019
250/1070 Test #984: roottest-root-meta-tclass-regression-execNormalizationInfPy ...................................***Failed    1.21 sec
        Start 987: roottest-root-meta-tclass-regression-execROOT_6277
251/1070 Test #979: roottest-root-meta-tclass-execReadTmplt .......................................................***Failed    1.32 sec
252/1070 Test #986: roottest-root-meta-tclass-regression-execROOT_6019 ............................................***Failed    0.74 sec
253/1070 Test #985: roottest-root-meta-tclass-regression-execROOT_6038 ............................................***Failed    1.24 sec
        Start 996: roottest-root-multicore-exectstformula
        Start 997: roottest-root-multicore-exectsautoparse
        Start 998: roottest-root-multicore-exectsinclude
254/1070 Test #987: roottest-root-meta-tclass-regression-execROOT_6277 ............................................***Failed    0.75 sec
        Start 999: roottest-root-multicore-execautoloadts
255/1070 Test #997: roottest-root-multicore-exectsautoparse .......................................................***Failed    1.41 sec
        Start 1014: roottest-root-multicore-semaphore
256/1070 Test #998: roottest-root-multicore-exectsinclude .........................................................***Failed    1.51 sec
257/1070 Test #999: roottest-root-multicore-execautoloadts ........................................................***Failed    1.31 sec
        Start 1016: roottest-root-rint-TabCom
        Start 1017: roottest-root-selector-simple-testSel-build
258/1070 Test #1017: roottest-root-selector-simple-testSel-build ...................................................***Failed  Error regular expression found in output. Regex=[Warning in]  0.70 sec
        Start 1018: roottest-root-selector-simple-testSelector-build
259/1070 Test  #49: test-stressgraphics-interpreted ...............................................................***Failed  Error regular expression found in output. Regex=[FAILED|Error in] 42.00 sec
        Start 1024: roottest-root-tree-cache-multiTree
260/1070 Test #1018: roottest-root-selector-simple-testSelector-build ..............................................***Failed  Error regular expression found in output. Regex=[Warning in]  0.81 sec
261/1070 Test #1016: roottest-root-rint-TabCom .....................................................................***Failed    2.01 sec
        Start 1019: roottest-root-selector-simple-runtestLoadingSelector
        Start 1025: roottest-root-tree-cache-autocache
262/1070 Test #996: roottest-root-multicore-exectstformula ........................................................***Failed    4.04 sec
263/1070 Test #1014: roottest-root-multicore-semaphore .............................................................***Failed    2.65 sec
        Start 1027: roottest-root-tree-cache-TestCache
        Start  73: tutorial-hsimple
264/1070 Test #1019: roottest-root-selector-simple-runtestLoadingSelector ..........................................***Failed    0.74 sec
265/1070 Test #1024: roottest-root-tree-cache-multiTree ............................................................***Failed    1.34 sec
        Start 572: roottest-python-cmdLineUtils-SimpleRootmv4PrepareInput
        Start 544: roottest-python-cmdLineUtils-SimpleRootcp2PrepareInput
266/1070 Test  #73: tutorial-hsimple ..............................................................................   Passed    1.31 sec
        Start 266: tutorial-math-testUnfold5a
267/1070 Test #1027: roottest-root-tree-cache-TestCache ............................................................***Failed    1.32 sec
268/1070 Test #572: roottest-python-cmdLineUtils-SimpleRootmv4PrepareInput ........................................   Passed    0.81 sec
269/1070 Test #544: roottest-python-cmdLineUtils-SimpleRootcp2PrepareInput ........................................   Passed    1.11 sec
        Start 516: roottest-python-cmdLineUtils-SimpleRootrm1PrepareInput
        Start 532: roottest-python-cmdLineUtils-SimpleRootmkdir2PrepareInput
        Start 560: roottest-python-cmdLineUtils-SimpleRootmv1PrepareInput
270/1070 Test #753: roottest-root-meta-MakeProject-runatlasaod ....................................................***Failed   40.42 sec
        Start 520: roottest-python-cmdLineUtils-SimpleRootrm2PrepareInput
271/1070 Test #516: roottest-python-cmdLineUtils-SimpleRootrm1PrepareInput ........................................   Passed    1.01 sec
        Start 524: roottest-python-cmdLineUtils-SimpleRootrm3PrepareInput
272/1070 Test #560: roottest-python-cmdLineUtils-SimpleRootmv1PrepareInput ........................................   Passed    1.41 sec
273/1070 Test #532: roottest-python-cmdLineUtils-SimpleRootmkdir2PrepareInput .....................................   Passed    1.51 sec
274/1070 Test #520: roottest-python-cmdLineUtils-SimpleRootrm2PrepareInput ........................................   Passed    1.01 sec
        Start 576: roottest-python-cmdLineUtils-SimpleRootmv5PrepareInput
        Start 552: roottest-python-cmdLineUtils-SimpleRootcp4PrepareInput
        Start 556: roottest-python-cmdLineUtils-SimpleRootcp5PrepareInput
275/1070 Test #524: roottest-python-cmdLineUtils-SimpleRootrm3PrepareInput ........................................   Passed    1.51 sec
276/1070 Test #552: roottest-python-cmdLineUtils-SimpleRootcp4PrepareInput ........................................   Passed    1.10 sec
277/1070 Test #556: roottest-python-cmdLineUtils-SimpleRootcp5PrepareInput ........................................   Passed    1.20 sec
        Start 564: roottest-python-cmdLineUtils-SimpleRootmv2PrepareInput
        Start 536: roottest-python-cmdLineUtils-SimpleRootmkdir3PrepareInput
        Start 540: roottest-python-cmdLineUtils-SimpleRootcp1PrepareInput
278/1070 Test #576: roottest-python-cmdLineUtils-SimpleRootmv5PrepareInput ........................................   Passed    1.42 sec
279/1070 Test  #45: test-stressgeometry-interpreted ...............................................................***Failed  Error regular expression found in output. Regex=[FAILED|Error in] 45.37 sec
        Start 548: roottest-python-cmdLineUtils-SimpleRootcp3PrepareInput
        Start 568: roottest-python-cmdLineUtils-SimpleRootmv3PrepareInput
280/1070 Test #540: roottest-python-cmdLineUtils-SimpleRootcp1PrepareInput ........................................   Passed    1.41 sec
281/1070 Test #564: roottest-python-cmdLineUtils-SimpleRootmv2PrepareInput ........................................   Passed    1.62 sec
282/1070 Test #536: roottest-python-cmdLineUtils-SimpleRootmkdir3PrepareInput .....................................   Passed    1.61 sec
283/1070 Test #568: roottest-python-cmdLineUtils-SimpleRootmv3PrepareInput ........................................   Passed    1.12 sec
        Start 528: roottest-python-cmdLineUtils-SimpleRootmkdir1PrepareInput
        Start 756: roottest-root-meta-MakeProject-stl_makeproject_test-build
        Start 305: tutorial-tmva-TMVAMultipleBackgroundExample
        Start 297: tutorial-tmva-TMVAClassification
284/1070 Test #548: roottest-python-cmdLineUtils-SimpleRootcp3PrepareInput ........................................   Passed    1.24 sec
285/1070 Test #756: roottest-root-meta-MakeProject-stl_makeproject_test-build .....................................   Passed    0.21 sec
286/1070 Test #1025: roottest-root-tree-cache-autocache ............................................................***Failed    8.04 sec
        Start 757: roottest-root-meta-MakeProject-examples
        Start 1026: roottest-root-tree-cache-cachedChain
        Start 350: tutorial-pyroot-geometry
287/1070 Test #528: roottest-python-cmdLineUtils-SimpleRootmkdir1PrepareInput .....................................   Passed    1.74 sec
        Start 565: roottest-python-cmdLineUtils-SimpleRootmv2
288/1070 Test #757: roottest-root-meta-MakeProject-examples .......................................................***Failed    1.52 sec
289/1070 Test #1026: roottest-root-tree-cache-cachedChain ..........................................................***Failed    1.72 sec
        Start 758: roottest-root-meta-MakeProject-stltest
        Start 557: roottest-python-cmdLineUtils-SimpleRootcp5
290/1070 Test #565: roottest-python-cmdLineUtils-SimpleRootmv2 ....................................................   Passed    1.01 sec
        Start 566: roottest-python-cmdLineUtils-SimpleRootmv2CheckOutput
291/1070 Test #557: roottest-python-cmdLineUtils-SimpleRootcp5 ....................................................   Passed    1.01 sec
292/1070 Test #350: tutorial-pyroot-geometry ......................................................................   Passed    3.42 sec
        Start 558: roottest-python-cmdLineUtils-SimpleRootcp5CheckOutput
        Start 517: roottest-python-cmdLineUtils-SimpleRootrm1
293/1070 Test #566: roottest-python-cmdLineUtils-SimpleRootmv2CheckOutput .........................................***Failed    1.11 sec
        Start 561: roottest-python-cmdLineUtils-SimpleRootmv1
294/1070 Test #517: roottest-python-cmdLineUtils-SimpleRootrm1 ....................................................   Passed    1.01 sec
295/1070 Test #558: roottest-python-cmdLineUtils-SimpleRootcp5CheckOutput .........................................***Failed    1.01 sec
        Start 518: roottest-python-cmdLineUtils-SimpleRootrm1CheckOutput
        Start 345: tutorial-pyroot-fillrandom
296/1070 Test #561: roottest-python-cmdLineUtils-SimpleRootmv1 ....................................................   Passed    1.31 sec
        Start 562: roottest-python-cmdLineUtils-SimpleRootmv1CheckOutput
297/1070 Test #345: tutorial-pyroot-fillrandom ....................................................................   Passed    1.01 sec
298/1070 Test #518: roottest-python-cmdLineUtils-SimpleRootrm1CheckOutput .........................................***Failed    1.11 sec
        Start 549: roottest-python-cmdLineUtils-SimpleRootcp3
        Start 200: tutorial-hist-fillrandom
299/1070 Test #758: roottest-root-meta-MakeProject-stltest ........................................................***Failed    3.94 sec
300/1070 Test #562: roottest-python-cmdLineUtils-SimpleRootmv1CheckOutput .........................................***Failed    0.81 sec
        Start 529: roottest-python-cmdLineUtils-SimpleRootmkdir1
        Start 537: roottest-python-cmdLineUtils-SimpleRootmkdir3
301/1070 Test #200: tutorial-hist-fillrandom ......................................................................   Passed    1.01 sec
302/1070 Test #549: roottest-python-cmdLineUtils-SimpleRootcp3 ....................................................   Passed    1.21 sec
        Start 550: roottest-python-cmdLineUtils-SimpleRootcp3CheckOutput
        Start 541: roottest-python-cmdLineUtils-SimpleRootcp1
303/1070 Test #529: roottest-python-cmdLineUtils-SimpleRootmkdir1 .................................................   Passed    0.68 sec
304/1070 Test #537: roottest-python-cmdLineUtils-SimpleRootmkdir3 .................................................   Passed    0.98 sec
        Start 530: roottest-python-cmdLineUtils-SimpleRootmkdir1CheckOutput
        Start 538: roottest-python-cmdLineUtils-SimpleRootmkdir3CheckOutput
305/1070 Test #550: roottest-python-cmdLineUtils-SimpleRootcp3CheckOutput .........................................***Failed    0.98 sec
306/1070 Test #541: roottest-python-cmdLineUtils-SimpleRootcp1 ....................................................   Passed    0.98 sec
        Start 542: roottest-python-cmdLineUtils-SimpleRootcp1CheckOutput
        Start 553: roottest-python-cmdLineUtils-SimpleRootcp4
307/1070 Test #530: roottest-python-cmdLineUtils-SimpleRootmkdir1CheckOutput ......................................***Failed    1.21 sec
308/1070 Test #553: roottest-python-cmdLineUtils-SimpleRootcp4 ....................................................   Passed    0.70 sec
        Start 554: roottest-python-cmdLineUtils-SimpleRootcp4CheckOutput
        Start 577: roottest-python-cmdLineUtils-SimpleRootmv5
309/1070 Test #538: roottest-python-cmdLineUtils-SimpleRootmkdir3CheckOutput ......................................***Failed    1.31 sec
310/1070 Test #542: roottest-python-cmdLineUtils-SimpleRootcp1CheckOutput .........................................***Failed    0.91 sec
        Start 569: roottest-python-cmdLineUtils-SimpleRootmv3
        Start 521: roottest-python-cmdLineUtils-SimpleRootrm2
311/1070 Test #554: roottest-python-cmdLineUtils-SimpleRootcp4CheckOutput .........................................***Failed    0.88 sec
312/1070 Test #577: roottest-python-cmdLineUtils-SimpleRootmv5 ....................................................   Passed    1.18 sec
        Start 578: roottest-python-cmdLineUtils-SimpleRootmv5CheckOutput
        Start 545: roottest-python-cmdLineUtils-SimpleRootcp2
313/1070 Test #569: roottest-python-cmdLineUtils-SimpleRootmv3 ....................................................   Passed    1.28 sec
314/1070 Test #521: roottest-python-cmdLineUtils-SimpleRootrm2 ....................................................   Passed    1.28 sec
        Start 522: roottest-python-cmdLineUtils-SimpleRootrm2CheckOutput
        Start 570: roottest-python-cmdLineUtils-SimpleRootmv3CheckOutput
315/1070 Test #545: roottest-python-cmdLineUtils-SimpleRootcp2 ....................................................   Passed    0.91 sec
        Start 546: roottest-python-cmdLineUtils-SimpleRootcp2CheckOutput
316/1070 Test #578: roottest-python-cmdLineUtils-SimpleRootmv5CheckOutput .........................................***Failed    1.32 sec
317/1070 Test #522: roottest-python-cmdLineUtils-SimpleRootrm2CheckOutput .........................................***Failed    1.01 sec
318/1070 Test #570: roottest-python-cmdLineUtils-SimpleRootmv3CheckOutput .........................................***Failed    1.21 sec
        Start 525: roottest-python-cmdLineUtils-SimpleRootrm3
        Start 533: roottest-python-cmdLineUtils-SimpleRootmkdir2
        Start 354: tutorial-pyroot-hsimple
319/1070 Test #546: roottest-python-cmdLineUtils-SimpleRootcp2CheckOutput .........................................***Failed    0.81 sec
        Start 573: roottest-python-cmdLineUtils-SimpleRootmv4
320/1070 Test #533: roottest-python-cmdLineUtils-SimpleRootmkdir2 .................................................   Passed    1.11 sec
321/1070 Test #354: tutorial-pyroot-hsimple .......................................................................   Passed    1.31 sec
        Start 534: roottest-python-cmdLineUtils-SimpleRootmkdir2CheckOutput
        Start  74: tutorial-geom-geometry
322/1070 Test #525: roottest-python-cmdLineUtils-SimpleRootrm3 ....................................................   Passed    1.32 sec
323/1070 Test #573: roottest-python-cmdLineUtils-SimpleRootmv4 ....................................................   Passed    0.81 sec
        Start 526: roottest-python-cmdLineUtils-SimpleRootrm3CheckOutput
        Start 574: roottest-python-cmdLineUtils-SimpleRootmv4CheckOutput
324/1070 Test #534: roottest-python-cmdLineUtils-SimpleRootmkdir2CheckOutput ......................................***Failed    1.01 sec
325/1070 Test  #74: tutorial-geom-geometry ........................................................................   Passed    1.21 sec
        Start 1070: roottest-scripts-utils
        Start 1011: roottest-root-multicore-tsenums-libgen-build
326/1070 Test #574: roottest-python-cmdLineUtils-SimpleRootmv4CheckOutput .........................................***Failed    0.92 sec
327/1070 Test #1011: roottest-root-multicore-tsenums-libgen-build ..................................................   Passed    0.61 sec
        Start 1012: roottest-root-multicore-tsenums
        Start 1001: roottest-root-multicore-tclass_methods-libgen-build
328/1070 Test #526: roottest-python-cmdLineUtils-SimpleRootrm3CheckOutput .........................................***Failed    1.23 sec
329/1070 Test #1070: roottest-scripts-utils ........................................................................   Passed    0.92 sec
330/1070 Test #1001: roottest-root-multicore-tclass_methods-libgen-build ...........................................   Passed    0.50 sec
        Start 1000: roottest-root-multicore-tclass_methods-build
        Start 306: tutorial-tmva-TMVARegression
        Start  56: test-stresstmva
331/1070 Test #1000: roottest-root-multicore-tclass_methods-build ..................................................   Passed    0.05 sec
332/1070 Test #1012: roottest-root-multicore-tsenums ...............................................................***Failed    0.80 sec
        Start 662: roottest-root-io-event
        Start  50: test-stresshistogram
333/1070 Test #662: roottest-root-io-event ........................................................................   Passed    0.80 sec
        Start 426: roottest-cling-reflex-make
334/1070 Test #266: tutorial-math-testUnfold5a ....................................................................   Passed   24.42 sec
        Start 476: roottest-cling-template-separateDict-make
335/1070 Test #426: roottest-cling-reflex-make ....................................................................***Failed    7.12 sec
        Start 477: roottest-cling-template-separateDictNamespace-make
336/1070 Test #476: roottest-cling-template-separateDict-make .....................................................***Failed   13.43 sec
        Start 635: roottest-root-io-alloc-make
337/1070 Test  #50: test-stresshistogram ..........................................................................   Passed   19.96 sec
        Start 636: roottest-root-io-arrayobject-make
338/1070 Test #636: roottest-root-io-arrayobject-make .............................................................***Failed    1.51 sec
        Start 638: roottest-root-io-buffer-make
339/1070 Test #635: roottest-root-io-alloc-make ...................................................................***Failed    6.22 sec
        Start 655: roottest-root-io-customCollection-make
340/1070 Test #477: roottest-cling-template-separateDictNamespace-make ............................................***Failed   14.14 sec
        Start 656: roottest-root-io-customStreamer-make
341/1070 Test #638: roottest-root-io-buffer-make ..................................................................***Failed    4.52 sec
        Start 657: roottest-root-io-datamodelevolution-make
342/1070 Test #655: roottest-root-io-customCollection-make ........................................................***Failed    5.44 sec
343/1070 Test #656: roottest-root-io-customStreamer-make ..........................................................***Failed    4.03 sec
        Start 658: roottest-root-io-dirdelete-make
        Start 659: roottest-root-io-directory-make
344/1070 Test #659: roottest-root-io-directory-make ...............................................................***Failed    1.71 sec
        Start 660: roottest-root-io-double32-make
345/1070 Test #658: roottest-root-io-dirdelete-make ...............................................................***Failed    2.32 sec
        Start 661: roottest-root-io-emulated-make
346/1070 Test #657: roottest-root-io-datamodelevolution-make ......................................................***Failed    6.06 sec
        Start 663: roottest-root-io-evolution-make
347/1070 Test #754: roottest-root-meta-MakeProject-runcms310 ......................................................***Failed   92.76 sec
348/1070 Test #297: tutorial-tmva-TMVAClassification ..............................................................   Passed   54.98 sec
349/1070 Test #663: roottest-root-io-evolution-make ...............................................................***Failed    5.53 sec
        Start 664: roottest-root-io-fakeClass-make
        Start 665: roottest-root-io-filemerger-make
        Start 666: roottest-root-io-float16-make
350/1070 Test #660: roottest-root-io-double32-make ................................................................***Failed    7.91 sec
        Start 667: roottest-root-io-geo-make
351/1070 Test #665: roottest-root-io-filemerger-make ..............................................................***Failed    1.86 sec
352/1070 Test #664: roottest-root-io-fakeClass-make ...............................................................***Failed    1.87 sec
        Start 668: roottest-root-io-heritstl-make
        Start 669: roottest-root-io-ignoretobject-make
353/1070 Test #661: roottest-root-io-emulated-make ................................................................***Failed   10.13 sec
        Start 670: roottest-root-io-interface-make
354/1070 Test #305: tutorial-tmva-TMVAMultipleBackgroundExample ...................................................   Passed   60.84 sec
        Start 672: roottest-root-io-multipleInherit-make
355/1070 Test #666: roottest-root-io-float16-make .................................................................***Failed    6.57 sec
        Start 673: roottest-root-io-multizip-make
356/1070 Test #673: roottest-root-io-multizip-make ................................................................***Failed    2.41 sec
        Start 674: roottest-root-io-namespacedict-make
357/1070 Test #668: roottest-root-io-heritstl-make ................................................................***Failed    7.53 sec
358/1070 Test #669: roottest-root-io-ignoretobject-make ...........................................................***Failed    7.80 sec
        Start 675: roottest-root-io-newClassDef-make
        Start 676: roottest-root-io-newdelete-make
359/1070 Test #672: roottest-root-io-multipleInherit-make .........................................................***Failed    6.64 sec
360/1070 Test  #56: test-stresstmva ...............................................................................   Passed   51.75 sec
        Start 677: roottest-root-io-newstl-make
        Start 679: roottest-root-io-pointers-make
361/1070 Test #670: roottest-root-io-interface-make ...............................................................***Failed    8.57 sec
362/1070 Test #674: roottest-root-io-namespacedict-make ...........................................................***Failed    3.93 sec
        Start 680: roottest-root-io-prefetching-make
        Start 681: roottest-root-io-recover-make
363/1070 Test #667: roottest-root-io-geo-make .....................................................................***Failed   12.34 sec
        Start 682: roottest-root-io-references-make
364/1070 Test #679: roottest-root-io-pointers-make ................................................................***Failed    2.48 sec
        Start 683: roottest-root-io-rootcint-make
365/1070 Test #681: roottest-root-io-recover-make .................................................................***Failed    3.26 sec
        Start 685: roottest-root-io-simple-make
366/1070 Test #676: roottest-root-io-newdelete-make ...............................................................***Failed   10.69 sec
        Start 686: roottest-root-io-tclass-make
367/1070 Test #677: roottest-root-io-newstl-make ..................................................................***Failed    8.96 sec
        Start 696: roottest-root-io-tree-make
368/1070 Test #683: roottest-root-io-rootcint-make ................................................................***Failed    7.69 sec
        Start 697: roottest-root-io-treeForeign-make
369/1070 Test #685: roottest-root-io-simple-make ..................................................................***Failed    7.49 sec
        Start 698: roottest-root-io-treeproblem-make
370/1070 Test #686: roottest-root-io-tclass-make ..................................................................***Failed    8.79 sec
        Start 700: roottest-root-io-vararyobj-make
371/1070 Test #682: roottest-root-io-references-make ..............................................................***Failed   16.37 sec
372/1070 Test #696: roottest-root-io-tree-make ....................................................................***Failed    9.07 sec
        Start 701: roottest-root-io-webfile-make
        Start 706: roottest-root-io-xml-make
373/1070 Test #697: roottest-root-io-treeForeign-make .............................................................***Failed    9.56 sec
        Start 763: roottest-root-meta-ROOT-7181-make
374/1070 Test #306: tutorial-tmva-TMVARegression ..................................................................   Passed   72.91 sec
        Start 764: roottest-root-meta-ROOT-7462-make
375/1070 Test #701: roottest-root-io-webfile-make .................................................................***Failed    3.36 sec
        Start 793: roottest-root-meta-cmsUnload-make
376/1070 Test #698: roottest-root-io-treeproblem-make .............................................................***Failed   10.90 sec
        Start 1020: roottest-root-tree-addresses-make
377/1070 Test #1020: roottest-root-tree-addresses-make .............................................................***Failed    3.51 sec
        Start 1021: roottest-root-tree-array-make
378/1070 Test #675: roottest-root-io-newClassDef-make .............................................................***Failed   31.98 sec
        Start 1022: roottest-root-tree-basket-make
379/1070 Test #1022: roottest-root-tree-basket-make ................................................................***Failed    2.70 sec
        Start 1023: roottest-root-tree-branches-make
380/1070 Test #1021: roottest-root-tree-array-make .................................................................***Failed    7.72 sec
        Start 1030: roottest-root-tree-chain-make
381/1070 Test #1023: roottest-root-tree-branches-make ..............................................................***Failed    2.31 sec
        Start 1031: roottest-root-tree-cloning-make
382/1070 Test #1030: roottest-root-tree-chain-make .................................................................***Failed    2.72 sec
383/1070 Test #764: roottest-root-meta-ROOT-7462-make .............................................................***Failed   15.77 sec
384/1070 Test #706: roottest-root-io-xml-make .....................................................................***Failed   19.02 sec
        Start 1032: roottest-root-tree-entrylist-make
        Start 1033: roottest-root-tree-evolution-make
        Start 1034: roottest-root-tree-fastcloning-make
385/1070 Test #700: roottest-root-io-vararyobj-make ...............................................................***Failed   21.24 sec
        Start 1035: roottest-root-tree-friend-make
386/1070 Test #1032: roottest-root-tree-entrylist-make .............................................................***Failed    2.37 sec
387/1070 Test #1031: roottest-root-tree-cloning-make ...............................................................***Failed    4.48 sec
        Start 1036: roottest-root-tree-index-make
        Start 1038: roottest-root-tree-leaves-make
388/1070 Test #1035: roottest-root-tree-friend-make ................................................................***Failed    2.77 sec
389/1070 Test #1034: roottest-root-tree-fastcloning-make ...........................................................***Failed    3.59 sec
        Start 1039: roottest-root-tree-query-make
        Start 1040: roottest-root-tree-reader-make
390/1070 Test #1038: roottest-root-tree-leaves-make ................................................................***Failed    2.93 sec
        Start 1041: roottest-root-tree-readfile-make
391/1070 Test #1036: roottest-root-tree-index-make .................................................................***Failed    3.04 sec
        Start 1042: roottest-root-tree-selector-make
392/1070 Test #1039: roottest-root-tree-query-make .................................................................***Failed    3.22 sec
        Start 1043: roottest-root-tree-selectorreader-make
393/1070 Test #1041: roottest-root-tree-readfile-make ..............................................................***Failed    2.22 sec
        Start 1045: roottest-root-tree-stl-make
394/1070 Test #793: roottest-root-meta-cmsUnload-make .............................................................***Failed   24.41 sec
        Start 1046: roottest-root-tree-string-make
395/1070 Test #763: roottest-root-meta-ROOT-7181-make .............................................................***Failed   26.86 sec
        Start 1047: roottest-root-tree-tcut-make
396/1070 Test #1046: roottest-root-tree-string-make ................................................................***Failed    3.51 sec
397/1070 Test #1047: roottest-root-tree-tcut-make ..................................................................***Failed    3.01 sec
        Start 1048: roottest-root-tree-treeproblem-make
        Start 1050: roottest-root-treeformula-array-make
398/1070 Test #1050: roottest-root-treeformula-array-make ..........................................................***Failed    3.11 sec
        Start 1051: roottest-root-treeformula-casting-make
399/1070 Test #1045: roottest-root-tree-stl-make ...................................................................***Failed   10.74 sec
        Start 1052: roottest-root-treeformula-clones-make
400/1070 Test #1042: roottest-root-tree-selector-make ..............................................................***Failed   16.17 sec
        Start 1055: roottest-root-treeformula-evolution-make
401/1070 Test #1052: roottest-root-treeformula-clones-make .........................................................***Failed    3.11 sec
        Start 1056: roottest-root-treeformula-formulaio-make
402/1070 Test #1048: roottest-root-tree-treeproblem-make ...........................................................***Failed   12.05 sec
        Start 1057: roottest-root-treeformula-function-make
403/1070 Test #1043: roottest-root-tree-selectorreader-make ........................................................***Failed   18.49 sec
        Start 1058: roottest-root-treeformula-morrison-make
404/1070 Test #1040: roottest-root-tree-reader-make ................................................................***Failed   23.22 sec
405/1070 Test #1033: roottest-root-tree-evolution-make .............................................................***Failed   26.82 sec
        Start 1059: roottest-root-treeformula-ntuple-make
        Start 1060: roottest-root-treeformula-operator-make
406/1070 Test #1056: roottest-root-treeformula-formulaio-make ......................................................***Failed    2.83 sec
407/1070 Test #1051: roottest-root-treeformula-casting-make ........................................................***Failed   11.16 sec
        Start 1061: roottest-root-treeformula-parse-make
        Start 1062: roottest-root-treeformula-references-make
408/1070 Test #1059: roottest-root-treeformula-ntuple-make .........................................................***Failed    3.52 sec
        Start 1063: roottest-root-treeformula-retobj-make
409/1070 Test #1060: roottest-root-treeformula-operator-make .......................................................***Failed    4.32 sec
        Start 1064: roottest-root-treeformula-scan-make
410/1070 Test #1064: roottest-root-treeformula-scan-make ...........................................................***Failed    5.21 sec
        Start 1066: roottest-root-treeformula-stl-make
411/1070 Test #1061: roottest-root-treeformula-parse-make ..........................................................***Failed   11.54 sec
        Start 1067: roottest-root-treeformula-string-make
412/1070 Test #1057: roottest-root-treeformula-function-make .......................................................***Failed   13.98 sec
413/1070 Test #1066: roottest-root-treeformula-stl-make ............................................................***Failed    2.91 sec
        Start 1068: roottest-root-treeformula-sync-make
        Start 1069: roottest-root-treeproxy-make
414/1070 Test #1055: roottest-root-treeformula-evolution-make ......................................................***Failed   17.30 sec
        Start 267: tutorial-math-testUnfold5b
415/1070 Test #267: tutorial-math-testUnfold5b ....................................................................   Passed    1.70 sec
416/1070 Test #1063: roottest-root-treeformula-retobj-make .........................................................***Failed   12.86 sec
        Start 303: tutorial-tmva-TMVAMulticlass
        Start  52: test-stressspectrum
417/1070 Test #1062: roottest-root-treeformula-references-make .....................................................***Failed   16.58 sec
        Start 277: tutorial-multicore-mp101_fillNtuples
418/1070 Test #1058: roottest-root-treeformula-morrison-make .......................................................***Failed   18.91 sec
        Start 280: tutorial-multicore-mt101_fillNtuples
419/1070 Test #1068: roottest-root-treeformula-sync-make ...........................................................***Failed    8.06 sec
        Start 765: roottest-root-meta-autoloading-classes-libgen-build
420/1070 Test #1067: roottest-root-treeformula-string-make .........................................................***Failed    8.87 sec
421/1070 Test #765: roottest-root-meta-autoloading-classes-libgen-build ...........................................   Passed    0.40 sec
        Start 299: tutorial-tmva-TMVAClassificationCategory
        Start 992: roottest-root-multicore-procPool-build
422/1070 Test #992: roottest-root-multicore-procPool-build ........................................................   Passed    0.50 sec
        Start  58: test-stressmathcore
423/1070 Test #1069: roottest-root-treeproxy-make ..................................................................***Failed   10.68 sec
        Start 1003: roottest-root-multicore-ttree_write-build
424/1070 Test #1003: roottest-root-multicore-ttree_write-build .....................................................   Passed    0.30 sec
        Start 766: roottest-root-meta-autoloading-TriggerTypeDefs-libgen-build
425/1070 Test #299: tutorial-tmva-TMVAClassificationCategory ......................................................   Passed    2.93 sec
426/1070 Test #766: roottest-root-meta-autoloading-TriggerTypeDefs-libgen-build ...................................   Passed    0.20 sec
        Start 768: roottest-root-meta-autoloading-execAutoLoadEntriesAsSelected-auto
        Start 769: roottest-root-meta-autoloading-execAutoloadOnInclusion-auto
427/1070 Test #768: roottest-root-meta-autoloading-execAutoLoadEntriesAsSelected-auto .............................***Failed    0.81 sec
428/1070 Test #769: roottest-root-meta-autoloading-execAutoloadOnInclusion-auto ...................................***Failed    1.01 sec
        Start 770: roottest-root-meta-autoloading-execTriggerTypedefs-auto
        Start 771: roottest-root-meta-autoloading-exectypeDefAutoloading-auto
429/1070 Test  #58: test-stressmathcore ...........................................................................   Passed    4.77 sec
430/1070 Test #277: tutorial-multicore-mp101_fillNtuples ..........................................................   Passed    9.92 sec
        Start 772: roottest-root-meta-autoloading-execTypeinfo-auto
        Start 907: roottest-root-meta-genreflex-ROOT-6640-ROOT6440-libgen-build
431/1070 Test #771: roottest-root-meta-autoloading-exectypeDefAutoloading-auto ....................................***Failed    0.91 sec
432/1070 Test #907: roottest-root-meta-genreflex-ROOT-6640-ROOT6440-libgen-build ..................................   Passed    0.60 sec
        Start 1007: roottest-root-multicore-th1f_fill-build
        Start 1013: roottest-root-multicore-fork-build
433/1070 Test #770: roottest-root-meta-autoloading-execTriggerTypedefs-auto .......................................***Failed    1.22 sec
434/1070 Test #1007: roottest-root-multicore-th1f_fill-build .......................................................   Passed    0.20 sec
435/1070 Test #772: roottest-root-meta-autoloading-execTypeinfo-auto ..............................................***Failed    0.91 sec
436/1070 Test #1013: roottest-root-multicore-fork-build ............................................................   Passed    0.30 sec
        Start 1009: roottest-root-multicore-tprofile-build
        Start 1005: roottest-root-multicore-ttree_read-build
        Start 103: tutorial-fit-myfit
        Start 224: tutorial-io-copyFiles
437/1070 Test #1009: roottest-root-multicore-tprofile-build ........................................................   Passed    0.04 sec
438/1070 Test #280: tutorial-multicore-mt101_fillNtuples ..........................................................   Passed    9.88 sec
439/1070 Test #1005: roottest-root-multicore-ttree_read-build ......................................................   Passed    0.44 sec
        Start 116: tutorial-geom-na49view
        Start  86: tutorial-fit-fit1
        Start 105: tutorial-foam-foam_demo
440/1070 Test #103: tutorial-fit-myfit ............................................................................   Passed    0.75 sec
        Start 202: tutorial-hist-h1draw
441/1070 Test #116: tutorial-geom-na49view ........................................................................   Passed    0.74 sec
442/1070 Test #224: tutorial-io-copyFiles .........................................................................   Passed    1.28 sec
443/1070 Test  #86: tutorial-fit-fit1 .............................................................................   Passed    0.84 sec
444/1070 Test #105: tutorial-foam-foam_demo .......................................................................   Passed    0.94 sec
        Start 1002: roottest-root-multicore-tclass_methods
        Start 268: tutorial-math-testUnfold5c
        Start 357: tutorial-pyroot-na49view
        Start 358: tutorial-pyroot-ntuple1
445/1070 Test #202: tutorial-hist-h1draw ..........................................................................   Passed    1.05 sec
        Start 326: tutorial-tree-spider
446/1070 Test #1002: roottest-root-multicore-tclass_methods ........................................................   Passed    1.01 sec
447/1070 Test  #52: test-stressspectrum ...........................................................................   Passed   14.76 sec
        Start 321: tutorial-tree-ntuple1
        Start 347: tutorial-pyroot-fit1
448/1070 Test #357: tutorial-pyroot-na49view ......................................................................   Passed    1.52 sec
449/1070 Test #358: tutorial-pyroot-ntuple1 .......................................................................   Passed    1.62 sec
450/1070 Test #326: tutorial-tree-spider ..........................................................................   Passed    1.11 sec
        Start 230: tutorial-io-importCode
        Start  64: test-stressiterators
        Start 229: tutorial-io-hadd
451/1070 Test #347: tutorial-pyroot-fit1 ..........................................................................   Passed    1.02 sec
452/1070 Test #321: tutorial-tree-ntuple1 .........................................................................   Passed    1.02 sec
453/1070 Test  #64: test-stressiterators ..........................................................................   Passed    0.55 sec
        Start 338: tutorial-xml-xmlnewfile
        Start 353: tutorial-pyroot-h1draw
        Start 231: tutorial-io-loopdir
454/1070 Test #268: tutorial-math-testUnfold5c ....................................................................   Passed    2.39 sec
455/1070 Test #229: tutorial-io-hadd ..............................................................................   Passed    0.95 sec
        Start 311: tutorial-tree-cernbuild
        Start 439: roottest-cling-staticConstTreatment-Odin-libgen-build
456/1070 Test #230: tutorial-io-importCode ........................................................................   Passed    1.47 sec
457/1070 Test #439: roottest-cling-staticConstTreatment-Odin-libgen-build .........................................   Passed    0.31 sec
458/1070 Test #338: tutorial-xml-xmlnewfile .......................................................................   Passed    1.02 sec
459/1070 Test #353: tutorial-pyroot-h1draw ........................................................................   Passed    1.02 sec
460/1070 Test #231: tutorial-io-loopdir ...........................................................................   Passed    1.02 sec
        Start  54: test-stressvector
        Start 438: roottest-cling-staticConstTreatment-myClass-libgen-build
        Start 589: roottest-python-regression-regression
        Start  40: test-bench
        Start 645: roottest-root-io-compression-make
461/1070 Test #438: roottest-cling-staticConstTreatment-myClass-libgen-build ......................................   Passed    0.63 sec
        Start 634: roottest-root-io-abstractclass-make
462/1070 Test #311: tutorial-tree-cernbuild .......................................................................   Passed    1.82 sec
463/1070 Test  #54: test-stressvector .............................................................................   Passed    1.60 sec
        Start 292: tutorial-thread-stressThreadPool
        Start 581: roottest-python-cpp-advanced
464/1070 Test #581: roottest-python-cpp-advanced ..................................................................   Passed    3.13 sec
        Start 580: roottest-python-cpp-cpp
465/1070 Test #680: roottest-root-io-prefetching-make .............................................................***Failed  103.57 sec
        Start 496: roottest-python-basic-datatype
466/1070 Test #580: roottest-python-cpp-cpp .......................................................................   Passed    2.53 sec
        Start 699: roottest-root-io-unordered_set-make
467/1070 Test #496: roottest-python-basic-datatype ................................................................   Passed    2.31 sec
        Start 433: roottest-cling-specialobj-stlwrite
468/1070 Test #433: roottest-cling-specialobj-stlwrite ............................................................   Passed    1.04 sec
        Start 435: roottest-cling-specialobj-stlProxies
469/1070 Test #589: roottest-python-regression-regression .........................................................   Passed   11.01 sec
        Start 684: roottest-root-io-set-make
470/1070 Test #435: roottest-cling-specialobj-stlProxies ..........................................................***Failed    1.41 sec
        Start 591: roottest-python-stl-stl
471/1070 Test #634: roottest-root-io-abstractclass-make ...........................................................   Passed   13.55 sec
        Start 293: tutorial-thread-threadPool
472/1070 Test #699: roottest-root-io-unordered_set-make ...........................................................   Passed    7.97 sec
473/1070 Test #591: roottest-python-stl-stl .......................................................................   Passed    4.32 sec
        Start 637: roottest-root-io-bigevent-make
        Start 631: roottest-root-html-runClassInModule_WILL_FAIL
474/1070 Test #684: roottest-root-io-set-make .....................................................................   Passed    6.28 sec
        Start 1044: roottest-root-tree-split-make
475/1070 Test #645: roottest-root-io-compression-make .............................................................   Passed   20.80 sec
        Start 1065: roottest-root-treeformula-schemaEvolution-make
476/1070 Test #631: roottest-root-html-runClassInModule_WILL_FAIL .................................................   Passed    6.57 sec
477/1070 Test #1044: roottest-root-tree-split-make .................................................................   Passed    5.02 sec
        Start 646: roottest-root-io-const-make
        Start 709: roottest-root-math-genvector-rotationApplication
478/1070 Test #709: roottest-root-math-genvector-rotationApplication ..............................................   Passed    1.97 sec
        Start 715: roottest-root-math-smatrix-testOperations
479/1070 Test #637: roottest-root-io-bigevent-make ................................................................   Passed   10.58 sec
        Start 588: roottest-python-pythonizations-smartptr
480/1070 Test #646: roottest-root-io-const-make ...................................................................   Passed    5.25 sec
        Start 711: roottest-root-math-mathcore-testRootFinder
481/1070 Test #588: roottest-python-pythonizations-smartptr .......................................................   Passed    1.97 sec
        Start 1054: roottest-root-treeformula-event-make
482/1070 Test #715: roottest-root-math-smatrix-testOperations .....................................................   Passed    4.30 sec
        Start 716: roottest-root-math-smatrix-testSMatrix
483/1070 Test #711: roottest-root-math-mathcore-testRootFinder ....................................................   Passed    2.03 sec
        Start 921: roottest-root-meta-genreflex-XMLParsing-8
484/1070 Test #716: roottest-root-math-smatrix-testSMatrix ........................................................   Passed    1.93 sec
        Start 925: roottest-root-meta-genreflex-XMLParsing-12
485/1070 Test #1065: roottest-root-treeformula-schemaEvolution-make ................................................   Passed   14.10 sec
        Start 924: roottest-root-meta-genreflex-XMLParsing-11
486/1070 Test #1054: roottest-root-treeformula-event-make ..........................................................   Passed    8.02 sec
487/1070 Test #921: roottest-root-meta-genreflex-XMLParsing-8 .....................................................   Passed    6.70 sec
        Start 714: roottest-root-math-smatrix-testKalman
        Start 920: roottest-root-meta-genreflex-XMLParsing-7
488/1070 Test #714: roottest-root-math-smatrix-testKalman .........................................................   Passed    1.29 sec
489/1070 Test #925: roottest-root-meta-genreflex-XMLParsing-12 ....................................................   Passed    6.67 sec
        Start 917: roottest-root-meta-genreflex-XMLParsing-4
        Start 918: roottest-root-meta-genreflex-XMLParsing-5
490/1070 Test #924: roottest-root-meta-genreflex-XMLParsing-11 ....................................................   Passed    6.43 sec
        Start 922: roottest-root-meta-genreflex-XMLParsing-9
491/1070 Test #920: roottest-root-meta-genreflex-XMLParsing-7 .....................................................   Passed    6.33 sec
        Start 926: roottest-root-meta-genreflex-XMLParsing-13
492/1070 Test #918: roottest-root-meta-genreflex-XMLParsing-5 .....................................................   Passed    6.55 sec
493/1070 Test #917: roottest-root-meta-genreflex-XMLParsing-4 .....................................................   Passed    6.55 sec
        Start 919: roottest-root-meta-genreflex-XMLParsing-6
        Start 915: roottest-root-meta-genreflex-XMLParsing-2
494/1070 Test #922: roottest-root-meta-genreflex-XMLParsing-9 .....................................................   Passed    6.51 sec
        Start 923: roottest-root-meta-genreflex-XMLParsing-10
495/1070 Test #926: roottest-root-meta-genreflex-XMLParsing-13 ....................................................   Passed    6.92 sec
        Start 916: roottest-root-meta-genreflex-XMLParsing-3
496/1070 Test #915: roottest-root-meta-genreflex-XMLParsing-2 .....................................................   Passed    6.41 sec
497/1070 Test #919: roottest-root-meta-genreflex-XMLParsing-6 .....................................................   Passed    6.62 sec
        Start 927: roottest-root-meta-genreflex-XMLParsing-14
        Start 913: roottest-root-meta-genreflex-XMLParsing-0
498/1070 Test #303: tutorial-tmva-TMVAMulticlass ..................................................................   Passed   71.87 sec
        Start 713: roottest-root-math-smatrix-testInversion
499/1070 Test #923: roottest-root-meta-genreflex-XMLParsing-10 ....................................................   Passed    7.00 sec
        Start 914: roottest-root-meta-genreflex-XMLParsing-1
500/1070 Test #713: roottest-root-math-smatrix-testInversion ......................................................   Passed    2.01 sec
        Start 707: roottest-root-math-genvector-coordinates3D
501/1070 Test #707: roottest-root-math-genvector-coordinates3D ....................................................   Passed    1.00 sec
502/1070 Test #916: roottest-root-meta-genreflex-XMLParsing-3 .....................................................   Passed    7.40 sec
        Start 928: roottest-root-meta-genreflex-XMLParsing-15
        Start 930: roottest-root-meta-genreflex-XMLParsing-17
503/1070 Test #927: roottest-root-meta-genreflex-XMLParsing-14 ....................................................   Passed    7.01 sec
504/1070 Test #913: roottest-root-meta-genreflex-XMLParsing-0 .....................................................   Passed    7.01 sec
        Start 929: roottest-root-meta-genreflex-XMLParsing-16
        Start 710: roottest-root-math-genvector-testGenVector
505/1070 Test #710: roottest-root-math-genvector-testGenVector ....................................................   Passed    1.10 sec
        Start 934: roottest-root-meta-genreflex-XMLParsing-21
506/1070 Test #914: roottest-root-meta-genreflex-XMLParsing-1 .....................................................   Passed    7.56 sec
        Start 933: roottest-root-meta-genreflex-XMLParsing-20
507/1070 Test #930: roottest-root-meta-genreflex-XMLParsing-17 ....................................................   Passed    6.65 sec
        Start 931: roottest-root-meta-genreflex-XMLParsing-18
508/1070 Test #928: roottest-root-meta-genreflex-XMLParsing-15 ....................................................   Passed    7.25 sec
509/1070 Test #293: tutorial-thread-threadPool ....................................................................   Passed   51.50 sec
        Start 445: roottest-cling-stl-dicts-build
        Start 932: roottest-root-meta-genreflex-XMLParsing-19
510/1070 Test #445: roottest-cling-stl-dicts-build ................................................................   Passed    0.40 sec
        Start 712: roottest-root-math-mathcore-testSpecFuncSiCi
511/1070 Test #929: roottest-root-meta-genreflex-XMLParsing-16 ....................................................   Passed    7.04 sec
        Start 582: roottest-python-cpp-cpp11
512/1070 Test #712: roottest-root-math-mathcore-testSpecFuncSiCi ..................................................   Passed    1.01 sec
        Start  51: test-stresshistogram-interpreted
513/1070 Test #934: roottest-root-meta-genreflex-XMLParsing-21 ....................................................   Passed    6.75 sec
        Start 632: roottest-root-html-runFindSource_WILL_FAIL
514/1070 Test #582: roottest-python-cpp-cpp11 .....................................................................   Passed    1.71 sec
        Start 590: roottest-python-regression-root_6023
515/1070 Test #590: roottest-python-regression-root_6023 ..........................................................   Passed    1.80 sec
        Start 708: roottest-root-math-genvector-coordinates4D
516/1070 Test #933: roottest-root-meta-genreflex-XMLParsing-20 ....................................................   Passed    7.25 sec
        Start 626: roottest-root-hist-operator-run
517/1070 Test #708: roottest-root-math-genvector-coordinates4D ....................................................   Passed    1.01 sec
518/1070 Test #931: roottest-root-meta-genreflex-XMLParsing-18 ....................................................   Passed    7.65 sec
519/1070 Test #932: roottest-root-meta-genreflex-XMLParsing-19 ....................................................   Passed    7.04 sec
        Start 325: tutorial-tree-run_h1analysis
        Start  30: stressVdt
        Start 383: roottest-cling-function-rundefaultParams_WILL_FAIL
520/1070 Test #632: roottest-root-html-runFindSource_WILL_FAIL ....................................................   Passed    5.33 sec
521/1070 Test #383: roottest-cling-function-rundefaultParams_WILL_FAIL ............................................   Passed    1.10 sec
        Start   3: mathcore-testMathRandom
        Start 752: roottest-root-meta-namespaceconflict
522/1070 Test #752: roottest-root-meta-namespaceconflict ..........................................................   Passed    0.61 sec
        Start 320: tutorial-tree-jets
523/1070 Test #626: roottest-root-hist-operator-run ...............................................................   Passed    2.86 sec
        Start 288: tutorial-spectrum-peaks2
524/1070 Test #320: tutorial-tree-jets ............................................................................   Passed    2.03 sec
        Start 742: roottest-root-meta-assertUnnamedTypeDictionary-auto
525/1070 Test #742: roottest-root-meta-assertUnnamedTypeDictionary-auto ...........................................   Passed    1.00 sec
        Start 965: roottest-root-meta-tclass-RunMyClass
526/1070 Test #965: roottest-root-meta-tclass-RunMyClass ..........................................................   Passed    1.10 sec
        Start 966: roottest-root-meta-tclass-runclassref
527/1070 Test #966: roottest-root-meta-tclass-runclassref .........................................................***Failed    1.40 sec
        Start  53: test-stressspectrum-interpreted
528/1070 Test  #40: test-bench ....................................................................................   Passed   83.07 sec
        Start 474: roottest-cling-template-compiled
529/1070 Test #292: tutorial-thread-stressThreadPool ..............................................................   Passed   81.19 sec
530/1070 Test #474: roottest-cling-template-compiled ..............................................................   Passed    0.51 sec
        Start 316: tutorial-tree-hsimpleProxyDriver
        Start 372: roottest-cling-const-constCharTest
531/1070 Test #316: tutorial-tree-hsimpleProxyDriver ..............................................................   Passed    1.21 sec
        Start 314: tutorial-tree-clonesA_Event
532/1070 Test #314: tutorial-tree-clonesA_Event ...................................................................   Passed    0.81 sec
533/1070 Test #372: roottest-cling-const-constCharTest ............................................................   Passed    2.81 sec
        Start 413: roottest-cling-parsing-runoperatorLessThanTemplate
        Start 443: roottest-cling-stl-default-defaultArgTest
534/1070 Test #413: roottest-cling-parsing-runoperatorLessThanTemplate ............................................   Passed    1.21 sec
        Start 295: tutorial-thread-threadsh1
535/1070 Test #443: roottest-cling-stl-default-defaultArgTest .....................................................   Passed    3.01 sec
        Start 800: roottest-root-meta-dictSelection-Dict_ex2-libgen-build
536/1070 Test #800: roottest-root-meta-dictSelection-Dict_ex2-libgen-build ........................................   Passed    0.50 sec
        Start 882: roottest-root-meta-genreflex-stlPatternSelection-libgen-build
537/1070 Test #882: roottest-root-meta-genreflex-stlPatternSelection-libgen-build .................................   Passed    0.60 sec
        Start 883: roottest-root-meta-genreflex-stlPatternSelection
538/1070 Test #883: roottest-root-meta-genreflex-stlPatternSelection ..............................................***Failed    0.50 sec
        Start 153: tutorial-graphics-palettes
539/1070 Test #325: tutorial-tree-run_h1analysis ..................................................................   Passed   18.35 sec
        Start 187: tutorial-graphs-splines_test
540/1070 Test #288: tutorial-spectrum-peaks2 ......................................................................   Passed   17.00 sec
541/1070 Test  #51: test-stresshistogram-interpreted ..............................................................   Passed   24.89 sec
        Start 310: tutorial-tree-bill
        Start  59: test-stressmathcore-interpreted
542/1070 Test  #30: stressVdt .....................................................................................   Passed   21.06 sec
        Start 106: tutorial-foam-foam_demopers
543/1070 Test #106: tutorial-foam-foam_demopers ...................................................................   Passed    1.00 sec
544/1070 Test   #3: mathcore-testMathRandom .......................................................................   Passed   20.96 sec
        Start 294: tutorial-thread-threads
        Start 678: roottest-root-io-perf-make
545/1070 Test #678: roottest-root-io-perf-make ....................................................................   Passed    1.00 sec
        Start 671: roottest-root-io-longlong-make
546/1070 Test  #53: test-stressspectrum-interpreted ...............................................................   Passed   16.10 sec
547/1070 Test #671: roottest-root-io-longlong-make ................................................................   Passed    1.28 sec
        Start  22: mathcore-testIntegrationMultiDim
        Start 265: tutorial-math-testUnfold4
548/1070 Test #310: tutorial-tree-bill ............................................................................   Passed    6.01 sec
        Start  75: tutorial-benchmarks
549/1070 Test #295: tutorial-thread-threadsh1 .....................................................................   Passed   13.15 sec
550/1070 Test  #59: test-stressmathcore-interpreted ...............................................................   Passed    7.61 sec
        Start 291: tutorial-tasks
        Start 1028: roottest-root-tree-cache-perfstattest-libevent-build
551/1070 Test #1028: roottest-root-tree-cache-perfstattest-libevent-build ..........................................   Passed    0.30 sec
552/1070 Test  #75: tutorial-benchmarks ...........................................................................   Passed    1.82 sec
553/1070 Test #153: tutorial-graphics-palettes ....................................................................   Passed   10.54 sec
        Start 1029: roottest-root-tree-cache-perfstattest
        Start 594: roottest-root-aclic-global-iDict-build
        Start 884: roottest-root-meta-genreflex-complicatedAllocator-libgen-build
554/1070 Test #291: tutorial-tasks ................................................................................   Passed    0.62 sec
555/1070 Test #884: roottest-root-meta-genreflex-complicatedAllocator-libgen-build ................................   Passed    0.10 sec
556/1070 Test #594: roottest-root-aclic-global-iDict-build ........................................................   Passed    0.30 sec
        Start 885: roottest-root-meta-genreflex-CheckComplicatedAllocator
        Start 307: tutorial-tmva-TMVARegressionApplication
        Start 219: tutorial-hist-th2polyEurope
557/1070 Test #187: tutorial-graphs-splines_test ..................................................................   Passed   11.76 sec
558/1070 Test #885: roottest-root-meta-genreflex-CheckComplicatedAllocator ........................................***Failed    1.31 sec
        Start 761: roottest-root-meta-ROOT-5694-Two-libgen-build
        Start 778: roottest-root-meta-autoloading--classInNamespace-libgen-build
559/1070 Test #1029: roottest-root-tree-cache-perfstattest .........................................................***Failed    1.93 sec
560/1070 Test #761: roottest-root-meta-ROOT-5694-Two-libgen-build .................................................   Passed    0.10 sec
561/1070 Test #778: roottest-root-meta-autoloading--classInNamespace-libgen-build .................................   Passed    0.50 sec
        Start 779: roottest-root-meta-autoloading-classInNamespace-execClassInNamespace-auto
        Start 760: roottest-root-meta-ROOT-5694-One-libgen-build
        Start 639: roottest-root-io-clones-make
562/1070 Test #760: roottest-root-meta-ROOT-5694-One-libgen-build .................................................   Passed    0.10 sec
        Start 762: roottest-root-meta-ROOT-5694-execLoadLibs
563/1070 Test #779: roottest-root-meta-autoloading-classInNamespace-execClassInNamespace-auto .....................***Failed    1.21 sec
564/1070 Test #639: roottest-root-io-clones-make ..................................................................   Passed    1.31 sec
        Start 1053: roottest-root-treeformula-depth-make
        Start 892: roottest-root-meta-genreflex-ROOT-5627-classes-libgen-build
565/1070 Test #762: roottest-root-meta-ROOT-5694-execLoadLibs .....................................................***Failed    0.81 sec
566/1070 Test #294: tutorial-thread-threads .......................................................................   Passed   10.67 sec
567/1070 Test #892: roottest-root-meta-genreflex-ROOT-5627-classes-libgen-build ...................................   Passed    0.50 sec
        Start 893: roottest-root-meta-genreflex-ROOT-5627-exec5627
        Start 943: roottest-root-meta-iotypeioname-classes-libgen-build
        Start 1037: roottest-root-tree-interpreted-make
568/1070 Test #943: roottest-root-meta-iotypeioname-classes-libgen-build ..........................................   Passed    0.30 sec
569/1070 Test #265: tutorial-math-testUnfold4 .....................................................................   Passed    7.98 sec
        Start 944: roottest-root-meta-iotypeioname-execionameiotype-auto
        Start 647: roottest-root-io-constmembers-make
570/1070 Test #1053: roottest-root-treeformula-depth-make ..........................................................   Passed    1.12 sec
571/1070 Test #219: tutorial-hist-th2polyEurope ...................................................................   Passed    4.45 sec
572/1070 Test #893: roottest-root-meta-genreflex-ROOT-5627-exec5627 ...............................................***Failed    0.91 sec
573/1070 Test #1037: roottest-root-tree-interpreted-make ...........................................................   Passed    1.01 sec
        Start 990: roottest-root-multicore-procPoolProcessTest-build
        Start 318: tutorial-tree-htest
        Start 880: roottest-root-meta-genreflex-typedefSelection-libgen-build
        Start 1015: roottest-root-multicore-fork
574/1070 Test #990: roottest-root-multicore-procPoolProcessTest-build .............................................   Passed    0.04 sec
575/1070 Test #880: roottest-root-meta-genreflex-typedefSelection-libgen-build ....................................   Passed    0.44 sec
576/1070 Test #944: roottest-root-meta-iotypeioname-execionameiotype-auto .........................................***Failed    0.95 sec
        Start 881: roottest-root-meta-genreflex-typedefSelection
        Start 991: roottest-root-multicore-procPoolProcess
        Start 416: roottest-cling-parsing-scopeDict2-build
577/1070 Test #647: roottest-root-io-constmembers-make ............................................................   Passed    1.07 sec
578/1070 Test #416: roottest-cling-parsing-scopeDict2-build .......................................................   Passed    0.60 sec
        Start 702: roottest-root-io-withoutDictionaries-IOWithoutDictionaries-libgen-build
        Start 704: roottest-root-io-withoutDictionaries-RowWiseNoProxyWarning-libgen-build
579/1070 Test #881: roottest-root-meta-genreflex-typedefSelection .................................................***Failed    0.70 sec
580/1070 Test #1015: roottest-root-multicore-fork ..................................................................   Passed    1.25 sec
581/1070 Test  #22: mathcore-testIntegrationMultiDim ..............................................................   Passed   10.05 sec
582/1070 Test #702: roottest-root-io-withoutDictionaries-IOWithoutDictionaries-libgen-build .......................   Passed    0.39 sec
583/1070 Test #704: roottest-root-io-withoutDictionaries-RowWiseNoProxyWarning-libgen-build .......................   Passed    0.38 sec
        Start 703: roottest-root-io-withoutDictionaries-IOWithoutDictionaries
        Start 705: roottest-root-io-withoutDictionaries-RowWiseNoProxyWarning
        Start 468: roottest-cling-template-typenameTestDict-build
        Start 947: roottest-root-meta-loadAllLibs-LoadAllLibsZA
        Start 780: roottest-root-meta-autoloading-headerParsingOnDemand-FullheaderParsingOnDemand-libgen-build
584/1070 Test #780: roottest-root-meta-autoloading-headerParsingOnDemand-FullheaderParsingOnDemand-libgen-build ...   Passed    0.20 sec
585/1070 Test #307: tutorial-tmva-TMVARegressionApplication .......................................................   Passed    6.84 sec
586/1070 Test #468: roottest-cling-template-typenameTestDict-build ................................................   Passed    0.51 sec
        Start 781: roottest-root-meta-autoloading-headerParsingOnDemand-runFullheaderParsingOnDemand
        Start 782: roottest-root-meta-autoloading-headerParsingOnDemand-complexTypedefs-libgen-build
        Start 785: roottest-root-meta-autoloading-headerParsingOnDemand-scopedEnums-libgen-build
587/1070 Test #785: roottest-root-meta-autoloading-headerParsingOnDemand-scopedEnums-libgen-build .................   Passed    0.20 sec
588/1070 Test #782: roottest-root-meta-autoloading-headerParsingOnDemand-complexTypedefs-libgen-build .............   Passed    0.51 sec
        Start 783: roottest-root-meta-autoloading-headerParsingOnDemand-execCheckComplexTypedefs
        Start 786: roottest-root-meta-autoloading-headerParsingOnDemand-runscopedEnums
589/1070 Test #705: roottest-root-io-withoutDictionaries-RowWiseNoProxyWarning ....................................***Failed    1.26 sec
590/1070 Test #991: roottest-root-multicore-procPoolProcess .......................................................***Failed    2.67 sec
591/1070 Test #781: roottest-root-meta-autoloading-headerParsingOnDemand-runFullheaderParsingOnDemand .............***Failed    1.12 sec
        Start 788: roottest-root-meta-autoloading-templates-classes2-libgen-build
        Start 794: roottest-root-meta-dictSelection-AtlasTest-libgen-build
        Start 464: roottest-cling-template-masterDict-build
592/1070 Test #703: roottest-root-io-withoutDictionaries-IOWithoutDictionaries ....................................***Failed    1.67 sec
593/1070 Test #788: roottest-root-meta-autoloading-templates-classes2-libgen-build ................................   Passed    0.04 sec
594/1070 Test #464: roottest-cling-template-masterDict-build ......................................................   Passed    0.13 sec
595/1070 Test #794: roottest-root-meta-dictSelection-AtlasTest-libgen-build .......................................   Passed    0.44 sec
        Start 795: roottest-root-meta-dictSelection-execAtlasTest
        Start 776: roottest-root-meta-autoloading-NestedClasses-nestedClasses-libgen-build
        Start 946: roottest-root-meta-loadAllLibs-LoadAllLibsAZ
        Start 980: roottest-root-meta-tclass-SimpleVector-libgen-build
596/1070 Test #776: roottest-root-meta-autoloading-NestedClasses-nestedClasses-libgen-build .......................   Passed    0.11 sec
597/1070 Test #786: roottest-root-meta-autoloading-headerParsingOnDemand-runscopedEnums ...........................***Failed    1.16 sec
598/1070 Test #783: roottest-root-meta-autoloading-headerParsingOnDemand-execCheckComplexTypedefs .................***Failed    1.16 sec
599/1070 Test #947: roottest-root-meta-loadAllLibs-LoadAllLibsZA ..................................................   Passed    2.51 sec
600/1070 Test #980: roottest-root-meta-tclass-SimpleVector-libgen-build ...........................................   Passed    0.30 sec
        Start 777: roottest-root-meta-autoloading-NestedClasses-execNestedClasses
        Start 981: roottest-root-meta-tclass-execSimpleVector
        Start 466: roottest-cling-template-forwardDict-build
        Start 415: roottest-cling-parsing-scopeDict-build
        Start 1049: roottest-root-treedraw-make
601/1070 Test #415: roottest-cling-parsing-scopeDict-build ........................................................   Passed    0.31 sec
602/1070 Test #466: roottest-cling-template-forwardDict-build .....................................................   Passed    0.61 sec
        Start 442: roottest-cling-stl-default-dict-build
        Start 945: roottest-root-meta-loadAllLibs-LoadAllLibs
603/1070 Test #795: roottest-root-meta-dictSelection-execAtlasTest ................................................***Failed    0.95 sec
604/1070 Test #442: roottest-cling-stl-default-dict-build .........................................................   Passed    0.20 sec
605/1070 Test #1049: roottest-root-treedraw-make ...................................................................   Passed    1.18 sec
        Start 773: roottest-root-meta-autoloading-NestedClasses-nestedTemplate-libgen-build
        Start 341: tutorial-pyroot-benchmarks
        Start 484: roottest-cling-templateMembers-opdict-build
606/1070 Test #981: roottest-root-meta-tclass-execSimpleVector ....................................................***Failed    1.29 sec
607/1070 Test #777: roottest-root-meta-autoloading-NestedClasses-execNestedClasses ................................***Failed    1.30 sec
608/1070 Test #318: tutorial-tree-htest ...........................................................................   Passed    5.49 sec
609/1070 Test #484: roottest-cling-templateMembers-opdict-build ...................................................   Passed    0.30 sec
610/1070 Test #773: roottest-root-meta-autoloading-NestedClasses-nestedTemplate-libgen-build ......................   Passed    0.31 sec
        Start 896: roottest-root-meta-genreflex-ROOT-5690-FastAllocVector-libgen-build
        Start 937: roottest-root-meta-genreflex-headersDuplicateKeys-a3-libgen-build
        Start 798: roottest-root-meta-dictSelection-classesDictSelection-libgen-build
        Start  26: mathcore-testGraphFit
        Start 988: roottest-root-multicore-procPoolTreeTest-build
611/1070 Test #896: roottest-root-meta-genreflex-ROOT-5690-FastAllocVector-libgen-build ...........................   Passed    0.11 sec
612/1070 Test #937: roottest-root-meta-genreflex-headersDuplicateKeys-a3-libgen-build .............................   Passed    0.11 sec
613/1070 Test #798: roottest-root-meta-dictSelection-classesDictSelection-libgen-build ............................   Passed    0.41 sec
614/1070 Test #988: roottest-root-multicore-procPoolTreeTest-build ................................................   Passed    0.40 sec
        Start 799: roottest-root-meta-dictSelection-classesDictSelection
        Start 897: roottest-root-meta-genreflex-ROOT-5690-execdummy
        Start 989: roottest-root-multicore-procPoolTreeTest
        Start   8: mathcore-stressTF1
615/1070 Test #946: roottest-root-meta-loadAllLibs-LoadAllLibsAZ ..................................................   Passed    2.51 sec
        Start 380: roottest-cling-dict-typedefs-cmsdict01-libgen-build
616/1070 Test #380: roottest-cling-dict-typedefs-cmsdict01-libgen-build ...........................................   Passed    0.20 sec
617/1070 Test #945: roottest-root-meta-loadAllLibs-LoadAllLibs ....................................................   Passed    2.34 sec
618/1070 Test #989: roottest-root-multicore-procPoolTreeTest ......................................................***Failed    1.06 sec
619/1070 Test #897: roottest-root-meta-genreflex-ROOT-5690-execdummy ..............................................***Failed    1.16 sec
        Start 492: roottest-cling-typedef_global-myclgood-build
        Start 491: roottest-cling-typedef_global-myclbad-build
        Start 717: roottest-root-meta-expressiveErrorMessages-libgen-build
        Start 467: roottest-cling-template-constructorDict-build
620/1070 Test #799: roottest-root-meta-dictSelection-classesDictSelection .........................................***Failed    1.38 sec
621/1070 Test #492: roottest-cling-typedef_global-myclgood-build ..................................................   Passed    0.11 sec
622/1070 Test #717: roottest-root-meta-expressiveErrorMessages-libgen-build .......................................   Passed    0.11 sec
623/1070 Test  #26: mathcore-testGraphFit .........................................................................   Passed    1.86 sec
624/1070 Test #491: roottest-cling-typedef_global-myclbad-build ...................................................   Passed    0.17 sec
625/1070 Test #467: roottest-cling-template-constructorDict-build .................................................   Passed    0.16 sec
        Start 493: roottest-cling-typedef_global-scopeTest
        Start 494: roottest-cling-typedef_global-scopeTest2
        Start 718: roottest-root-meta-expressiveErrorMessages
        Start 857: roottest-root-meta-fwdDecls-clingFwdDeclExample
        Start 269: tutorial-math-testUnfold5d
        Start 759: roottest-root-meta-MakeProject-stltest2
626/1070 Test #494: roottest-cling-typedef_global-scopeTest2 ......................................................***Failed    1.01 sec
627/1070 Test #493: roottest-cling-typedef_global-scopeTest .......................................................***Failed    1.21 sec
628/1070 Test #857: roottest-root-meta-fwdDecls-clingFwdDeclExample ...............................................***Failed    1.31 sec
629/1070 Test #759: roottest-root-meta-MakeProject-stltest2 .......................................................   Passed    1.33 sec
        Start 904: roottest-root-meta-genreflex-ROOT-5764-classes-libgen-build
        Start 909: roottest-root-meta-genreflex-ROOT-6796-attributesFromTypedef-libgen-build
        Start 941: roottest-root-meta-genreflex-rootPCMs-classesFindBackPCMNames_rflx-libgen-build
        Start 796: roottest-root-meta-dictSelection-AtlasTest2-libgen-build
630/1070 Test #341: tutorial-pyroot-benchmarks ....................................................................   Passed    3.69 sec
631/1070 Test #909: roottest-root-meta-genreflex-ROOT-6796-attributesFromTypedef-libgen-build .....................   Passed    0.06 sec
632/1070 Test #904: roottest-root-meta-genreflex-ROOT-5764-classes-libgen-build ...................................   Passed    0.06 sec
633/1070 Test #718: roottest-root-meta-expressiveErrorMessages ....................................................***Failed    1.40 sec
634/1070 Test #941: roottest-root-meta-genreflex-rootPCMs-classesFindBackPCMNames_rflx-libgen-build ...............   Passed    0.06 sec
635/1070 Test #796: roottest-root-meta-dictSelection-AtlasTest2-libgen-build ......................................   Passed    0.16 sec
        Start 797: roottest-root-meta-dictSelection-execAtlasTest2
        Start 905: roottest-root-meta-genreflex-ROOT-5764-execLibLoad
        Start 910: roottest-root-meta-genreflex-ROOT-6796-attributesFromTypedef
        Start 942: roottest-root-meta-genreflex-rootPCMs-execFindBackPCMNames
        Start  36: test-tcollbm
        Start 535: roottest-python-cmdLineUtils-SimpleRootmkdir2Clean
636/1070 Test   #8: mathcore-stressTF1 ............................................................................   Passed    3.87 sec
        Start 465: roottest-cling-template-slaveDict-build
637/1070 Test #910: roottest-root-meta-genreflex-ROOT-6796-attributesFromTypedef ..................................***Failed    0.93 sec
638/1070 Test #797: roottest-root-meta-dictSelection-execAtlasTest2 ...............................................***Failed    1.13 sec
639/1070 Test #535: roottest-python-cmdLineUtils-SimpleRootmkdir2Clean ............................................   Passed    1.16 sec
640/1070 Test #465: roottest-cling-template-slaveDict-build .......................................................   Passed    0.44 sec
        Start 186: tutorial-graphs-seism
        Start 886: roottest-root-meta-genreflex-ns-libgen-build
        Start 898: roottest-root-meta-genreflex-ROOT-5696-warnMe-libgen-build
        Start 900: roottest-root-meta-genreflex-ROOT-5709-Tau-libgen-build
641/1070 Test #905: roottest-root-meta-genreflex-ROOT-5764-execLibLoad ............................................***Failed    1.18 sec
642/1070 Test #942: roottest-root-meta-genreflex-rootPCMs-execFindBackPCMNames ....................................***Failed    1.37 sec
643/1070 Test #898: roottest-root-meta-genreflex-ROOT-5696-warnMe-libgen-build ....................................   Passed    0.30 sec
644/1070 Test #886: roottest-root-meta-genreflex-ns-libgen-build ..................................................   Passed    0.31 sec
645/1070 Test #900: roottest-root-meta-genreflex-ROOT-5709-Tau-libgen-build .......................................   Passed    0.30 sec
        Start 887: roottest-root-meta-genreflex-ns
        Start 899: roottest-root-meta-genreflex-ROOT-5696-exec5596
        Start 901: roottest-root-meta-genreflex-ROOT-5709-execlibLoad
        Start 385: roottest-cling-function-runlongArgTest_WILL_FAIL
        Start 888: roottest-root-meta-genreflex-attributesCheck-libgen-build
646/1070 Test #888: roottest-root-meta-genreflex-attributesCheck-libgen-build .....................................   Passed    0.60 sec
        Start 889: roottest-root-meta-genreflex-attributesCheck
647/1070 Test #901: roottest-root-meta-genreflex-ROOT-5709-execlibLoad ............................................***Failed    1.21 sec
648/1070 Test #899: roottest-root-meta-genreflex-ROOT-5696-exec5596 ...............................................***Failed    1.21 sec
        Start 692: roottest-root-io-transient-transientNoctor-libgen-build
        Start  71: test-TFormulaTests
649/1070 Test #887: roottest-root-meta-genreflex-ns ...............................................................***Failed    1.33 sec
650/1070 Test #889: roottest-root-meta-genreflex-attributesCheck ..................................................***Failed    0.81 sec
651/1070 Test #269: tutorial-math-testUnfold5d ....................................................................   Passed    4.61 sec
652/1070 Test #692: roottest-root-io-transient-transientNoctor-libgen-build .......................................   Passed    0.21 sec
        Start 693: roottest-root-io-transient-execTransientNoctor
        Start 579: roottest-python-cmdLineUtils-SimpleRootmv5Clean
        Start  32: test-event
        Start 902: roottest-root-meta-genreflex-ROOT-5756-classes-libgen-build
653/1070 Test #902: roottest-root-meta-genreflex-ROOT-5756-classes-libgen-build ...................................   Passed    0.30 sec
654/1070 Test #385: roottest-cling-function-runlongArgTest_WILL_FAIL ..............................................   Passed    2.40 sec
        Start 903: roottest-root-meta-genreflex-ROOT-5756-execLibLoad
        Start 262: tutorial-math-testUnfold1
655/1070 Test #186: tutorial-graphs-seism .........................................................................   Passed    2.93 sec
656/1070 Test #579: roottest-python-cmdLineUtils-SimpleRootmv5Clean ...............................................   Passed    1.08 sec
        Start 994: roottest-root-multicore-current_dir-build
        Start 774: roottest-root-meta-autoloading-NestedClasses-nestedTemplateClone-libgen-build
657/1070 Test #693: roottest-root-io-transient-execTransientNoctor ................................................***Failed    1.29 sec
658/1070 Test #994: roottest-root-multicore-current_dir-build .....................................................   Passed    0.11 sec
659/1070 Test #903: roottest-root-meta-genreflex-ROOT-5756-execLibLoad ............................................***Failed    0.71 sec
660/1070 Test #774: roottest-root-meta-autoloading-NestedClasses-nestedTemplateClone-libgen-build .................   Passed    0.10 sec
        Start 775: roottest-root-meta-autoloading-NestedClasses-nestedTemplate
        Start 995: roottest-root-multicore-current_dir
        Start 787: roottest-root-meta-autoloading-templates-classes-libgen-build
        Start 939: roottest-root-meta-genreflex-iorules-DataModelV2genreflex-libgen-build
661/1070 Test  #36: test-tcollbm ..................................................................................   Passed    5.01 sec
662/1070 Test #939: roottest-root-meta-genreflex-iorules-DataModelV2genreflex-libgen-build ........................   Passed    0.10 sec
663/1070 Test  #32: test-event ....................................................................................   Passed    2.00 sec
664/1070 Test #787: roottest-root-meta-autoloading-templates-classes-libgen-build .................................   Passed    0.41 sec
        Start  41: test-stress
        Start 789: roottest-root-meta-autoloading-templates-execTemplateAutoloading-auto
        Start 940: roottest-root-meta-genreflex-iorules-DataModelV2genreflex
        Start 114: tutorial-geom-na49
665/1070 Test #995: roottest-root-multicore-current_dir ...........................................................***Failed    0.72 sec
        Start 993: roottest-root-multicore-procPool
666/1070 Test #775: roottest-root-meta-autoloading-NestedClasses-nestedTemplate ...................................***Failed    1.13 sec
667/1070 Test #789: roottest-root-meta-autoloading-templates-execTemplateAutoloading-auto .........................***Failed    1.09 sec
        Start 519: roottest-python-cmdLineUtils-SimpleRootrm1Clean
        Start 523: roottest-python-cmdLineUtils-SimpleRootrm2Clean
668/1070 Test #940: roottest-root-meta-genreflex-iorules-DataModelV2genreflex .....................................***Failed    1.60 sec
669/1070 Test  #71: test-TFormulaTests ............................................................................   Passed    4.32 sec
        Start 527: roottest-python-cmdLineUtils-SimpleRootrm3Clean
        Start 567: roottest-python-cmdLineUtils-SimpleRootmv2Clean
670/1070 Test #262: tutorial-math-testUnfold1 .....................................................................   Passed    3.86 sec
671/1070 Test #114: tutorial-geom-na49 ............................................................................   Passed    2.61 sec
672/1070 Test #993: roottest-root-multicore-procPool ..............................................................   Passed    1.91 sec
        Start 616: roottest-root-hist-assertSparseToTHn
        Start 866: roottest-root-meta-genreflex-excludedAutoparseKeys
        Start 555: roottest-python-cmdLineUtils-SimpleRootcp4Clean
673/1070 Test #519: roottest-python-cmdLineUtils-SimpleRootrm1Clean ...............................................   Passed    1.23 sec
674/1070 Test #523: roottest-python-cmdLineUtils-SimpleRootrm2Clean ...............................................   Passed    1.63 sec
        Start 935: roottest-root-meta-genreflex-headersDuplicateKeys-a1-libgen-build
        Start 1004: roottest-root-multicore-ttree_write
675/1070 Test #935: roottest-root-meta-genreflex-headersDuplicateKeys-a1-libgen-build .............................   Passed    0.06 sec
676/1070 Test #527: roottest-python-cmdLineUtils-SimpleRootrm3Clean ...............................................   Passed    1.38 sec
677/1070 Test #567: roottest-python-cmdLineUtils-SimpleRootmv2Clean ...............................................   Passed    1.36 sec
678/1070 Test #616: roottest-root-hist-assertSparseToTHn ..........................................................   Passed    0.97 sec
679/1070 Test #555: roottest-python-cmdLineUtils-SimpleRootcp4Clean ...............................................   Passed    0.97 sec
        Start 281: tutorial-multicore-mt102_readNtuplesFillHistosAndFit
        Start 486: roottest-cling-typedef-runptrptr
        Start 160: tutorial-graphics-tmathtext
        Start 571: roottest-python-cmdLineUtils-SimpleRootmv3Clean
        Start 575: roottest-python-cmdLineUtils-SimpleRootmv4Clean
680/1070 Test #1004: roottest-root-multicore-ttree_write ...........................................................   Passed    0.98 sec
        Start 328: tutorial-tree-tcl
681/1070 Test #866: roottest-root-meta-genreflex-excludedAutoparseKeys ............................................   Passed    2.12 sec
682/1070 Test #575: roottest-python-cmdLineUtils-SimpleRootmv4Clean ...............................................   Passed    1.33 sec
        Start  12: mathcore-kDTreeTest
        Start 871: roottest-root-meta-genreflex-mangledName-libgen-build
683/1070 Test #486: roottest-cling-typedef-runptrptr ..............................................................   Passed    1.72 sec
684/1070 Test #571: roottest-python-cmdLineUtils-SimpleRootmv3Clean ...............................................   Passed    1.71 sec
685/1070 Test #871: roottest-root-meta-genreflex-mangledName-libgen-build .........................................   Passed    0.57 sec
        Start 872: roottest-root-meta-genreflex-mangledName
        Start 551: roottest-python-cmdLineUtils-SimpleRootcp3Clean
        Start 531: roottest-python-cmdLineUtils-SimpleRootmkdir1Clean
686/1070 Test #328: tutorial-tree-tcl .............................................................................   Passed    1.70 sec
        Start 936: roottest-root-meta-genreflex-headersDuplicateKeys-a2-libgen-build
687/1070 Test #872: roottest-root-meta-genreflex-mangledName ......................................................***Failed    1.01 sec
688/1070 Test #531: roottest-python-cmdLineUtils-SimpleRootmkdir1Clean ............................................   Passed    1.01 sec
689/1070 Test #936: roottest-root-meta-genreflex-headersDuplicateKeys-a2-libgen-build .............................   Passed    0.30 sec
690/1070 Test #551: roottest-python-cmdLineUtils-SimpleRootcp3Clean ...............................................   Passed    1.11 sec
        Start 938: roottest-root-meta-genreflex-headersDuplicateKeys-headersDuplicateKeys
        Start 1006: roottest-root-multicore-ttree_read
        Start 447: roottest-cling-stl-map-dict-build
        Start 911: roottest-root-meta-genreflex-TClass-basic_allClasses-libgen-build
691/1070 Test #160: tutorial-graphics-tmathtext ...................................................................   Passed    3.05 sec
692/1070 Test #447: roottest-cling-stl-map-dict-build .............................................................   Passed    0.21 sec
693/1070 Test #911: roottest-root-meta-genreflex-TClass-basic_allClasses-libgen-build .............................   Passed    0.50 sec
        Start 912: roottest-root-meta-genreflex-TClass-execbasic
        Start 1008: roottest-root-multicore-th1f_fill
        Start  43: test-stressshapes-interpreted
694/1070 Test #281: tutorial-multicore-mt102_readNtuplesFillHistosAndFit ..........................................   Passed    3.82 sec
695/1070 Test #1006: roottest-root-multicore-ttree_read ............................................................   Passed    0.82 sec
696/1070 Test #938: roottest-root-meta-genreflex-headersDuplicateKeys-headersDuplicateKeys ........................***Failed    0.83 sec
        Start 615: roottest-root-hist-mergeTH2Poly
        Start 319: tutorial-tree-hvector
        Start 539: roottest-python-cmdLineUtils-SimpleRootmkdir3Clean
697/1070 Test #1008: roottest-root-multicore-th1f_fill .............................................................   Passed    1.22 sec
        Start 543: roottest-python-cmdLineUtils-SimpleRootcp1Clean
698/1070 Test #912: roottest-root-meta-genreflex-TClass-execbasic .................................................***Failed    1.33 sec
699/1070 Test #615: roottest-root-hist-mergeTH2Poly ...............................................................   Passed    0.81 sec
700/1070 Test #539: roottest-python-cmdLineUtils-SimpleRootmkdir3Clean ............................................   Passed    0.92 sec
        Start 547: roottest-python-cmdLineUtils-SimpleRootcp2Clean
        Start 278: tutorial-multicore-mp102_readNtuplesFillHistosAndFit
        Start 811: roottest-root-meta-enums-enumsInNamespaces2-libgen-build
701/1070 Test #543: roottest-python-cmdLineUtils-SimpleRootcp1Clean ...............................................   Passed    0.83 sec
702/1070 Test #811: roottest-root-meta-enums-enumsInNamespaces2-libgen-build ......................................   Passed    0.30 sec
703/1070 Test #319: tutorial-tree-hvector .........................................................................   Passed    1.53 sec
704/1070 Test  #12: mathcore-kDTreeTest ...........................................................................   Passed    4.39 sec
705/1070 Test  #43: test-stressshapes-interpreted .................................................................   Passed    2.17 sec
        Start 812: roottest-root-meta-enums-enumsInNamespaces2
        Start 240: tutorial-math-TSVDUnfoldExample
        Start 298: tutorial-tmva-TMVAClassificationApplication
        Start 858: roottest-root-meta-fwdDecls-fwdDeclarations-libgen-build
        Start 894: roottest-root-meta-genreflex-ROOT-5657-classes-libgen-build
706/1070 Test #858: roottest-root-meta-fwdDecls-fwdDeclarations-libgen-build ......................................   Passed    0.40 sec
707/1070 Test #894: roottest-root-meta-genreflex-ROOT-5657-classes-libgen-build ...................................   Passed    0.60 sec
        Start 859: roottest-root-meta-fwdDecls-fwdDeclarations
        Start 895: roottest-root-meta-genreflex-ROOT-5657-execloadLib
708/1070 Test #547: roottest-python-cmdLineUtils-SimpleRootcp2Clean ...............................................   Passed    1.00 sec
709/1070 Test #812: roottest-root-meta-enums-enumsInNamespaces2 ...................................................***Failed    0.90 sec
710/1070 Test #895: roottest-root-meta-genreflex-ROOT-5657-execloadLib ............................................***Failed    0.65 sec
        Start 559: roottest-python-cmdLineUtils-SimpleRootcp5Clean
        Start 304: tutorial-tmva-TMVAMulticlassApplication
        Start  97: tutorial-fit-fitslicesy
711/1070 Test #859: roottest-root-meta-fwdDecls-fwdDeclarations ...................................................***Failed    1.16 sec
        Start 107: tutorial-foam-foam_kanwa
712/1070 Test  #97: tutorial-fit-fitslicesy .......................................................................   Passed    1.01 sec
713/1070 Test #559: roottest-python-cmdLineUtils-SimpleRootcp5Clean ...............................................   Passed    1.01 sec
        Start 908: roottest-root-meta-genreflex-ROOT-6640-ROOT6440
        Start 767: roottest-root-meta-autoloading-runFullMissingEntriesROOT-5759-auto
714/1070 Test #107: tutorial-foam-foam_kanwa ......................................................................   Passed    1.11 sec
715/1070 Test #240: tutorial-math-TSVDUnfoldExample ...............................................................   Passed    3.09 sec
        Start 801: roottest-root-meta-enums-fclassVal-libgen-build
        Start  42: test-stressshapes
716/1070 Test #278: tutorial-multicore-mp102_readNtuplesFillHistosAndFit ..........................................   Passed    3.80 sec
717/1070 Test #908: roottest-root-meta-genreflex-ROOT-6640-ROOT6440 ...............................................   Passed    0.84 sec
718/1070 Test #767: roottest-root-meta-autoloading-runFullMissingEntriesROOT-5759-auto ............................   Passed    0.84 sec
719/1070 Test #801: roottest-root-meta-enums-fclassVal-libgen-build ...............................................   Passed    0.23 sec
720/1070 Test #298: tutorial-tmva-TMVAClassificationApplication ...................................................   Passed    3.52 sec
        Start 802: roottest-root-meta-enums-fclassVal
        Start 100: tutorial-fit-line3Dfit
        Start 102: tutorial-fit-multifit
        Start 434: roottest-cling-specialobj-argtwice
        Start 809: roottest-root-meta-enums-enumsInNamespaces-libgen-build
721/1070 Test #809: roottest-root-meta-enums-enumsInNamespaces-libgen-build .......................................   Passed    0.70 sec
        Start 810: roottest-root-meta-enums-enumsInNamespaces
722/1070 Test #304: tutorial-tmva-TMVAMulticlassApplication .......................................................   Passed    2.97 sec
723/1070 Test #802: roottest-root-meta-enums-fclassVal ............................................................***Failed    0.82 sec
724/1070 Test #102: tutorial-fit-multifit .........................................................................   Passed    0.81 sec
725/1070 Test #434: roottest-cling-specialobj-argtwice ............................................................   Passed    1.01 sec
726/1070 Test  #42: test-stressshapes .............................................................................   Passed    1.40 sec
        Start 333: tutorial-tree-treefriend
        Start 1010: roottest-root-multicore-tprofile
        Start 323: tutorial-tree-parallelcoordtrans
        Start 803: roottest-root-meta-enums-qualifiedNames-libgen-build
        Start   7: mathcore-stressTMath
727/1070 Test #810: roottest-root-meta-enums-enumsInNamespaces ....................................................***Failed    0.86 sec
728/1070 Test #803: roottest-root-meta-enums-qualifiedNames-libgen-build ..........................................   Passed    0.51 sec
        Start 804: roottest-root-meta-enums-qualifiedNames
        Start 563: roottest-python-cmdLineUtils-SimpleRootmv1Clean
729/1070 Test #1010: roottest-root-multicore-tprofile ..............................................................   Passed    0.92 sec
730/1070 Test #100: tutorial-fit-line3Dfit ........................................................................   Passed    1.98 sec
731/1070 Test #333: tutorial-tree-treefriend ......................................................................   Passed    1.12 sec
        Start 300: tutorial-tmva-TMVAClassificationCategoryApplication
        Start  95: tutorial-fit-fitcont
        Start 101: tutorial-fit-multidimfit
732/1070 Test #804: roottest-root-meta-enums-qualifiedNames .......................................................***Failed    0.92 sec
733/1070 Test #563: roottest-python-cmdLineUtils-SimpleRootmv1Clean ...............................................   Passed    0.92 sec
        Start 454: roottest-cling-stl-string-runcint
        Start 622: roottest-root-hist-formula-runformio
734/1070 Test  #95: tutorial-fit-fitcont ..........................................................................   Passed    1.01 sec
735/1070 Test #300: tutorial-tmva-TMVAClassificationCategoryApplication ...........................................   Passed    1.21 sec
        Start 891: roottest-root-meta-genreflex-ROOT-5626-5626
        Start 355: tutorial-pyroot-hsum
736/1070 Test #323: tutorial-tree-parallelcoordtrans ..............................................................   Passed    2.35 sec
737/1070 Test #454: roottest-cling-stl-string-runcint .............................................................   Passed    0.81 sec
738/1070 Test #622: roottest-root-hist-formula-runformio ..........................................................   Passed    1.01 sec
        Start 247: tutorial-math-limit
        Start 256: tutorial-math-mathcoreVectorCollection
        Start 597: roottest-root-aclic-load-reload
739/1070 Test #355: tutorial-pyroot-hsum ..........................................................................   Passed    0.92 sec
740/1070 Test #891: roottest-root-meta-genreflex-ROOT-5626-5626 ...................................................   Passed    0.99 sec
741/1070 Test #597: roottest-root-aclic-load-reload ...............................................................   Passed    0.48 sec
742/1070 Test #101: tutorial-fit-multidimfit ......................................................................   Passed    2.21 sec
        Start 263: tutorial-math-testUnfold2
        Start 275: tutorial-mlp-mlpRegression
        Start 356: tutorial-pyroot-multifit
        Start  84: tutorial-fit-TwoHistoFit2D
743/1070 Test   #7: mathcore-stressTMath ..........................................................................   Passed    4.35 sec
744/1070 Test #256: tutorial-math-mathcoreVectorCollection ........................................................   Passed    1.50 sec
745/1070 Test #356: tutorial-pyroot-multifit ......................................................................   Passed    1.11 sec
        Start 409: roottest-cling-other-runmissingXFunc_WILL_FAIL
        Start 349: tutorial-pyroot-framework
        Start 332: tutorial-tree-tree3
746/1070 Test  #84: tutorial-fit-TwoHistoFit2D ....................................................................   Passed    1.82 sec
747/1070 Test #275: tutorial-mlp-mlpRegression ....................................................................   Passed    1.92 sec
748/1070 Test #409: roottest-cling-other-runmissingXFunc_WILL_FAIL ................................................   Passed    0.64 sec
        Start 360: tutorial-pyroot-shapes
        Start 276: tutorial-multicore-mp001_fillHistos
        Start 109: tutorial-geom-RadioNuclides
749/1070 Test #247: tutorial-math-limit ...........................................................................   Passed    2.45 sec
750/1070 Test #349: tutorial-pyroot-framework .....................................................................   Passed    0.84 sec
        Start 410: roottest-cling-other-assertBaseMembers
        Start  10: mathcore-testRootFinder
751/1070 Test #360: tutorial-pyroot-shapes ........................................................................   Passed    0.83 sec
752/1070 Test #263: tutorial-math-testUnfold2 .....................................................................   Passed    2.89 sec
753/1070 Test #332: tutorial-tree-tree3 ...........................................................................   Passed    1.57 sec
754/1070 Test #109: tutorial-geom-RadioNuclides ...................................................................   Passed    1.03 sec
        Start   2: genetic-GAMinTutorial
        Start 351: tutorial-pyroot-gerrors
        Start 352: tutorial-pyroot-graph
        Start 283: tutorial-quadp-portfolio
755/1070 Test #410: roottest-cling-other-assertBaseMembers ........................................................   Passed    0.56 sec
756/1070 Test #351: tutorial-pyroot-gerrors .......................................................................   Passed    0.79 sec
        Start 308: tutorial-tree-basic
        Start 221: tutorial-hist-th2polyUSA
757/1070 Test   #2: genetic-GAMinTutorial .........................................................................   Passed    1.01 sec
758/1070 Test #352: tutorial-pyroot-graph .........................................................................   Passed    1.08 sec
759/1070 Test #276: tutorial-multicore-mp001_fillHistos ...........................................................   Passed    2.25 sec
        Start  29: mathcore-SparseFit3
        Start 805: roottest-root-meta-enums-enumsTestClasses-libgen-build
        Start 807: roottest-root-meta-enums-tEnumGetEnumClasses-libgen-build
760/1070 Test #308: tutorial-tree-basic ...........................................................................   Passed    0.55 sec
761/1070 Test  #10: mathcore-testRootFinder .......................................................................   Passed    1.99 sec
762/1070 Test #805: roottest-root-meta-enums-enumsTestClasses-libgen-build ........................................   Passed    0.22 sec
763/1070 Test #807: roottest-root-meta-enums-tEnumGetEnumClasses-libgen-build .....................................   Passed    0.32 sec
        Start 806: roottest-root-meta-enums-execEnumsTest
        Start 808: roottest-root-meta-enums-execTEnumGetEnum
        Start 317: tutorial-tree-hsimpleReader
        Start 274: tutorial-mlp-mlpHiggs
764/1070 Test #283: tutorial-quadp-portfolio ......................................................................   Passed    2.24 sec
        Start 440: roottest-cling-staticConstTreatment-execStaticConst_WILL_FAIL
765/1070 Test  #41: test-stress ...................................................................................***Failed  Error regular expression found in output. Regex=[FAILED|Error in] 22.90 sec
766/1070 Test #317: tutorial-tree-hsimpleReader ...................................................................   Passed    0.93 sec
767/1070 Test #808: roottest-root-meta-enums-execTEnumGetEnum .....................................................***Failed    0.93 sec
        Start 335: tutorial-xml-DOMParsePerson
        Start  57: test-stresstmva-interpreted
        Start 104: tutorial-fit-qa2
768/1070 Test #806: roottest-root-meta-enums-execEnumsTest ........................................................***Failed    1.25 sec
769/1070 Test #440: roottest-cling-staticConstTreatment-execStaticConst_WILL_FAIL .................................   Passed    0.93 sec
        Start 110: tutorial-geom-assembly
        Start 142: tutorial-graphics-gaxis
770/1070 Test #335: tutorial-xml-DOMParsePerson ...................................................................   Passed    0.72 sec
771/1070 Test  #29: mathcore-SparseFit3 ...........................................................................   Passed    2.39 sec
772/1070 Test #104: tutorial-fit-qa2 ..............................................................................   Passed    0.81 sec
        Start 238: tutorial-math-GammaFun
        Start  99: tutorial-fit-langaus
        Start 401: roottest-cling-operator-ConversionOp
773/1070 Test #142: tutorial-graphics-gaxis .......................................................................   Passed    0.51 sec
774/1070 Test  #57: test-stresstmva-interpreted ...................................................................   Passed    1.22 sec
775/1070 Test #274: tutorial-mlp-mlpHiggs .........................................................................   Passed    2.66 sec
776/1070 Test #221: tutorial-hist-th2polyUSA ......................................................................   Passed    3.62 sec
777/1070 Test #110: tutorial-geom-assembly ........................................................................   Passed    0.85 sec
        Start 721: roottest-root-meta-loadernotapp-build
        Start 232: tutorial-io-mergeSelective
        Start 201: tutorial-hist-greyscale
        Start  98: tutorial-fit-graph2dfit
        Start 384: roottest-cling-function-execrefDefaultParams_WILL_FAIL
778/1070 Test #721: roottest-root-meta-loadernotapp-build .........................................................   Passed    0.11 sec
        Start 722: roottest-root-meta-loadernotapp
779/1070 Test #401: roottest-cling-operator-ConversionOp ..........................................................   Passed    1.10 sec
780/1070 Test  #99: tutorial-fit-langaus ..........................................................................   Passed    1.30 sec
781/1070 Test #238: tutorial-math-GammaFun ........................................................................   Passed    1.30 sec
782/1070 Test #384: roottest-cling-function-execrefDefaultParams_WILL_FAIL ........................................   Passed    1.12 sec
        Start 168: tutorial-graphs-gerrors
        Start 868: roottest-root-meta-genreflex-pragmaOnce1_WILL_FAIL
        Start  55: test-stressvector-interpreted
        Start 411: roottest-cling-other-assertRedirect
783/1070 Test  #98: tutorial-fit-graph2dfit .......................................................................   Passed    1.34 sec
784/1070 Test #232: tutorial-io-mergeSelective ....................................................................   Passed    1.54 sec
785/1070 Test #201: tutorial-hist-greyscale .......................................................................   Passed    1.54 sec
        Start 359: tutorial-pyroot-rootmarks
        Start 117: tutorial-geom-parallel_world
        Start 118: tutorial-geom-rootgeom
786/1070 Test #722: roottest-root-meta-loadernotapp ...............................................................***Failed    1.05 sec
787/1070 Test #411: roottest-cling-other-assertRedirect ...........................................................   Passed    1.14 sec
        Start  76: tutorial-cont-TListAndSTL
        Start  81: tutorial-fit-ErrorIntegral
788/1070 Test #168: tutorial-graphs-gerrors .......................................................................   Passed    1.15 sec
789/1070 Test #868: roottest-root-meta-genreflex-pragmaOnce1_WILL_FAIL ............................................   Passed    1.35 sec
790/1070 Test  #55: test-stressvector-interpreted .................................................................   Passed    1.35 sec
        Start 346: tutorial-pyroot-first
        Start 327: tutorial-tree-staff
        Start  96: tutorial-fit-fithist
791/1070 Test  #81: tutorial-fit-ErrorIntegral ....................................................................   Passed    0.61 sec
792/1070 Test #359: tutorial-pyroot-rootmarks .....................................................................   Passed    1.25 sec
793/1070 Test #118: tutorial-geom-rootgeom ........................................................................   Passed    1.44 sec
794/1070 Test #117: tutorial-geom-parallel_world ..................................................................   Passed    1.44 sec
795/1070 Test  #76: tutorial-cont-TListAndSTL .....................................................................   Passed    0.82 sec
        Start 890: roottest-root-meta-genreflex-ROOT-5594-5594
        Start 287: tutorial-spectrum-peaks
        Start 747: roottest-root-meta-execnamespaceconflict-auto
        Start  78: tutorial-demos
        Start  80: tutorial-fit-ConfidenceIntervals
796/1070 Test #346: tutorial-pyroot-first .........................................................................   Passed    1.13 sec
797/1070 Test #747: roottest-root-meta-execnamespaceconflict-auto .................................................   Passed    0.99 sec
798/1070 Test #327: tutorial-tree-staff ...........................................................................   Passed    1.30 sec
799/1070 Test  #96: tutorial-fit-fithist ..........................................................................   Passed    1.30 sec
800/1070 Test  #80: tutorial-fit-ConfidenceIntervals ..............................................................   Passed    1.08 sec
801/1070 Test  #78: tutorial-demos ................................................................................   Passed    1.08 sec
        Start   1: genetic-testGAMinimizer
        Start 813: roottest-root-meta-enums-duplicateEnums-libgen-build
        Start 173: tutorial-graphs-graphShade
        Start 228: tutorial-io-file
        Start 195: tutorial-hist-ContourList
        Start 302: tutorial-tmva-TMVAGAexample2
802/1070 Test #890: roottest-root-meta-genreflex-ROOT-5594-5594 ...................................................   Passed    1.21 sec
803/1070 Test #813: roottest-root-meta-enums-duplicateEnums-libgen-build ..........................................   Passed    0.31 sec
804/1070 Test #287: tutorial-spectrum-peaks .......................................................................   Passed    1.41 sec
        Start 814: roottest-root-meta-enums-duplicateEnums
        Start  66: test-stressinterpreter
        Start 331: tutorial-tree-tree2
805/1070 Test #173: tutorial-graphs-graphShade ....................................................................   Passed    0.82 sec
806/1070 Test #302: tutorial-tmva-TMVAGAexample2 ..................................................................   Passed    1.17 sec
807/1070 Test #228: tutorial-io-file ..............................................................................   Passed    1.18 sec
        Start 273: tutorial-mc-CompareMasses
        Start 322: tutorial-tree-parallelcoord
        Start 301: tutorial-tmva-TMVAGAexample
808/1070 Test   #1: genetic-testGAMinimizer .......................................................................   Passed    1.25 sec
809/1070 Test #195: tutorial-hist-ContourList .....................................................................   Passed    1.44 sec
        Start 309: tutorial-tree-basic2
        Start 312: tutorial-tree-cernstaff
810/1070 Test #814: roottest-root-meta-enums-duplicateEnums .......................................................***Failed    1.44 sec
811/1070 Test #331: tutorial-tree-tree2 ...........................................................................   Passed    1.63 sec
812/1070 Test  #66: test-stressinterpreter ........................................................................   Passed    1.64 sec
813/1070 Test #322: tutorial-tree-parallelcoord ...................................................................   Passed    0.97 sec
814/1070 Test #301: tutorial-tmva-TMVAGAexample ...................................................................   Passed    1.03 sec
        Start 162: tutorial-graphics-tornado
        Start 113: tutorial-geom-mp3player
        Start 115: tutorial-geom-na49geomfile
        Start  89: tutorial-fit-fit2d
        Start 197: tutorial-hist-FirstContour
815/1070 Test #273: tutorial-mc-CompareMasses .....................................................................   Passed    1.28 sec
        Start 428: roottest-cling-reload-ROOT-7364
816/1070 Test #309: tutorial-tree-basic2 ..........................................................................   Passed    1.15 sec
817/1070 Test #312: tutorial-tree-cernstaff .......................................................................   Passed    1.35 sec
818/1070 Test #115: tutorial-geom-na49geomfile ....................................................................   Passed    1.02 sec
819/1070 Test  #89: tutorial-fit-fit2d ............................................................................   Passed    1.11 sec
        Start 362: tutorial-pyroot-surfaces
        Start 315: tutorial-tree-drawsparse
        Start 138: tutorial-graphics-feynman
        Start 826: roottest-root-meta-evolution-data6
820/1070 Test #162: tutorial-graphics-tornado .....................................................................   Passed    1.27 sec
821/1070 Test #197: tutorial-hist-FirstContour ....................................................................   Passed    1.46 sec
822/1070 Test #113: tutorial-geom-mp3player .......................................................................   Passed    1.57 sec
        Start 251: tutorial-math-mathStudent
        Start  25: mathcore-testFit
        Start 337: tutorial-xml-SAXHandler
823/1070 Test #428: roottest-cling-reload-ROOT-7364 ...............................................................   Passed    1.23 sec
824/1070 Test #138: tutorial-graphics-feynman .....................................................................   Passed    0.78 sec
        Start 218: tutorial-hist-th2polyBoxes
        Start 264: tutorial-math-testUnfold3
825/1070 Test #826: roottest-root-meta-evolution-data6 ............................................................   Passed    1.61 sec
826/1070 Test #315: tutorial-tree-drawsparse ......................................................................   Passed    1.72 sec
827/1070 Test #251: tutorial-math-mathStudent .....................................................................   Passed    1.15 sec
        Start 340: tutorial-pyroot-DynamicSlice
        Start 108: tutorial-geant3tasks
        Start  79: tutorial-demoshelp
828/1070 Test #362: tutorial-pyroot-surfaces ......................................................................   Passed    1.76 sec
829/1070 Test #337: tutorial-xml-SAXHandler .......................................................................   Passed    1.17 sec
830/1070 Test  #25: mathcore-testFit ..............................................................................   Passed    1.58 sec
        Start  91: tutorial-fit-fitLinear
        Start  92: tutorial-fit-fitLinear2
        Start 408: roottest-cling-other-runStaticDataMember
831/1070 Test #340: tutorial-pyroot-DynamicSlice ..................................................................   Passed    0.88 sec
832/1070 Test #264: tutorial-math-testUnfold3 .....................................................................   Passed    1.48 sec
833/1070 Test #108: tutorial-geant3tasks ..........................................................................   Passed    0.94 sec
834/1070 Test  #79: tutorial-demoshelp ............................................................................   Passed    1.04 sec
        Start 252: tutorial-math-mathcoreCDF
        Start 216: tutorial-hist-statsEditing
        Start 179: tutorial-graphs-gtime
        Start 194: tutorial-graphs-zones
835/1070 Test  #92: tutorial-fit-fitLinear2 .......................................................................   Passed    0.64 sec
836/1070 Test #218: tutorial-hist-th2polyBoxes ....................................................................   Passed    1.70 sec
837/1070 Test #408: roottest-cling-other-runStaticDataMember ......................................................   Passed    0.94 sec
        Start 285: tutorial-regexp_pme
        Start 446: roottest-cling-stl-list-simple
        Start 183: tutorial-graphs-motorcycle
838/1070 Test  #91: tutorial-fit-fitLinear ........................................................................   Passed    1.08 sec
839/1070 Test #194: tutorial-graphs-zones .........................................................................   Passed    0.94 sec
840/1070 Test #216: tutorial-hist-statsEditing ....................................................................   Passed    0.94 sec
        Start  77: tutorial-cont-cnt001_basictseq
        Start 329: tutorial-tree-tree
        Start 324: tutorial-tree-printSizes
841/1070 Test #446: roottest-cling-stl-list-simple ................................................................   Passed    0.81 sec
842/1070 Test #252: tutorial-math-mathcoreCDF .....................................................................   Passed    1.35 sec
843/1070 Test #179: tutorial-graphs-gtime .........................................................................   Passed    1.34 sec
844/1070 Test #285: tutorial-regexp_pme ...........................................................................   Passed    1.02 sec
        Start 161: tutorial-graphics-tmathtext2
        Start 178: tutorial-graphs-graphtext
        Start 112: tutorial-geom-geodemo
        Start 166: tutorial-graphs-exclusiongraph
845/1070 Test #183: tutorial-graphs-motorcycle ....................................................................   Passed    1.13 sec
846/1070 Test  #77: tutorial-cont-cnt001_basictseq ................................................................   Passed    0.91 sec
847/1070 Test #329: tutorial-tree-tree ............................................................................   Passed    0.90 sec
        Start 130: tutorial-graphics-canvas2
        Start  65: test-stressiterators-interpreted
        Start 119: tutorial-geom-runplugin
848/1070 Test #324: tutorial-tree-printSizes ......................................................................   Passed    1.00 sec
849/1070 Test #166: tutorial-graphs-exclusiongraph ................................................................   Passed    1.12 sec
        Start  85: tutorial-fit-exampleFit3D
        Start  88: tutorial-fit-fit2a
850/1070 Test #112: tutorial-geom-geodemo .........................................................................   Passed    1.35 sec
851/1070 Test #178: tutorial-graphs-graphtext .....................................................................   Passed    1.35 sec
852/1070 Test #161: tutorial-graphics-tmathtext2 ..................................................................   Passed    1.46 sec
853/1070 Test #130: tutorial-graphics-canvas2 .....................................................................   Passed    1.03 sec
        Start 334: tutorial-tree-tv3
        Start 361: tutorial-pyroot-staff
        Start  93: tutorial-fit-fitLinearRobust
        Start 961: roottest-root-meta-rootcling-ROOT-7695-7695
854/1070 Test #119: tutorial-geom-runplugin .......................................................................   Passed    1.22 sec
855/1070 Test  #85: tutorial-fit-exampleFit3D .....................................................................   Passed    0.76 sec
856/1070 Test  #65: test-stressiterators-interpreted ..............................................................   Passed    1.38 sec
        Start 342: tutorial-pyroot-demoshelp
        Start 816: roottest-root-meta-evolution-data1
        Start 348: tutorial-pyroot-formula1
857/1070 Test  #88: tutorial-fit-fit2a ............................................................................   Passed    1.06 sec
858/1070 Test #961: roottest-root-meta-rootcling-ROOT-7695-7695 ...................................................   Passed    1.08 sec
859/1070 Test #361: tutorial-pyroot-staff .........................................................................   Passed    1.08 sec
860/1070 Test #334: tutorial-tree-tv3 .............................................................................   Passed    1.09 sec
        Start 818: roottest-root-meta-evolution-data2
        Start 255: tutorial-math-mathcoreStatFunc
        Start 137: tutorial-graphics-event
        Start 131: tutorial-graphics-compile
861/1070 Test  #93: tutorial-fit-fitLinearRobust ..................................................................   Passed    1.20 sec
        Start 237: tutorial-math-FeldmanCousins
862/1070 Test #348: tutorial-pyroot-formula1 ......................................................................   Passed    1.37 sec
863/1070 Test #816: roottest-root-meta-evolution-data1 ............................................................   Passed    1.37 sec
864/1070 Test #342: tutorial-pyroot-demoshelp .....................................................................   Passed    1.38 sec
865/1070 Test #131: tutorial-graphics-compile .....................................................................   Passed    1.02 sec
866/1070 Test #137: tutorial-graphics-event .......................................................................   Passed    1.02 sec
        Start 869: roottest-root-meta-genreflex-pragmaOnce2_WILL_FAIL
        Start 289: tutorial-spectrum-spectrumpainter
        Start 290: tutorial-splot-TestSPlot
        Start 282: tutorial-physics-PhaseSpace
        Start  90: tutorial-fit-fitExclude
867/1070 Test #255: tutorial-math-mathcoreStatFunc ................................................................   Passed    1.07 sec
868/1070 Test #818: roottest-root-meta-evolution-data2 ............................................................   Passed    1.48 sec
        Start 431: roottest-cling-return-exitcode
        Start 414: roottest-cling-parsing-runtestTable_WILL_FAIL
869/1070 Test #237: tutorial-math-FeldmanCousins ..................................................................   Passed    1.07 sec
870/1070 Test #282: tutorial-physics-PhaseSpace ...................................................................   Passed    1.04 sec
871/1070 Test  #90: tutorial-fit-fitExclude .......................................................................   Passed    1.13 sec
        Start  38: test-vmatrix
        Start 820: roottest-root-meta-evolution-data3
        Start 213: tutorial-hist-rebin
872/1070 Test #869: roottest-root-meta-genreflex-pragmaOnce2_WILL_FAIL ............................................   Passed    1.27 sec
873/1070 Test #290: tutorial-splot-TestSPlot ......................................................................   Passed    1.45 sec
874/1070 Test #431: roottest-cling-return-exitcode ................................................................   Passed    1.02 sec
        Start 163: tutorial-graphics-triangles
        Start 164: tutorial-graphs-approx
        Start 336: tutorial-xml-DOMRecursive
875/1070 Test #414: roottest-cling-parsing-runtestTable_WILL_FAIL .................................................   Passed    1.02 sec
876/1070 Test #289: tutorial-spectrum-spectrumpainter .............................................................   Passed    1.77 sec
877/1070 Test  #38: test-vmatrix ..................................................................................   Passed    0.61 sec
878/1070 Test #213: tutorial-hist-rebin ...........................................................................   Passed    0.71 sec
        Start 165: tutorial-graphs-bent
        Start  23: mathcore-testAnalyticalIntegrals
        Start 870: roottest-root-meta-genreflex-pragmaOnce3_WILL_FAIL
        Start 181: tutorial-graphs-labels1
879/1070 Test #164: tutorial-graphs-approx ........................................................................   Passed    0.90 sec
880/1070 Test #820: roottest-root-meta-evolution-data3 ............................................................   Passed    1.41 sec
881/1070 Test #163: tutorial-graphics-triangles ...................................................................   Passed    1.01 sec
        Start  28: mathcore-SparseFit4
        Start 199: tutorial-hist-draw2dopt
        Start 146: tutorial-graphics-latex3
882/1070 Test #336: tutorial-xml-DOMRecursive .....................................................................   Passed    1.13 sec
883/1070 Test #181: tutorial-graphs-labels1 .......................................................................   Passed    0.86 sec
884/1070 Test #165: tutorial-graphs-bent ..........................................................................   Passed    1.17 sec
        Start 272: tutorial-matrix-solveLinear
        Start 203: tutorial-hist-hbars
        Start 204: tutorial-hist-hksimple
885/1070 Test #870: roottest-root-meta-genreflex-pragmaOnce3_WILL_FAIL ............................................   Passed    1.28 sec
886/1070 Test  #23: mathcore-testAnalyticalIntegrals ..............................................................   Passed    1.28 sec
887/1070 Test #146: tutorial-graphics-latex3 ......................................................................   Passed    0.76 sec
888/1070 Test #199: tutorial-hist-draw2dopt .......................................................................   Passed    0.86 sec
        Start 743: roottest-root-meta-assertVarOffset-auto
        Start 226: tutorial-io-double32
        Start 154: tutorial-graphics-pavetext
        Start 261: tutorial-math-quantiles
889/1070 Test #204: tutorial-hist-hksimple ........................................................................   Passed    1.14 sec
        Start 227: tutorial-io-fildir
890/1070 Test #272: tutorial-matrix-solveLinear ...................................................................   Passed    1.15 sec
891/1070 Test #203: tutorial-hist-hbars ...........................................................................   Passed    1.35 sec
892/1070 Test #261: tutorial-math-quantiles .......................................................................   Passed    0.91 sec
893/1070 Test  #28: mathcore-SparseFit4 ...........................................................................   Passed    1.91 sec
894/1070 Test #154: tutorial-graphics-pavetext ....................................................................   Passed    0.91 sec
895/1070 Test #743: roottest-root-meta-assertVarOffset-auto .......................................................   Passed    0.92 sec
        Start 177: tutorial-graphs-graphstruct
        Start 127: tutorial-graphics-arrow
        Start 128: tutorial-graphics-basic3d
        Start 129: tutorial-graphics-canvas
        Start 234: tutorial-io-testMergeCont
        Start 235: tutorial-math-ChebyshevPol
896/1070 Test #227: tutorial-io-fildir ............................................................................   Passed    1.12 sec
897/1070 Test #127: tutorial-graphics-arrow .......................................................................   Passed    1.05 sec
898/1070 Test #129: tutorial-graphics-canvas ......................................................................   Passed    1.05 sec
899/1070 Test #235: tutorial-math-ChebyshevPol ....................................................................   Passed    1.10 sec
900/1070 Test #128: tutorial-graphics-basic3d .....................................................................   Passed    1.11 sec
901/1070 Test #234: tutorial-io-testMergeCont .....................................................................   Passed    1.17 sec
        Start 236: tutorial-math-CrystalBall
        Start 180: tutorial-graphs-gtime2
        Start  13: mathcore-testkdTreeBinning
        Start 239: tutorial-math-Rolke
        Start  15: mathcore-binarySearchTime
        Start 279: tutorial-multicore-mt001_fillHistos
902/1070 Test #177: tutorial-graphs-graphstruct ...................................................................   Passed    1.20 sec
903/1070 Test #226: tutorial-io-double32 ..........................................................................   Passed    2.22 sec
        Start  87: tutorial-fit-fit2
        Start 473: roottest-cling-template-interpreted
904/1070 Test #239: tutorial-math-Rolke ...........................................................................   Passed    1.13 sec
905/1070 Test  #13: mathcore-testkdTreeBinning ....................................................................   Passed    1.23 sec
        Start 171: tutorial-graphs-graph2derrorsfit
        Start 158: tutorial-graphics-pstable
906/1070 Test #236: tutorial-math-CrystalBall .....................................................................   Passed    1.24 sec
907/1070 Test #473: roottest-cling-template-interpreted ...........................................................   Passed    0.71 sec
908/1070 Test  #87: tutorial-fit-fit2 .............................................................................   Passed    0.77 sec
909/1070 Test  #15: mathcore-binarySearchTime .....................................................................   Passed    1.39 sec
910/1070 Test #180: tutorial-graphs-gtime2 ........................................................................   Passed    1.40 sec
        Start 111: tutorial-geom-csgdemo
        Start 242: tutorial-math-chi2test
        Start 339: tutorial-xml-xmlreadfile
        Start 193: tutorial-graphs-zdemo
        Start 206: tutorial-hist-hlabels2
911/1070 Test #279: tutorial-multicore-mt001_fillHistos ...........................................................   Passed    2.21 sec
912/1070 Test #158: tutorial-graphics-pstable .....................................................................   Passed    0.98 sec
        Start 196: tutorial-hist-DynamicSlice
        Start 271: tutorial-matrix-invertMatrix
913/1070 Test #171: tutorial-graphs-graph2derrorsfit ..............................................................   Passed    1.11 sec
914/1070 Test #339: tutorial-xml-xmlreadfile ......................................................................   Passed    1.03 sec
915/1070 Test #111: tutorial-geom-csgdemo .........................................................................   Passed    1.13 sec
        Start 286: tutorial-rootenv
        Start 123: tutorial-geom-xtruSamples
        Start 198: tutorial-hist-cumulative
916/1070 Test #206: tutorial-hist-hlabels2 ........................................................................   Passed    1.34 sec
917/1070 Test #242: tutorial-math-chi2test ........................................................................   Passed    1.44 sec
918/1070 Test #193: tutorial-graphs-zdemo .........................................................................   Passed    1.44 sec
919/1070 Test #196: tutorial-hist-DynamicSlice ....................................................................   Passed    0.84 sec
920/1070 Test #271: tutorial-matrix-invertMatrix ..................................................................   Passed    0.93 sec
        Start 208: tutorial-hist-hsum
        Start 184: tutorial-graphs-multigraph
        Start 364: tutorial-pyroot-tornado
        Start 220: tutorial-hist-th2polyHoneycomb
        Start 233: tutorial-io-readCode
921/1070 Test #286: tutorial-rootenv ..............................................................................   Passed    1.15 sec
922/1070 Test #198: tutorial-hist-cumulative ......................................................................   Passed    1.14 sec
923/1070 Test #123: tutorial-geom-xtruSamples .....................................................................   Passed    1.35 sec
924/1070 Test #220: tutorial-hist-th2polyHoneycomb ................................................................   Passed    1.01 sec
925/1070 Test #208: tutorial-hist-hsum ............................................................................   Passed    1.06 sec
        Start 192: tutorial-graphs-waves
        Start 144: tutorial-graphics-latex
        Start  14: mathcore-newKDTreeTest
        Start 145: tutorial-graphics-latex2
        Start 147: tutorial-graphics-latex4
926/1070 Test #233: tutorial-io-readCode ..........................................................................   Passed    1.37 sec
927/1070 Test #184: tutorial-graphs-multigraph ....................................................................   Passed    1.37 sec
928/1070 Test  #14: mathcore-newKDTreeTest ........................................................................   Passed    0.41 sec
929/1070 Test #364: tutorial-pyroot-tornado .......................................................................   Passed    1.57 sec
        Start 148: tutorial-graphics-latex5
        Start 365: tutorial-pyroot-tree
        Start 343: tutorial-pyroot-fildir
        Start 344: tutorial-pyroot-file
930/1070 Test #145: tutorial-graphics-latex2 ......................................................................   Passed    0.93 sec
        Start 134: tutorial-graphics-earth
931/1070 Test #147: tutorial-graphics-latex4 ......................................................................   Passed    1.14 sec
932/1070 Test #144: tutorial-graphics-latex .......................................................................   Passed    1.25 sec
933/1070 Test #192: tutorial-graphs-waves .........................................................................   Passed    1.35 sec
934/1070 Test #148: tutorial-graphics-latex5 ......................................................................   Passed    0.97 sec
935/1070 Test #344: tutorial-pyroot-file ..........................................................................   Passed    1.12 sec
        Start 136: tutorial-graphics-eval
        Start 824: roottest-root-meta-evolution-data5
        Start 176: tutorial-graphs-graphpolar3
        Start 185: tutorial-graphs-multipalette
        Start 217: tutorial-hist-testSmooth
936/1070 Test #343: tutorial-pyroot-fildir ........................................................................   Passed    1.28 sec
937/1070 Test #365: tutorial-pyroot-tree ..........................................................................   Passed    1.48 sec
938/1070 Test #134: tutorial-graphics-earth .......................................................................   Passed    1.03 sec
        Start 205: tutorial-hist-hlabels1
        Start 122: tutorial-geom-xtruDraw
        Start 207: tutorial-hist-hstack
939/1070 Test #136: tutorial-graphics-eval ........................................................................   Passed    0.93 sec
940/1070 Test #217: tutorial-hist-testSmooth ......................................................................   Passed    1.14 sec
941/1070 Test #176: tutorial-graphs-graphpolar3 ...................................................................   Passed    1.17 sec
        Start  27: mathcore-SparseDataComparer
        Start 182: tutorial-graphs-labels2
        Start 244: tutorial-math-exampleTKDE
942/1070 Test #185: tutorial-graphs-multipalette ..................................................................   Passed    1.29 sec
943/1070 Test #824: roottest-root-meta-evolution-data5 ............................................................   Passed    1.32 sec
944/1070 Test #205: tutorial-hist-hlabels1 ........................................................................   Passed    1.21 sec
        Start 149: tutorial-graphics-mandelbrot
        Start  37: test-vvector
        Start 257: tutorial-math-mathcoreVectorFloatIO
945/1070 Test #207: tutorial-hist-hstack ..........................................................................   Passed    1.44 sec
946/1070 Test #122: tutorial-geom-xtruDraw ........................................................................   Passed    1.45 sec
947/1070 Test #182: tutorial-graphs-labels2 .......................................................................   Passed    0.77 sec
948/1070 Test  #27: mathcore-SparseDataComparer ...................................................................   Passed    0.88 sec
        Start 140: tutorial-graphics-formula1
        Start 141: tutorial-graphics-framework
        Start 458: roottest-cling-stl-vector-Run_WILL_FAIL
        Start 188: tutorial-graphs-surfaces
949/1070 Test #244: tutorial-math-exampleTKDE .....................................................................   Passed    1.24 sec
950/1070 Test #149: tutorial-graphics-mandelbrot ..................................................................   Passed    1.00 sec
951/1070 Test  #37: test-vvector ..................................................................................   Passed    0.99 sec
        Start 189: tutorial-graphs-timeonaxis
        Start 459: roottest-cling-stl-vector-t02_WILL_FAIL
        Start 270: tutorial-math-vavilov
952/1070 Test #257: tutorial-math-mathcoreVectorFloatIO ...........................................................   Passed    1.02 sec
953/1070 Test #140: tutorial-graphics-formula1 ....................................................................   Passed    0.57 sec
954/1070 Test #141: tutorial-graphics-framework ...................................................................   Passed    0.86 sec
        Start 222: tutorial-hist-transpad
        Start 223: tutorial-hist-twoscales
        Start 170: tutorial-graphs-graph
955/1070 Test #270: tutorial-math-vavilov .........................................................................   Passed    0.81 sec
956/1070 Test #188: tutorial-graphs-surfaces ......................................................................   Passed    1.34 sec
957/1070 Test #458: roottest-cling-stl-vector-Run_WILL_FAIL .......................................................   Passed    1.34 sec
958/1070 Test #459: roottest-cling-stl-vector-t02_WILL_FAIL .......................................................   Passed    0.81 sec
959/1070 Test #189: tutorial-graphs-timeonaxis ....................................................................   Passed    0.88 sec
        Start 313: tutorial-tree-circular
        Start 258: tutorial-math-mathcoreVectorIO
        Start 159: tutorial-graphics-quarks
        Start 260: tutorial-math-principal
        Start 246: tutorial-math-kdTreeBinning
960/1070 Test #222: tutorial-hist-transpad ........................................................................   Passed    1.17 sec
        Start 175: tutorial-graphs-graphpolar2
961/1070 Test #170: tutorial-graphs-graph .........................................................................   Passed    1.18 sec
962/1070 Test #223: tutorial-hist-twoscales .......................................................................   Passed    1.18 sec
963/1070 Test #260: tutorial-math-principal .......................................................................   Passed    1.09 sec
964/1070 Test #175: tutorial-graphs-graphpolar2 ...................................................................   Passed    0.46 sec
965/1070 Test #159: tutorial-graphics-quarks ......................................................................   Passed    1.18 sec
        Start 249: tutorial-math-mathGammaNormal
        Start 126: tutorial-graphics-archi
        Start 253: tutorial-math-mathcoreGenVector
        Start 121: tutorial-geom-shapesAnim
        Start 211: tutorial-hist-multicolor
966/1070 Test #246: tutorial-math-kdTreeBinning ...................................................................   Passed    1.39 sec
967/1070 Test #313: tutorial-tree-circular ........................................................................   Passed    1.40 sec
        Start 296: tutorial-thread-threadsh2
        Start 214: tutorial-hist-reverseaxis
968/1070 Test #258: tutorial-math-mathcoreVectorIO ................................................................   Passed    2.12 sec
969/1070 Test #249: tutorial-math-mathGammaNormal .................................................................   Passed    1.03 sec
970/1070 Test #121: tutorial-geom-shapesAnim ......................................................................   Passed    1.03 sec
        Start 215: tutorial-hist-sparsehist
        Start  67: test-testbits
        Start 152: tutorial-graphics-mass_spectrum
971/1070 Test #126: tutorial-graphics-archi .......................................................................   Passed    1.18 sec
972/1070 Test #211: tutorial-hist-multicolor ......................................................................   Passed    1.17 sec
973/1070 Test #253: tutorial-math-mathcoreGenVector ...............................................................   Passed    1.28 sec
974/1070 Test #296: tutorial-thread-threadsh2 .....................................................................   Passed    0.85 sec
        Start 139: tutorial-graphics-first
        Start 248: tutorial-math-mathBeta
        Start 143: tutorial-graphics-gaxis2
        Start 254: tutorial-math-mathcoreSpecFunc
975/1070 Test #214: tutorial-hist-reverseaxis .....................................................................   Passed    1.07 sec
976/1070 Test #152: tutorial-graphics-mass_spectrum ...............................................................   Passed    0.63 sec
977/1070 Test #215: tutorial-hist-sparsehist ......................................................................   Passed    0.71 sec
978/1070 Test  #67: test-testbits .................................................................................   Passed    0.89 sec
        Start 191: tutorial-graphs-timeonaxis3
        Start 210: tutorial-hist-logscales
        Start 212: tutorial-hist-ratioplot
        Start  33: test-minexam
979/1070 Test #248: tutorial-math-mathBeta ........................................................................   Passed    0.98 sec
980/1070 Test #254: tutorial-math-mathcoreSpecFunc ................................................................   Passed    0.97 sec
        Start 167: tutorial-graphs-exclusiongraph2
        Start 429: roottest-cling-return-constRetrunTest_WILL_FAIL
981/1070 Test #143: tutorial-graphics-gaxis2 ......................................................................   Passed    1.18 sec
982/1070 Test #139: tutorial-graphics-first .......................................................................   Passed    1.29 sec
983/1070 Test  #33: test-minexam ..................................................................................   Passed    1.11 sec
        Start 135: tutorial-graphics-ellipse
        Start  82: tutorial-fit-FittingDemo
        Start 822: roottest-root-meta-evolution-data4
984/1070 Test #191: tutorial-graphs-timeonaxis3 ...................................................................   Passed    1.13 sec
985/1070 Test #210: tutorial-hist-logscales .......................................................................   Passed    1.32 sec
986/1070 Test #212: tutorial-hist-ratioplot .......................................................................   Passed    1.42 sec
987/1070 Test #167: tutorial-graphs-exclusiongraph2 ...............................................................   Passed    0.84 sec
        Start 120: tutorial-geom-shapes
        Start 330: tutorial-tree-tree1
        Start 245: tutorial-math-goftest
        Start 125: tutorial-graphics-anim
988/1070 Test #429: roottest-cling-return-constRetrunTest_WILL_FAIL ...............................................   Passed    1.06 sec
989/1070 Test #135: tutorial-graphics-ellipse .....................................................................   Passed    0.96 sec
        Start 650: roottest-root-io-cpp11Containers-unorderedSet-libgen-build
        Start 284: tutorial-regexp
990/1070 Test #650: roottest-root-io-cpp11Containers-unorderedSet-libgen-build ....................................   Passed    0.10 sec
991/1070 Test #822: roottest-root-meta-evolution-data4 ............................................................   Passed    1.26 sec
992/1070 Test  #82: tutorial-fit-FittingDemo ......................................................................   Passed    1.36 sec
993/1070 Test #125: tutorial-graphics-anim ........................................................................   Passed    0.92 sec
        Start 827: roottest-root-meta-evolution-checkWarn0
        Start 828: roottest-root-meta-evolution-checkWarn1
        Start 829: roottest-root-meta-evolution-checkWarn2
        Start 830: roottest-root-meta-evolution-checkWarn3
994/1070 Test #330: tutorial-tree-tree1 ...........................................................................   Passed    1.25 sec
995/1070 Test #245: tutorial-math-goftest .........................................................................   Passed    1.34 sec
996/1070 Test #284: tutorial-regexp ...............................................................................   Passed    0.92 sec
997/1070 Test #120: tutorial-geom-shapes ..........................................................................   Passed    1.55 sec
        Start 831: roottest-root-meta-evolution-checkWarn4
        Start 832: roottest-root-meta-evolution-checkWarn10
        Start 833: roottest-root-meta-evolution-checkWarn11
        Start 834: roottest-root-meta-evolution-checkWarn12
998/1070 Test #827: roottest-root-meta-evolution-checkWarn0 .......................................................***Failed    1.87 sec
        Start 835: roottest-root-meta-evolution-checkWarn13
999/1070 Test #828: roottest-root-meta-evolution-checkWarn1 .......................................................***Failed    1.98 sec
1000/1070 Test #829: roottest-root-meta-evolution-checkWarn2 .......................................................***Failed    2.08 sec
1001/1070 Test #834: roottest-root-meta-evolution-checkWarn12 ......................................................***Failed    1.67 sec
1002/1070 Test #830: roottest-root-meta-evolution-checkWarn3 .......................................................***Failed    2.10 sec
1003/1070 Test #831: roottest-root-meta-evolution-checkWarn4 .......................................................***Failed    1.69 sec
1004/1070 Test #833: roottest-root-meta-evolution-checkWarn11 ......................................................***Failed    1.77 sec
        Start 836: roottest-root-meta-evolution-checkWarn14
        Start 837: roottest-root-meta-evolution-checkWarn15
        Start 838: roottest-root-meta-evolution-checkWarn16
        Start 839: roottest-root-meta-evolution-checkWarn17
        Start 840: roottest-root-meta-evolution-checkWarn18
        Start  35: test-tcollex
1005/1070 Test #832: roottest-root-meta-evolution-checkWarn10 ......................................................***Failed    1.90 sec
1006/1070 Test  #35: test-tcollex ..................................................................................   Passed    0.60 sec
        Start 225: tutorial-io-dirs
        Start 174: tutorial-graphs-graphpolar
1007/1070 Test #835: roottest-root-meta-evolution-checkWarn13 ......................................................***Failed    1.47 sec
        Start 250: tutorial-math-mathLaplace
1008/1070 Test #839: roottest-root-meta-evolution-checkWarn17 ......................................................***Failed    1.85 sec
1009/1070 Test #840: roottest-root-meta-evolution-checkWarn18 ......................................................***Failed    1.85 sec
1010/1070 Test #174: tutorial-graphs-graphpolar ....................................................................   Passed    1.23 sec
        Start 241: tutorial-math-binomial
        Start 243: tutorial-math-exampleFunctor
        Start   4: mathcore-testTMath
1011/1070 Test #836: roottest-root-meta-evolution-checkWarn14 ......................................................***Failed    1.87 sec
1012/1070 Test #837: roottest-root-meta-evolution-checkWarn15 ......................................................***Failed    1.92 sec
1013/1070 Test #838: roottest-root-meta-evolution-checkWarn16 ......................................................***Failed    2.02 sec
1014/1070 Test #225: tutorial-io-dirs ..............................................................................   Passed    1.40 sec
1015/1070 Test   #4: mathcore-testTMath ............................................................................   Passed    0.36 sec
        Start  83: tutorial-fit-Ifit
        Start 124: tutorial-graphics-analyze
        Start 367: roottest-cling-bytecode-runarrayhist_WILL_FAIL
        Start 259: tutorial-math-permute
        Start   9: mathcore-testIntegration
1016/1070 Test   #9: mathcore-testIntegration ......................................................................   Passed    0.10 sec
1017/1070 Test #250: tutorial-math-mathLaplace .....................................................................   Passed    1.24 sec
1018/1070 Test #241: tutorial-math-binomial ........................................................................   Passed    0.82 sec
1019/1070 Test #243: tutorial-math-exampleFunctor ..................................................................   Passed    0.82 sec
        Start 419: roottest-cling-parsing-TTestClass_h-build
        Start 132: tutorial-graphics-crown
        Start 133: tutorial-graphics-diamond
        Start  31: show-environment
1020/1070 Test  #31: show-environment ..............................................................................   Passed    0.05 sec
1021/1070 Test #124: tutorial-graphics-analyze .....................................................................   Passed    0.78 sec
1022/1070 Test #259: tutorial-math-permute .........................................................................   Passed    0.87 sec
1023/1070 Test  #83: tutorial-fit-Ifit .............................................................................   Passed    0.99 sec
1024/1070 Test #419: roottest-cling-parsing-TTestClass_h-build .....................................................   Passed    0.45 sec
        Start 420: roottest-cling-parsing-runTTestClass
        Start 156: tutorial-graphics-polytest1
        Start 172: tutorial-graphs-graphApply
        Start 209: tutorial-hist-hsumTimer
        Start  16: mathcore-stdsort
1025/1070 Test #367: roottest-cling-bytecode-runarrayhist_WILL_FAIL ................................................   Passed    1.13 sec
1026/1070 Test #133: tutorial-graphics-diamond .....................................................................   Passed    0.65 sec
1027/1070 Test #132: tutorial-graphics-crown .......................................................................   Passed    0.75 sec
        Start  18: mathcore-testSpecFuncGamma
        Start 873: roottest-root-meta-genreflex-MyClass_v1-libgen-build
        Start 151: tutorial-graphics-markerwarning
1028/1070 Test  #18: mathcore-testSpecFuncGamma ....................................................................   Passed    0.12 sec
1029/1070 Test #873: roottest-root-meta-genreflex-MyClass_v1-libgen-build ..........................................   Passed    0.11 sec
1030/1070 Test #420: roottest-cling-parsing-runTTestClass ..........................................................***Failed    0.90 sec
1031/1070 Test #172: tutorial-graphs-graphApply ....................................................................   Passed    0.89 sec
        Start 874: roottest-root-meta-genreflex-escapedQuotesRootmapGen
        Start 155: tutorial-graphics-piechart
        Start 652: roottest-root-io-cpp11Containers-unorderedMap-libgen-build
        Start 190: tutorial-graphs-timeonaxis2
1032/1070 Test #156: tutorial-graphics-polytest1 ...................................................................   Passed    1.01 sec
1033/1070 Test #652: roottest-root-io-cpp11Containers-unorderedMap-libgen-build ....................................   Passed    0.10 sec
1034/1070 Test #209: tutorial-hist-hsumTimer .......................................................................   Passed    1.20 sec
1035/1070 Test #151: tutorial-graphics-markerwarning ...............................................................   Passed    0.62 sec
1036/1070 Test  #16: mathcore-stdsort ..............................................................................   Passed    1.30 sec
        Start 157: tutorial-graphics-polytest2
        Start 169: tutorial-graphs-gerrors2
        Start 150: tutorial-graphics-manyaxis
        Start 363: tutorial-pyroot-test
        Start  70: test-delaunay
1037/1070 Test #190: tutorial-graphs-timeonaxis2 ...................................................................   Passed    0.83 sec
1038/1070 Test #363: tutorial-pyroot-test ..........................................................................   Passed    0.62 sec
        Start  11: mathcore-testSampleQuantiles
        Start 719: roottest-root-meta-rlibmap
1039/1070 Test #874: roottest-root-meta-genreflex-escapedQuotesRootmapGen ..........................................***Failed    1.06 sec
1040/1070 Test #155: tutorial-graphics-piechart ....................................................................   Passed    1.16 sec
1041/1070 Test  #11: mathcore-testSampleQuantiles ..................................................................   Passed    0.31 sec
1042/1070 Test #157: tutorial-graphics-polytest2 ...................................................................   Passed    1.02 sec
1043/1070 Test #719: roottest-root-meta-rlibmap ....................................................................   Passed    0.38 sec
        Start  94: tutorial-fit-fitMultiGraph
        Start  21: mathcore-testSpecFuncSiCi
        Start  24: mathcore-testTStatistic
        Start   5: mathcore-testBinarySearch
        Start  19: mathcore-testSpecFuncBeta
1044/1070 Test #150: tutorial-graphics-manyaxis ....................................................................   Passed    1.03 sec
1045/1070 Test  #70: test-delaunay .................................................................................   Passed    1.13 sec
1046/1070 Test  #21: mathcore-testSpecFuncSiCi .....................................................................   Passed    0.11 sec
1047/1070 Test #169: tutorial-graphs-gerrors2 ......................................................................   Passed    1.14 sec
1048/1070 Test   #5: mathcore-testBinarySearch .....................................................................   Passed    0.11 sec
1049/1070 Test  #24: mathcore-testTStatistic .......................................................................   Passed    0.21 sec
        Start 875: roottest-root-meta-genreflex-MyClass_v2-libgen-build
        Start  17: mathcore-testSpecFuncErf
        Start  34: test-tstring
        Start 640: roottest-root-io-complex-classWithComplex-libgen-build
        Start   6: mathcore-testSortOrder
        Start  69: test-qprandom
1050/1070 Test #640: roottest-root-io-complex-classWithComplex-libgen-build ........................................   Passed    0.05 sec
1051/1070 Test  #17: mathcore-testSpecFuncErf ......................................................................   Passed    0.16 sec
1052/1070 Test  #69: test-qprandom .................................................................................   Passed    0.15 sec
1053/1070 Test  #34: test-tstring ..................................................................................   Passed    0.15 sec
1054/1070 Test #875: roottest-root-meta-genreflex-MyClass_v2-libgen-build ..........................................   Passed    0.26 sec
1055/1070 Test   #6: mathcore-testSortOrder ........................................................................   Passed    0.25 sec
        Start 641: roottest-root-io-complex-writeClassWithComplex
        Start 876: roottest-root-meta-genreflex-escapedQuotesWriteTree
        Start  39: test-vlazy
        Start 648: roottest-root-io-cpp11Containers-forwardList-libgen-build
        Start  72: test-g2root
        Start  68: test-ctorture
1056/1070 Test  #19: mathcore-testSpecFuncBeta .....................................................................   Passed    0.59 sec
1057/1070 Test  #72: test-g2root ...................................................................................   Passed    0.11 sec
1058/1070 Test  #39: test-vlazy ....................................................................................   Passed    0.11 sec
1059/1070 Test  #68: test-ctorture .................................................................................   Passed    0.20 sec
1060/1070 Test  #94: tutorial-fit-fitMultiGraph ....................................................................   Passed    0.70 sec
1061/1070 Test #648: roottest-root-io-cpp11Containers-forwardList-libgen-build .....................................   Passed    0.21 sec
        Start 649: roottest-root-io-cpp11Containers-forwardList
        Start  20: mathcore-testSpecFuncBetaI
1062/1070 Test  #20: mathcore-testSpecFuncBetaI ....................................................................   Passed    0.30 sec
1063/1070 Test #876: roottest-root-meta-genreflex-escapedQuotesWriteTree ...........................................***Failed    0.87 sec
1064/1070 Test #641: roottest-root-io-complex-writeClassWithComplex ................................................***Failed    0.87 sec
        Start 642: roottest-root-io-complex-readClassWithComplex
        Start 877: roottest-root-meta-genreflex-escapedQuotesreadTree
1065/1070 Test #642: roottest-root-io-complex-readClassWithComplex .................................................***Failed    0.71 sec
1066/1070 Test #877: roottest-root-meta-genreflex-escapedQuotesreadTree ............................................***Failed    0.72 sec
1067/1070 Test #649: roottest-root-io-cpp11Containers-forwardList ..................................................***Failed    2.95 sec
        Start 651: roottest-root-io-cpp11Containers-unorderedSet
1068/1070 Test #651: roottest-root-io-cpp11Containers-unorderedSet .................................................***Failed    3.04 sec
        Start 653: roottest-root-io-cpp11Containers-unorderedMap
1069/1070 Test #653: roottest-root-io-cpp11Containers-unorderedMap .................................................***Failed   15.14 sec
        Start 654: roottest-root-io-cpp11Containers-Names
1070/1070 Test #654: roottest-root-io-cpp11Containers-Names ........................................................***Failed    2.13 sec

58% tests passed, 454 tests failed out of 1070

Label Time Summary:
cling         =  92.61 sec
regression    =  92.61 sec
roottest      =  92.61 sec
tutorial      = 903.86 sec

Total Test time (real) = 473.59 sec

The following tests FAILED:
	 41 - test-stress (Failed)
	 44 - test-stressgeometry (Failed)
	 45 - test-stressgeometry-interpreted (Failed)
	 46 - test-stresslinear (Failed)
	 47 - test-stresslinear-interpreted (Failed)
	 48 - test-stressgraphics (Failed)
	 49 - test-stressgraphics-interpreted (Failed)
	 60 - test-stressfit (Failed)
	 61 - test-stressfit-interpreted (Failed)
	 62 - test-stressentrylist (Failed)
	 63 - test-stressentrylist-interpreted (Failed)
	366 - roottest-cling-array-runarray1 (Failed)
	368 - roottest-cling-bytecode-runcomplex (Failed)
	369 - roottest-cling-bytecode-runhenry (Failed)
	370 - roottest-cling-const-run1 (Failed)
	371 - roottest-cling-const-run2 (Failed)
	373 - roottest-cling-controls-runLoopbreak (Failed)
	374 - roottest-cling-dict-rundefaultargs-interpreted (Failed)
	375 - roottest-cling-dict-rundefaultargs-compiled (Failed)
	376 - roottest-cling-dict-runtemplateAutodict (Failed)
	377 - roottest-cling-dict-runoperators (Failed)
	378 - roottest-cling-dict-runalgebra (Failed)
	379 - roottest-cling-dict-exectemplatetemplateTest (Failed)
	381 - roottest-cling-function-TheClass-build (Failed)
	382 - roottest-cling-function-runoverloadResolution (Failed)
	386 - roottest-cling-function-runstaticfunc (Failed)
	387 - roottest-cling-function-refFunction-build (Failed)
	388 - roottest-cling-function-refClasses-build (Failed)
	389 - roottest-cling-functionTemplate-t-build (Failed)
	390 - roottest-cling-functionTemplate-cintrun (Failed)
	391 - roottest-cling-functionTemplate-MyClassReferenceUse-build (Failed)
	392 - roottest-cling-functionTemplate-runreferenceuse (Failed)
	393 - roottest-cling-functionTemplate-testcint (Failed)
	394 - roottest-cling-offset-interpreted (Failed)
	395 - roottest-cling-offset-runvbase-build (Failed)
	396 - roottest-cling-offset-compiled (Failed)
	397 - roottest-cling-operator-equal-build (Failed)
	398 - roottest-cling-operator-runEqualTest (Failed)
	399 - roottest-cling-operator-ParanTest (Failed)
	400 - roottest-cling-operator-ConversionOp-build (Failed)
	402 - roottest-cling-other-fileClose-build (Failed)
	403 - roottest-cling-other-runfileClose (Failed)
	404 - roottest-cling-other-testCompile-build (Failed)
	405 - roottest-cling-other-runsavannah54662 (Failed)
	406 - roottest-cling-other-runsprintfselect (Failed)
	407 - roottest-cling-other-staticConstTest (Failed)
	412 - roottest-cling-parsing-runlessThan (Failed)
	417 - roottest-cling-parsing-runReadbool (Failed)
	418 - roottest-cling-parsing-ptrconst (Failed)
	420 - roottest-cling-parsing-runTTestClass (Failed)
	421 - roottest-cling-parsing-assertManipulators (Failed)
	422 - roottest-cling-parsing-assertSpaces (Failed)
	423 - roottest-cling-parsing-execROOT6625 (Failed)
	424 - roottest-cling-preproc-runCPPComments (Failed)
	425 - roottest-cling-printf-star (Failed)
	426 - roottest-cling-reflex-make (Failed)
	427 - roottest-cling-reload-reloadvector (Failed)
	430 - roottest-cling-return-barna (Failed)
	432 - roottest-cling-specialobj-assertGPad (Failed)
	435 - roottest-cling-specialobj-stlProxies (Failed)
	436 - roottest-cling-specialobj-runf02 (Failed)
	437 - roottest-cling-stack-tbox (Failed)
	441 - roottest-cling-staticinit-ROOT-7775 (Failed)
	444 - roottest-cling-stl-default-VectorSort (Failed)
	448 - roottest-cling-stl-map-MyOpClass-build (Failed)
	449 - roottest-cling-stl-map-badOperator (Failed)
	450 - roottest-cling-stl-map-stringMapLoad-build (Failed)
	451 - roottest-cling-stl-map-stringMap (Failed)
	452 - roottest-cling-stl-map-MyClass-build (Failed)
	453 - roottest-cling-stl-map-badstringMap (Failed)
	455 - roottest-cling-stl-string-t01-build (Failed)
	456 - roottest-cling-stl-string-stringPassingText (Failed)
	457 - roottest-cling-stl-vector-t01-build (Failed)
	460 - roottest-cling-template-longlong-build (Failed)
	461 - roottest-cling-template-longlong (Failed)
	462 - roottest-cling-template-Singleton-build (Failed)
	463 - roottest-cling-template-templateSingleton (Failed)
	469 - roottest-cling-template-usingtemplate-build (Failed)
	470 - roottest-cling-template-runusingtemplate (Failed)
	471 - roottest-cling-template-templatefriend-build (Failed)
	472 - roottest-cling-template-runtemplatefriend (Failed)
	475 - roottest-cling-template-defaultTemplateParam (Failed)
	476 - roottest-cling-template-separateDict-make (Failed)
	477 - roottest-cling-template-separateDictNamespace-make (Failed)
	478 - roottest-cling-templateMembers-duplicate-build (Failed)
	479 - roottest-cling-templateMembers-runduplicate (Failed)
	480 - roottest-cling-templateMembers-operatorEqual-build (Failed)
	481 - roottest-cling-templateMembers-runoperatorEqual (Failed)
	482 - roottest-cling-templateMembers-constructor-build (Failed)
	483 - roottest-cling-templateMembers-runConstructor (Failed)
	485 - roottest-cling-typedef-vclass-build (Failed)
	487 - roottest-cling-typedef-testclass-build (Failed)
	488 - roottest-cling-typedef-testclass (Failed)
	489 - roottest-cling-typedef-assertTypedefIter (Failed)
	490 - roottest-cling-typedef-assertFuncArray (Failed)
	493 - roottest-cling-typedef_global-scopeTest (Failed)
	494 - roottest-cling-typedef_global-scopeTest2 (Failed)
	495 - roottest-python-basic-basic (Failed)
	497 - roottest-python-basic-operator (Failed)
	498 - roottest-python-basic-overload (Failed)
	499 - roottest-python-cling-api (Failed)
	500 - roottest-python-cling-class (Failed)
	501 - roottest-python-cling-cling (Failed)
	502 - roottest-python-cmdLineUtils-SimplePattern1 (Failed)
	503 - roottest-python-cmdLineUtils-SimplePattern2 (Failed)
	504 - roottest-python-cmdLineUtils-SimplePattern3 (Failed)
	505 - roottest-python-cmdLineUtils-SimpleRootls1 (Failed)
	506 - roottest-python-cmdLineUtils-SimpleRootls2 (Failed)
	507 - roottest-python-cmdLineUtils-SimpleRootls3 (Failed)
	508 - roottest-python-cmdLineUtils-SimpleRootls4 (Failed)
	509 - roottest-python-cmdLineUtils-LongRootls1 (Failed)
	510 - roottest-python-cmdLineUtils-LongRootls2 (Failed)
	511 - roottest-python-cmdLineUtils-LongRootls3 (Failed)
	512 - roottest-python-cmdLineUtils-LongRootls4 (Failed)
	513 - roottest-python-cmdLineUtils-WebRootls1 (Failed)
	514 - roottest-python-cmdLineUtils-WebRootls2 (Failed)
	515 - roottest-python-cmdLineUtils-TreeRootls1 (Failed)
	518 - roottest-python-cmdLineUtils-SimpleRootrm1CheckOutput (Failed)
	522 - roottest-python-cmdLineUtils-SimpleRootrm2CheckOutput (Failed)
	526 - roottest-python-cmdLineUtils-SimpleRootrm3CheckOutput (Failed)
	530 - roottest-python-cmdLineUtils-SimpleRootmkdir1CheckOutput (Failed)
	534 - roottest-python-cmdLineUtils-SimpleRootmkdir2CheckOutput (Failed)
	538 - roottest-python-cmdLineUtils-SimpleRootmkdir3CheckOutput (Failed)
	542 - roottest-python-cmdLineUtils-SimpleRootcp1CheckOutput (Failed)
	546 - roottest-python-cmdLineUtils-SimpleRootcp2CheckOutput (Failed)
	550 - roottest-python-cmdLineUtils-SimpleRootcp3CheckOutput (Failed)
	554 - roottest-python-cmdLineUtils-SimpleRootcp4CheckOutput (Failed)
	558 - roottest-python-cmdLineUtils-SimpleRootcp5CheckOutput (Failed)
	562 - roottest-python-cmdLineUtils-SimpleRootmv1CheckOutput (Failed)
	566 - roottest-python-cmdLineUtils-SimpleRootmv2CheckOutput (Failed)
	570 - roottest-python-cmdLineUtils-SimpleRootmv3CheckOutput (Failed)
	574 - roottest-python-cmdLineUtils-SimpleRootmv4CheckOutput (Failed)
	578 - roottest-python-cmdLineUtils-SimpleRootmv5CheckOutput (Failed)
	583 - roottest-python-function-function (Failed)
	584 - roottest-python-memory-memory (Failed)
	585 - roottest-python-pickle-write (Failed)
	586 - roottest-python-pickle-read (Failed)
	587 - roottest-python-pythonizations-pythonizations (Failed)
	592 - roottest-python-ttree-ttree (Failed)
	593 - roottest-root-aclic-withspace-runthetest (Failed)
	595 - roottest-root-aclic-load-autoloadtest-build (Failed)
	596 - roottest-root-aclic-load-autoload (Failed)
	598 - roottest-root-aclic-load-linktest (Failed)
	599 - roottest-root-aclic-load-MyClass-build (Failed)
	600 - roottest-root-aclic-load-autoloadNamespace (Failed)
	601 - roottest-root-aclic-misc-runrelpath (Failed)
	602 - roottest-root-aclic-misc-assertmyfun (Failed)
	603 - roottest-root-aclic-misc-assertROOT7027 (Failed)
	604 - roottest-root-aclic-offset-TOffset-build (Failed)
	605 - roottest-root-collection-runCATTreeClear-auto (Failed)
	606 - roottest-root-collection-runTMap-auto (Failed)
	607 - roottest-root-collection-runtbits-auto (Failed)
	608 - roottest-root-collection-execRangeExpression-auto (Failed)
	609 - roottest-root-collection-execTClonesArrayAbsorb-auto (Failed)
	610 - roottest-root-collection-execHistArray-auto (Failed)
	611 - roottest-root-collection-execMissing (Failed)
	612 - roottest-root-collection-runTExMap (Failed)
	613 - roottest-root-core-TEnv (Failed)
	614 - roottest-root-fit-linear-runstoring (Failed)
	617 - roottest-root-hist-h2root (Failed)
	618 - roottest-root-hist-division-runtestTEfficiency (Failed)
	619 - roottest-root-hist-formula-assertTernary (Failed)
	620 - roottest-root-hist-formula-execGetExp (Failed)
	621 - roottest-root-hist-formula-runconstargs (Failed)
	623 - roottest-root-hist-formula-runrecurse (Failed)
	624 - roottest-root-hist-formula-runstring (Failed)
	625 - roottest-root-hist-misc-runownership (Failed)
	627 - roottest-root-hist-operator-runcopy (Failed)
	628 - roottest-root-hist-operator-runProjections (Failed)
	629 - roottest-root-hist-operator-runsparse (Failed)
	630 - roottest-root-hist-profile-runcopy (Failed)
	633 - roottest-root-html-runMakeIndex (Failed)
	635 - roottest-root-io-alloc-make (Failed)
	636 - roottest-root-io-arrayobject-make (Failed)
	638 - roottest-root-io-buffer-make (Failed)
	641 - roottest-root-io-complex-writeClassWithComplex (Failed)
	642 - roottest-root-io-complex-readClassWithComplex (Failed)
	643 - roottest-root-io-complex-writecomplex (Failed)
	644 - roottest-root-io-complex-readcomplex (Failed)
	649 - roottest-root-io-cpp11Containers-forwardList (Failed)
	651 - roottest-root-io-cpp11Containers-unorderedSet (Failed)
	653 - roottest-root-io-cpp11Containers-unorderedMap (Failed)
	654 - roottest-root-io-cpp11Containers-Names (Failed)
	655 - roottest-root-io-customCollection-make (Failed)
	656 - roottest-root-io-customStreamer-make (Failed)
	657 - roottest-root-io-datamodelevolution-make (Failed)
	658 - roottest-root-io-dirdelete-make (Failed)
	659 - roottest-root-io-directory-make (Failed)
	660 - roottest-root-io-double32-make (Failed)
	661 - roottest-root-io-emulated-make (Failed)
	663 - roottest-root-io-evolution-make (Failed)
	664 - roottest-root-io-fakeClass-make (Failed)
	665 - roottest-root-io-filemerger-make (Failed)
	666 - roottest-root-io-float16-make (Failed)
	667 - roottest-root-io-geo-make (Failed)
	668 - roottest-root-io-heritstl-make (Failed)
	669 - roottest-root-io-ignoretobject-make (Failed)
	670 - roottest-root-io-interface-make (Failed)
	672 - roottest-root-io-multipleInherit-make (Failed)
	673 - roottest-root-io-multizip-make (Failed)
	674 - roottest-root-io-namespacedict-make (Failed)
	675 - roottest-root-io-newClassDef-make (Failed)
	676 - roottest-root-io-newdelete-make (Failed)
	677 - roottest-root-io-newstl-make (Failed)
	679 - roottest-root-io-pointers-make (Failed)
	680 - roottest-root-io-prefetching-make (Failed)
	681 - roottest-root-io-recover-make (Failed)
	682 - roottest-root-io-references-make (Failed)
	683 - roottest-root-io-rootcint-make (Failed)
	685 - roottest-root-io-simple-make (Failed)
	686 - roottest-root-io-tclass-make (Failed)
	687 - roottest-root-io-transient-execAtomTransient (Failed)
	688 - roottest-root-io-transient-execDoxygenTransient (Failed)
	689 - roottest-root-io-transient-execDoxygenTransientInterp (Failed)
	690 - roottest-root-io-transient-execOld (Failed)
	691 - roottest-root-io-transient-execNew (Failed)
	693 - roottest-root-io-transient-execTransientNoctor (Failed)
	694 - roottest-root-io-transient-base-WriteFile (Failed)
	695 - roottest-root-io-transient-base-hadd_autoload (Failed)
	696 - roottest-root-io-tree-make (Failed)
	697 - roottest-root-io-treeForeign-make (Failed)
	698 - roottest-root-io-treeproblem-make (Failed)
	700 - roottest-root-io-vararyobj-make (Failed)
	701 - roottest-root-io-webfile-make (Failed)
	703 - roottest-root-io-withoutDictionaries-IOWithoutDictionaries (Failed)
	705 - roottest-root-io-withoutDictionaries-RowWiseNoProxyWarning (Failed)
	706 - roottest-root-io-xml-make (Failed)
	718 - roottest-root-meta-expressiveErrorMessages (Failed)
	720 - roottest-root-meta-execpragmasTest (Failed)
	722 - roottest-root-meta-loadernotapp (Failed)
	723 - roottest-root-meta-fornamespace-build (Failed)
	724 - roottest-root-meta-ANSTmpltInt-build (Failed)
	725 - roottest-root-meta-TmpltInt0-build (Failed)
	726 - roottest-root-meta-TmpltInt1-build (Failed)
	727 - roottest-root-meta-TmpltFloat-build (Failed)
	728 - roottest-root-meta-TmpltNoSpec-build (Failed)
	729 - roottest-root-meta-Event-build (Failed)
	730 - roottest-root-meta-runGetMissingDictionaries-auto (Failed)
	731 - roottest-root-meta-runInterpClassDef-auto (Failed)
	732 - roottest-root-meta-runInterpreterValue-auto (Failed)
	733 - roottest-root-meta-runMemberComments-auto (Failed)
	734 - roottest-root-meta-runSignalSlots-auto (Failed)
	735 - roottest-root-meta-runTEnum-auto (Failed)
	736 - roottest-root-meta-runautoload-auto (Failed)
	737 - roottest-root-meta-runmissingInfo-auto (Failed)
	738 - roottest-root-meta-runnamespace-auto (Failed)
	739 - roottest-root-meta-runnospace-auto (Failed)
	740 - roottest-root-meta-runtemplateAutoload-auto (Failed)
	741 - roottest-root-meta-runtemplateAutoloadInclude-auto (Failed)
	744 - roottest-root-meta-execExecuteObjArray-auto (Failed)
	745 - roottest-root-meta-execTypedefList-auto (Failed)
	746 - roottest-root-meta-execUnloading-auto (Failed)
	748 - roottest-root-meta-execpragmasTest-auto (Failed)
	749 - roottest-root-meta-execOptionList-auto (Failed)
	750 - roottest-root-meta-execString-auto (Failed)
	751 - roottest-root-meta-drawing (Failed)
	753 - roottest-root-meta-MakeProject-runatlasaod (Failed)
	754 - roottest-root-meta-MakeProject-runcms310 (Failed)
	755 - roottest-root-meta-MakeProject-runaliceesd (Failed)
	757 - roottest-root-meta-MakeProject-examples (Failed)
	758 - roottest-root-meta-MakeProject-stltest (Failed)
	762 - roottest-root-meta-ROOT-5694-execLoadLibs (Failed)
	763 - roottest-root-meta-ROOT-7181-make (Failed)
	764 - roottest-root-meta-ROOT-7462-make (Failed)
	768 - roottest-root-meta-autoloading-execAutoLoadEntriesAsSelected-auto (Failed)
	769 - roottest-root-meta-autoloading-execAutoloadOnInclusion-auto (Failed)
	770 - roottest-root-meta-autoloading-execTriggerTypedefs-auto (Failed)
	771 - roottest-root-meta-autoloading-exectypeDefAutoloading-auto (Failed)
	772 - roottest-root-meta-autoloading-execTypeinfo-auto (Failed)
	775 - roottest-root-meta-autoloading-NestedClasses-nestedTemplate (Failed)
	777 - roottest-root-meta-autoloading-NestedClasses-execNestedClasses (Failed)
	779 - roottest-root-meta-autoloading-classInNamespace-execClassInNamespace-auto (Failed)
	781 - roottest-root-meta-autoloading-headerParsingOnDemand-runFullheaderParsingOnDemand (Failed)
	783 - roottest-root-meta-autoloading-headerParsingOnDemand-execCheckComplexTypedefs (Failed)
	784 - roottest-root-meta-autoloading-headerParsingOnDemand-execLDAPAttribute (Failed)
	786 - roottest-root-meta-autoloading-headerParsingOnDemand-runscopedEnums (Failed)
	789 - roottest-root-meta-autoloading-templates-execTemplateAutoloading-auto (Failed)
	790 - roottest-root-meta-callfunc-runmemberFunc-auto (Failed)
	791 - roottest-root-meta-callfunc-runsimpleFunc-auto (Failed)
	792 - roottest-root-meta-callfunc-execResolveAt-auto (Failed)
	793 - roottest-root-meta-cmsUnload-make (Failed)
	795 - roottest-root-meta-dictSelection-execAtlasTest (Failed)
	797 - roottest-root-meta-dictSelection-execAtlasTest2 (Failed)
	799 - roottest-root-meta-dictSelection-classesDictSelection (Failed)
	802 - roottest-root-meta-enums-fclassVal (Failed)
	804 - roottest-root-meta-enums-qualifiedNames (Failed)
	806 - roottest-root-meta-enums-execEnumsTest (Failed)
	808 - roottest-root-meta-enums-execTEnumGetEnum (Failed)
	810 - roottest-root-meta-enums-enumsInNamespaces (Failed)
	812 - roottest-root-meta-enums-enumsInNamespaces2 (Failed)
	814 - roottest-root-meta-enums-duplicateEnums (Failed)
	815 - roottest-root-meta-evolution-data1-build (Failed)
	817 - roottest-root-meta-evolution-data2-build (Failed)
	819 - roottest-root-meta-evolution-data3-build (Failed)
	821 - roottest-root-meta-evolution-data4-build (Failed)
	823 - roottest-root-meta-evolution-data5-build (Failed)
	825 - roottest-root-meta-evolution-data6-build (Failed)
	827 - roottest-root-meta-evolution-checkWarn0 (Failed)
	828 - roottest-root-meta-evolution-checkWarn1 (Failed)
	829 - roottest-root-meta-evolution-checkWarn2 (Failed)
	830 - roottest-root-meta-evolution-checkWarn3 (Failed)
	831 - roottest-root-meta-evolution-checkWarn4 (Failed)
	832 - roottest-root-meta-evolution-checkWarn10 (Failed)
	833 - roottest-root-meta-evolution-checkWarn11 (Failed)
	834 - roottest-root-meta-evolution-checkWarn12 (Failed)
	835 - roottest-root-meta-evolution-checkWarn13 (Failed)
	836 - roottest-root-meta-evolution-checkWarn14 (Failed)
	837 - roottest-root-meta-evolution-checkWarn15 (Failed)
	838 - roottest-root-meta-evolution-checkWarn16 (Failed)
	839 - roottest-root-meta-evolution-checkWarn17 (Failed)
	840 - roottest-root-meta-evolution-checkWarn18 (Failed)
	841 - roottest-root-meta-evolution-execBaseClass_v1 (Failed)
	842 - roottest-root-meta-evolution-execBaseClass_v2 (Failed)
	843 - roottest-root-meta-evolution-baseClass_53410_v1 (Failed)
	844 - roottest-root-meta-evolution-baseClass_53410_v2 (Failed)
	845 - roottest-root-meta-evolution-baseClass_merge1 (Failed)
	846 - roottest-root-meta-evolution-baseClass_merge2 (Failed)
	847 - roottest-root-meta-evolution-execMixedBaseClass_v1 (Failed)
	848 - roottest-root-meta-evolution-execMixedBaseClass_v2 (Failed)
	849 - roottest-root-meta-evolution-mixedBase_53410_v1 (Failed)
	850 - roottest-root-meta-evolution-mixedBase_53410_v2 (Failed)
	851 - roottest-root-meta-evolution-mixedBase_merge1 (Failed)
	852 - roottest-root-meta-evolution-mixedBase_merge2 (Failed)
	853 - roottest-root-meta-evolution-execReadOldCSC (Failed)
	854 - roottest-root-meta-evolution-execCheckSum (Failed)
	855 - roottest-root-meta-evolution-execMissingCheckSum (Failed)
	856 - roottest-root-meta-evolution-version5-execNestedColl (Failed)
	857 - roottest-root-meta-fwdDecls-clingFwdDeclExample (Failed)
	859 - roottest-root-meta-fwdDecls-fwdDeclarations (Failed)
	860 - roottest-root-meta-genreflex-conflictingSelections (Failed)
	861 - roottest-root-meta-genreflex-equivalentSelections (Failed)
	862 - roottest-root-meta-genreflex-twoTypedefsOneClass (Failed)
	863 - roottest-root-meta-genreflex-privateClassXMLSelection (Failed)
	864 - roottest-root-meta-genreflex-privateClassFileSelection (Failed)
	865 - roottest-root-meta-genreflex-selectionDuplicate (Failed)
	867 - roottest-root-meta-genreflex-unsupportedClasses (Failed)
	872 - roottest-root-meta-genreflex-mangledName (Failed)
	874 - roottest-root-meta-genreflex-escapedQuotesRootmapGen (Failed)
	876 - roottest-root-meta-genreflex-escapedQuotesWriteTree (Failed)
	877 - roottest-root-meta-genreflex-escapedQuotesreadTree (Failed)
	878 - roottest-root-meta-genreflex-classSelectedTwice (Failed)
	879 - roottest-root-meta-genreflex-virtualInheritance (Failed)
	881 - roottest-root-meta-genreflex-typedefSelection (Failed)
	883 - roottest-root-meta-genreflex-stlPatternSelection (Failed)
	885 - roottest-root-meta-genreflex-CheckComplicatedAllocator (Failed)
	887 - roottest-root-meta-genreflex-ns (Failed)
	889 - roottest-root-meta-genreflex-attributesCheck (Failed)
	893 - roottest-root-meta-genreflex-ROOT-5627-exec5627 (Failed)
	895 - roottest-root-meta-genreflex-ROOT-5657-execloadLib (Failed)
	897 - roottest-root-meta-genreflex-ROOT-5690-execdummy (Failed)
	899 - roottest-root-meta-genreflex-ROOT-5696-exec5596 (Failed)
	901 - roottest-root-meta-genreflex-ROOT-5709-execlibLoad (Failed)
	903 - roottest-root-meta-genreflex-ROOT-5756-execLibLoad (Failed)
	905 - roottest-root-meta-genreflex-ROOT-5764-execLibLoad (Failed)
	906 - roottest-root-meta-genreflex-ROOT-5952-5952 (Failed)
	910 - roottest-root-meta-genreflex-ROOT-6796-attributesFromTypedef (Failed)
	912 - roottest-root-meta-genreflex-TClass-execbasic (Failed)
	938 - roottest-root-meta-genreflex-headersDuplicateKeys-headersDuplicateKeys (Failed)
	940 - roottest-root-meta-genreflex-iorules-DataModelV2genreflex (Failed)
	942 - roottest-root-meta-genreflex-rootPCMs-execFindBackPCMNames (Failed)
	944 - roottest-root-meta-iotypeioname-execionameiotype-auto (Failed)
	948 - roottest-root-meta-method-runexactMatch-auto (Failed)
	949 - roottest-root-meta-method-execCreateString-auto (Failed)
	950 - roottest-root-meta-method-execTemplate-auto (Failed)
	951 - roottest-root-meta-method-execConstMethod-auto (Failed)
	952 - roottest-root-meta-method-execConstructor-auto (Failed)
	953 - roottest-root-meta-method-offset-execmethodtest (Failed)
	954 - roottest-root-meta-naming-namingMatches-build (Failed)
	955 - roottest-root-meta-naming-execCheckNaming-auto (Failed)
	956 - roottest-root-meta-naming-execClassEditNormalize-auto (Failed)
	957 - roottest-root-meta-naming-execParamPack-auto (Failed)
	958 - roottest-root-meta-naming-execNamingMatches-auto (Failed)
	959 - roottest-root-meta-naming-execNamingMatchesNoHeader-auto (Failed)
	960 - roottest-root-meta-naming-execResolveTypedef-auto (Failed)
	962 - roottest-root-meta-rootmap-spaces-build (Failed)
	963 - roottest-root-meta-rootmap-runspaces (Failed)
	964 - roottest-root-meta-tclass-execBrowseNonAccessibleType (Failed)
	966 - roottest-root-meta-tclass-runclassref (Failed)
	967 - roottest-root-meta-tclass-tempParse-build (Failed)
	968 - roottest-root-meta-tclass-runtempParse (Failed)
	969 - roottest-root-meta-tclass-runpairs (Failed)
	970 - roottest-root-meta-tclass-classlib-build (Failed)
	971 - roottest-root-meta-tclass-execInterpClassNew (Failed)
	972 - roottest-root-meta-tclass-execProperties (Failed)
	973 - roottest-root-meta-tclass-libState-build (Failed)
	974 - roottest-root-meta-tclass-execState (Failed)
	975 - roottest-root-meta-tclass-execSharedPtr (Failed)
	976 - roottest-root-meta-tclass-execTmpltD (Failed)
	977 - roottest-root-meta-tclass-execTmpltD32 (Failed)
	978 - roottest-root-meta-tclass-execReadTmplt-build (Failed)
	979 - roottest-root-meta-tclass-execReadTmplt (Failed)
	981 - roottest-root-meta-tclass-execSimpleVector (Failed)
	982 - roottest-root-meta-tclass-regression-6020 (Failed)
	983 - roottest-root-meta-tclass-regression-execNormalizationInf (Failed)
	984 - roottest-root-meta-tclass-regression-execNormalizationInfPy (Failed)
	985 - roottest-root-meta-tclass-regression-execROOT_6038 (Failed)
	986 - roottest-root-meta-tclass-regression-execROOT_6019 (Failed)
	987 - roottest-root-meta-tclass-regression-execROOT_6277 (Failed)
	989 - roottest-root-multicore-procPoolTreeTest (Failed)
	991 - roottest-root-multicore-procPoolProcess (Failed)
	995 - roottest-root-multicore-current_dir (Failed)
	996 - roottest-root-multicore-exectstformula (Failed)
	997 - roottest-root-multicore-exectsautoparse (Failed)
	998 - roottest-root-multicore-exectsinclude (Failed)
	999 - roottest-root-multicore-execautoloadts (Failed)
	1012 - roottest-root-multicore-tsenums (Failed)
	1014 - roottest-root-multicore-semaphore (Failed)
	1016 - roottest-root-rint-TabCom (Failed)
	1017 - roottest-root-selector-simple-testSel-build (Failed)
	1018 - roottest-root-selector-simple-testSelector-build (Failed)
	1019 - roottest-root-selector-simple-runtestLoadingSelector (Failed)
	1020 - roottest-root-tree-addresses-make (Failed)
	1021 - roottest-root-tree-array-make (Failed)
	1022 - roottest-root-tree-basket-make (Failed)
	1023 - roottest-root-tree-branches-make (Failed)
	1024 - roottest-root-tree-cache-multiTree (Failed)
	1025 - roottest-root-tree-cache-autocache (Failed)
	1026 - roottest-root-tree-cache-cachedChain (Failed)
	1027 - roottest-root-tree-cache-TestCache (Failed)
	1029 - roottest-root-tree-cache-perfstattest (Failed)
	1030 - roottest-root-tree-chain-make (Failed)
	1031 - roottest-root-tree-cloning-make (Failed)
	1032 - roottest-root-tree-entrylist-make (Failed)
	1033 - roottest-root-tree-evolution-make (Failed)
	1034 - roottest-root-tree-fastcloning-make (Failed)
	1035 - roottest-root-tree-friend-make (Failed)
	1036 - roottest-root-tree-index-make (Failed)
	1038 - roottest-root-tree-leaves-make (Failed)
	1039 - roottest-root-tree-query-make (Failed)
	1040 - roottest-root-tree-reader-make (Failed)
	1041 - roottest-root-tree-readfile-make (Failed)
	1042 - roottest-root-tree-selector-make (Failed)
	1043 - roottest-root-tree-selectorreader-make (Failed)
	1045 - roottest-root-tree-stl-make (Failed)
	1046 - roottest-root-tree-string-make (Failed)
	1047 - roottest-root-tree-tcut-make (Failed)
	1048 - roottest-root-tree-treeproblem-make (Failed)
	1050 - roottest-root-treeformula-array-make (Failed)
	1051 - roottest-root-treeformula-casting-make (Failed)
	1052 - roottest-root-treeformula-clones-make (Failed)
	1055 - roottest-root-treeformula-evolution-make (Failed)
	1056 - roottest-root-treeformula-formulaio-make (Failed)
	1057 - roottest-root-treeformula-function-make (Failed)
	1058 - roottest-root-treeformula-morrison-make (Failed)
	1059 - roottest-root-treeformula-ntuple-make (Failed)
	1060 - roottest-root-treeformula-operator-make (Failed)
	1061 - roottest-root-treeformula-parse-make (Failed)
	1062 - roottest-root-treeformula-references-make (Failed)
	1063 - roottest-root-treeformula-retobj-make (Failed)
	1064 - roottest-root-treeformula-scan-make (Failed)
	1066 - roottest-root-treeformula-stl-make (Failed)
	1067 - roottest-root-treeformula-string-make (Failed)
	1068 - roottest-root-treeformula-sync-make (Failed)
	1069 - roottest-root-treeproxy-make (Failed)
